
-------- May 21, 2021, 12:33 am --------

  Errors:
    Failed to connect to MySQL: (1045) Access denied for user 'fortestingstuf'@'40.113.207.254' (using password: NO)


-------- May 22, 2021, 12:35 am --------

  Logged events:
    The following player aliases have been updated, table: 'SourceTV_Survival_PlayerInfo':
		test changed to ULTRA (row 3) (dc_prevName)
		poopoo head changed to deinemudda65 (row 13) 
		Tommy boi changed to Tom (row 27) 
		asdaaaf changed to deinemudda65 (row 51) 
		toshly changed to tosh (row 75) 
		ultra changed to ULTRA (row 1040) 

    Error retrieving player image for Fledermaus [76561198837527837]. skipping..
    Error retrieving player image for Fuck NA.Young Boy [76561198386479855]. skipping..
    Error retrieving player image for Rouss [76561198372054161]. skipping..


-------- May 23, 2021, 12:38 am --------

  Logged events:
    The following player aliases have been updated, table: 'SourceTV_Survival_PlayerInfo':
		REYDELHL changed to SCaliN (row 3085) 
		UserŃame123 changed to itsNyash (row 3702) 
		UserŃame123 changed to itsNyash (row 3706) 
		UserŃame123 changed to itsNyash (row 3710) 
		UserŃame123 changed to itsNyash (row 3809) 
		UserŃame123 changed to itsNyash (row 3817) 
		UserŃame123 changed to itsNyash (row 3820) 
		UserŃame123 changed to itsNyash (row 3827) 
		UserŃame123 changed to itsNyash (row 4008) 
		UserŃame123 changed to itsNyash (row 4012) 
		UserŃame123 changed to itsNyash (row 4018) 
		UserŃame123 changed to itsNyash (row 4024) 
		UserŃame123 changed to itsNyash (row 4030) 
		UserŃame123 changed to itsNyash (row 4120) 
		UserŃame123 changed to itsNyash (row 4124) 
		UserŃame123 changed to itsNyash (row 4198) 
		UserŃame123 changed to itsNyash (row 4308) 
		UserŃame123 changed to itsNyash (row 4310) 
		UserŃame123 changed to itsNyash (row 4315) 
		UserŃame123 changed to itsNyash (row 4321) 
		UserŃame123 changed to itsNyash (row 4337) 
		UserŃame123 changed to itsNyash (row 4341) 
		UserŃame123 changed to itsNyash (row 4366) 
		UserŃame123 changed to itsNyash (row 4367) 
		UserŃame123 changed to itsNyash (row 4369) 
		UserŃame123 changed to itsNyash (row 4381) 
		UserŃame123 changed to itsNyash (row 4425) 
		UserŃame123 changed to itsNyash (row 4430) 
		UserŃame123 changed to itsNyash (row 4543) 
		UserŃame123 changed to itsNyash (row 4544) 
		UserŃame123 changed to itsNyash (row 4569) 
		UserŃame123 changed to itsNyash (row 4690) 
		UserŃame123 changed to itsNyash (row 4737) 
		UserŃame123 changed to itsNyash (row 4739) 
		UserŃame123 changed to itsNyash (row 4745) 
		UserŃame123 changed to itsNyash (row 4758) 
		UserŃame123 changed to itsNyash (row 4778) 
		UserŃame123 changed to itsNyash (row 4839) 
		UserŃame123 changed to itsNyash (row 4917) 
		UserŃame123 changed to itsNyash (row 4926) 
		UserŃame123 changed to itsNyash (row 4929) 
		UserŃame123 changed to itsNyash (row 5149) 
		UserŃame123 changed to itsNyash (row 5153) 
		UserŃame123 changed to itsNyash (row 5157) 
		UserŃame123 changed to itsNyash (row 5161) 

    The following player aliases have been updated, table: 'SourceTV_Survival_LoggedEvents':
		REYDELHL changed to SCaliN (row 51) 
		REYDELHL changed to SCaliN (row 52) 

    Error retrieving player image for Fledermaus [76561198837527837]. skipping..
    Error retrieving player image for Fuck NA.Young Boy [76561198386479855]. skipping..
    Error retrieving player image for Rouss [76561198372054161]. skipping..


-------- May 24, 2021, 12:36 am --------

  Logged events:
    Error retrieving player image for Fledermaus [76561198837527837]. skipping..
    Error retrieving player image for Fuck NA.Young Boy [76561198386479855]. skipping..
    Error retrieving player image for Rouss [76561198372054161]. skipping..


-------- May 25, 2021, 12:37 am --------

  Logged events:
    Error retrieving player image for Fledermaus [76561198837527837]. skipping..
    Error retrieving player image for Fuck NA.Young Boy [76561198386479855]. skipping..
    Error retrieving player image for Rouss [76561198372054161]. skipping..


-------- May 26, 2021, 12:42 am --------

  Logged events:
    Error retrieving player image for Fledermaus [76561198837527837]. skipping..
    Error retrieving player image for Fuck NA.Young Boy [76561198386479855]. skipping..
    Error retrieving player image for Rouss [76561198372054161]. skipping..


-------- May 27, 2021, 12:45 am --------

  Logged events:
    Error retrieving player image for Fledermaus [76561198837527837]. skipping..
    Error retrieving player image for Fuck NA.Young Boy [76561198386479855]. skipping..
    Error retrieving player image for Rouss [76561198372054161]. skipping..


-------- May 27, 2021, 1:54 am --------

  Logged events:
    Error retrieving player image for Fledermaus [76561198837527837]. skipping..
    Error retrieving player image for Fuck NA.Young Boy [76561198386479855]. skipping..
    Error retrieving player image for Rouss [76561198372054161]. skipping..


-------- May 27, 2021, 2:07 am --------

  Logged events:
    Error retrieving player image for Fledermaus [76561198837527837]. skipping..
    Error retrieving player image for Fuck NA.Young Boy [76561198386479855]. skipping..
    Error retrieving player image for Rouss [76561198372054161]. skipping..


-------- May 27, 2021, 2:57 am --------

  Logged events:
    Error retrieving player image for Fledermaus [76561198837527837]. skipping..
    Error retrieving player image for Fuck NA.Young Boy [76561198386479855]. skipping..
    Error retrieving player image for Rouss [76561198372054161]. skipping..


-------- May 27, 2021, 5:12 am --------

  Logged events:
    Error retrieving player image for Fledermaus [76561198837527837]. skipping..
    Error retrieving player image for Fuck NA.Young Boy [76561198386479855]. skipping..
    Error retrieving player image for Rouss [76561198372054161]. skipping..


-------- May 27, 2021, 8:48 am --------

  Logged events:
    Error retrieving player image for Fledermaus [76561198837527837]. skipping..
    Error retrieving player image for Fuck NA.Young Boy [76561198386479855]. skipping..
    Error retrieving player image for Rouss [76561198372054161]. skipping..


-------- May 27, 2021, 12:50 pm --------

  Logged events:
    Error retrieving player image for Fledermaus [76561198837527837]. skipping..
    Error retrieving player image for Fuck NA.Young Boy [76561198386479855]. skipping..
    Error retrieving player image for Rouss [76561198372054161]. skipping..


-------- May 27, 2021, 5:19 pm --------

  Logged events:
    Error retrieving player image for Fledermaus [76561198837527837]. skipping..
    Error retrieving player image for Fuck NA.Young Boy [76561198386479855]. skipping..
    Error retrieving player image for Rouss [76561198372054161]. skipping..


-------- May 27, 2021, 8:36 pm --------

  Logged events:
    Error retrieving player image for Fledermaus [76561198837527837]. skipping..
    Error retrieving player image for Fuck NA.Young Boy [76561198386479855]. skipping..
    Error retrieving player image for Rouss [76561198372054161]. skipping..


-------- May 28, 2021, 1:57 am --------

  Logged events:
    Error retrieving player image for Fledermaus [76561198837527837]. skipping..
    Error retrieving player image for Fuck NA.Young Boy [76561198386479855]. skipping..
    Error retrieving player image for Rouss [76561198372054161]. skipping..


-------- May 28, 2021, 5:38 am --------

  Logged events:
    Error retrieving player image for Fledermaus [76561198837527837]. skipping..
    Error retrieving player image for Fuck NA.Young Boy [76561198386479855]. skipping..
    Error retrieving player image for Rouss [76561198372054161]. skipping..


-------- May 28, 2021, 8:51 am --------

  Logged events:
    Error retrieving player image for Fledermaus [76561198837527837]. skipping..
    Error retrieving player image for Fuck NA.Young Boy [76561198386479855]. skipping..
    Error retrieving player image for Rouss [76561198372054161]. skipping..


-------- May 28, 2021, 12:58 pm --------

  Logged events:
    Error retrieving player image for Fledermaus [76561198837527837]. skipping..
    Error retrieving player image for Fuck NA.Young Boy [76561198386479855]. skipping..
    Error retrieving player image for Rouss [76561198372054161]. skipping..


-------- May 28, 2021, 5:18 pm --------

  Logged events:
    Error retrieving player image for Fledermaus [76561198837527837]. skipping..
    Error retrieving player image for Fuck NA.Young Boy [76561198386479855]. skipping..
    Error retrieving player image for Rouss [76561198372054161]. skipping..


-------- May 28, 2021, 8:44 pm --------

  Logged events:
    Error retrieving player image for Fledermaus [76561198837527837]. skipping..
    Error retrieving player image for Fuck NA.Young Boy [76561198386479855]. skipping..
    Error retrieving player image for Rouss [76561198372054161]. skipping..


-------- May 29, 2021, 2:13 am --------

  Logged events:
    Error retrieving player image for Fledermaus [76561198837527837]. skipping..
    Error retrieving player image for Fuck NA.Young Boy [76561198386479855]. skipping..
    Error retrieving player image for Rouss [76561198372054161]. skipping..


-------- May 29, 2021, 6:04 am --------

  Errors:
    helpers.php : GetProfileImage() : Check 'STEAM_WEB_API' define. Aborting


-------- May 29, 2021, 9:03 am --------

  Logged events:
    Error retrieving player image for Fledermaus [76561198837527837]. skipping..
    Error retrieving player image for Fuck NA.Young Boy [76561198386479855]. skipping..
    Error retrieving player image for Rouss [76561198372054161]. skipping..


-------- May 29, 2021, 1:01 pm --------

  Logged events:
    Error retrieving player image for Fledermaus [76561198837527837]. skipping..
    Error retrieving player image for Fuck NA.Young Boy [76561198386479855]. skipping..
    Error retrieving player image for Rouss [76561198372054161]. skipping..


-------- May 29, 2021, 5:23 pm --------

  Logged events:
    Error retrieving player image for Fledermaus [76561198837527837]. skipping..
    Error retrieving player image for Fuck NA.Young Boy [76561198386479855]. skipping..
    Error retrieving player image for Rouss [76561198372054161]. skipping..


-------- May 29, 2021, 8:49 pm --------

  Logged events:
    Error retrieving player image for Fledermaus [76561198837527837]. skipping..
    Error retrieving player image for Fuck NA.Young Boy [76561198386479855]. skipping..
    Error retrieving player image for Rouss [76561198372054161]. skipping..


-------- May 30, 2021, 2:29 am --------

  Logged events:
    Error retrieving player image for Fledermaus [76561198837527837]. skipping..
    Error retrieving player image for Fuck NA.Young Boy [76561198386479855]. skipping..
    Error retrieving player image for Rouss [76561198372054161]. skipping..


-------- May 30, 2021, 5:48 am --------

  Logged events:
    Error retrieving player image for Fledermaus [76561198837527837]. skipping..
    Error retrieving player image for Fuck NA.Young Boy [76561198386479855]. skipping..
    Error retrieving player image for Rouss [76561198372054161]. skipping..


-------- May 30, 2021, 8:48 am --------

  Logged events:
    Error retrieving player image for Fledermaus [76561198837527837]. skipping..
    Error retrieving player image for Fuck NA.Young Boy [76561198386479855]. skipping..
    Error retrieving player image for Rouss [76561198372054161]. skipping..


-------- May 30, 2021, 1:00 pm --------

  Logged events:
    Error retrieving player image for Fledermaus [76561198837527837]. skipping..
    Error retrieving player image for Fuck NA.Young Boy [76561198386479855]. skipping..
    Error retrieving player image for Rouss [76561198372054161]. skipping..


-------- May 30, 2021, 5:21 pm --------

  Logged events:
    Error retrieving player image for Fledermaus [76561198837527837]. skipping..
    Error retrieving player image for Fuck NA.Young Boy [76561198386479855]. skipping..
    Error retrieving player image for Rouss [76561198372054161]. skipping..


-------- May 30, 2021, 8:49 pm --------

  Logged events:
    Error retrieving player image for Fledermaus [76561198837527837]. skipping..
    Error retrieving player image for Fuck NA.Young Boy [76561198386479855]. skipping..
    Error retrieving player image for Rouss [76561198372054161]. skipping..


-------- May 31, 2021, 2:39 am --------

  Logged events:
    Error retrieving player image for Fledermaus [76561198837527837]. skipping..
    Error retrieving player image for Fuck NA.Young Boy [76561198386479855]. skipping..
    Error retrieving player image for Rouss [76561198372054161]. skipping..


-------- May 31, 2021, 5:53 am --------

  Logged events:
    Error retrieving player image for Fledermaus [76561198837527837]. skipping..
    Error retrieving player image for Fuck NA.Young Boy [76561198386479855]. skipping..
    Error retrieving player image for Rouss [76561198372054161]. skipping..


-------- May 31, 2021, 9:10 am --------

  Logged events:
    Error retrieving player image for Fledermaus [76561198837527837]. skipping..
    Error retrieving player image for Fuck NA.Young Boy [76561198386479855]. skipping..
    Error retrieving player image for Rouss [76561198372054161]. skipping..


-------- May 31, 2021, 1:04 pm --------

  Logged events:
    Error retrieving player image for Fledermaus [76561198837527837]. skipping..
    Error retrieving player image for Fuck NA.Young Boy [76561198386479855]. skipping..
    Error retrieving player image for Rouss [76561198372054161]. skipping..


-------- May 31, 2021, 5:44 pm --------

  Logged events:
    Error retrieving player image for Fledermaus [76561198837527837]. skipping..
    Error retrieving player image for Fuck NA.Young Boy [76561198386479855]. skipping..
    Error retrieving player image for Rouss [76561198372054161]. skipping..


-------- May 31, 2021, 9:19 pm --------

  Logged events:
    Error retrieving player image for Fledermaus [76561198837527837]. skipping..
    Error retrieving player image for Fuck NA.Young Boy [76561198386479855]. skipping..
    Error retrieving player image for Rouss [76561198372054161]. skipping..


-------- June 1, 2021, 3:08 am --------

  Logged events:
    Error retrieving player image for Fledermaus [76561198837527837]. skipping..
    Error retrieving player image for Fuck NA.Young Boy [76561198386479855]. skipping..
    Error retrieving player image for Rouss [76561198372054161]. skipping..


-------- June 1, 2021, 6:14 am --------

  Logged events:
    Error retrieving player image for Fledermaus [76561198837527837]. skipping..
    Error retrieving player image for Fuck NA.Young Boy [76561198386479855]. skipping..
    Error retrieving player image for Rouss [76561198372054161]. skipping..


-------- June 1, 2021, 9:28 am --------

  Logged events:
    Error retrieving player image for Fledermaus [76561198837527837]. skipping..
    Error retrieving player image for Fuck NA.Young Boy [76561198386479855]. skipping..
    Error retrieving player image for Rouss [76561198372054161]. skipping..


-------- June 1, 2021, 1:18 pm --------

  Logged events:
    Error retrieving player image for Fledermaus [76561198837527837]. skipping..
    Error retrieving player image for Fuck NA.Young Boy [76561198386479855]. skipping..
    Error retrieving player image for Rouss [76561198372054161]. skipping..


-------- June 1, 2021, 6:13 pm --------

  Logged events:
    Error retrieving player image for Fledermaus [76561198837527837]. skipping..
    Error retrieving player image for Fuck NA.Young Boy [76561198386479855]. skipping..
    Error retrieving player image for Rouss [76561198372054161]. skipping..


-------- June 1, 2021, 9:35 pm --------

  Logged events:
    Error retrieving player image for Fledermaus [76561198837527837]. skipping..
    Error retrieving player image for Fuck NA.Young Boy [76561198386479855]. skipping..
    Error retrieving player image for Rouss [76561198372054161]. skipping..


-------- June 2, 2021, 3:10 am --------

  Logged events:
    Error retrieving player image for Fledermaus [76561198837527837]. skipping..
    Error retrieving player image for Fuck NA.Young Boy [76561198386479855]. skipping..
    Error retrieving player image for Rouss [76561198372054161]. skipping..


-------- June 2, 2021, 6:20 am --------

  Logged events:
    Error retrieving player image for Fledermaus [76561198837527837]. skipping..
    Error retrieving player image for Fuck NA.Young Boy [76561198386479855]. skipping..
    Error retrieving player image for Rouss [76561198372054161]. skipping..


-------- June 2, 2021, 10:06 am --------

  Logged events:
    Error retrieving player image for Fledermaus [76561198837527837]. skipping..
    Error retrieving player image for Fuck NA.Young Boy [76561198386479855]. skipping..
    Error retrieving player image for Rouss [76561198372054161]. skipping..


-------- June 2, 2021, 1:27 pm --------

  Logged events:
    Error retrieving player image for Fledermaus [76561198837527837]. skipping..
    Error retrieving player image for Fuck NA.Young Boy [76561198386479855]. skipping..
    Error retrieving player image for Rouss [76561198372054161]. skipping..


-------- June 2, 2021, 6:24 pm --------

  Logged events:
    Error retrieving player image for Fledermaus [76561198837527837]. skipping..
    Error retrieving player image for Fuck NA.Young Boy [76561198386479855]. skipping..
    Error retrieving player image for Rouss [76561198372054161]. skipping..


-------- June 2, 2021, 9:29 pm --------

  Logged events:
    Error retrieving player image for Fledermaus [76561198837527837]. skipping..
    Error retrieving player image for Fuck NA.Young Boy [76561198386479855]. skipping..
    Error retrieving player image for Rouss [76561198372054161]. skipping..


-------- June 3, 2021, 2:44 am --------

  Logged events:
    Error retrieving player image for Fledermaus [76561198837527837]. skipping..
    Error retrieving player image for Fuck NA.Young Boy [76561198386479855]. skipping..
    Error retrieving player image for Rouss [76561198372054161]. skipping..


-------- June 3, 2021, 5:58 am --------

  Logged events:
    Error retrieving player image for Fledermaus [76561198837527837]. skipping..
    Error retrieving player image for Fuck NA.Young Boy [76561198386479855]. skipping..
    Error retrieving player image for Rouss [76561198372054161]. skipping..


-------- June 3, 2021, 9:08 am --------

  Logged events:
    Error retrieving player image for Fledermaus [76561198837527837]. skipping..
    Error retrieving player image for Fuck NA.Young Boy [76561198386479855]. skipping..
    Error retrieving player image for Rouss [76561198372054161]. skipping..


-------- June 3, 2021, 1:00 pm --------

  Logged events:
    Error retrieving player image for Fledermaus [76561198837527837]. skipping..
    Error retrieving player image for Fuck NA.Young Boy [76561198386479855]. skipping..
    Error retrieving player image for Rouss [76561198372054161]. skipping..


-------- June 3, 2021, 5:54 pm --------

  Logged events:
    Error retrieving player image for Fledermaus [76561198837527837]. skipping..
    Error retrieving player image for Fuck NA.Young Boy [76561198386479855]. skipping..
    Error retrieving player image for Rouss [76561198372054161]. skipping..


-------- June 3, 2021, 9:21 pm --------

  Logged events:
    Error retrieving player image for Fledermaus [76561198837527837]. skipping..
    Error retrieving player image for Fuck NA.Young Boy [76561198386479855]. skipping..
    Error retrieving player image for Rouss [76561198372054161]. skipping..


-------- June 4, 2021, 2:04 am --------

  Logged events:
    Error retrieving player image for Fledermaus [76561198837527837]. skipping..
    Error retrieving player image for Fuck NA.Young Boy [76561198386479855]. skipping..
    Error retrieving player image for Rouss [76561198372054161]. skipping..


-------- June 4, 2021, 5:45 am --------

  Logged events:
    Error retrieving player image for Fledermaus [76561198837527837]. skipping..
    Error retrieving player image for Fuck NA.Young Boy [76561198386479855]. skipping..
    Error retrieving player image for Rouss [76561198372054161]. skipping..

