
-------- February 1, 2023, 8:55 am --------

  Logged events:
    Error retrieving player name for [76561198399505840]. skipping..
    Error retrieving player name for [76561198043045620]. skipping..
    Error retrieving player name for [76561199046920118]. skipping..
    Error retrieving player image for Skitter Sprint [76561198850188338]. skipping..
    Error retrieving player name for [76561199227563129]. skipping..
    Error retrieving player image for ★Thug-Life★ [76561197998177692]. skipping..
    Error retrieving player name for [76561199046920118]. skipping..
    Error retrieving player name for [76561199046920118]. skipping..
    Error retrieving player name for [STEAM_ID_STOP_IGNORING_]. skipping..


-------- February 12, 2023, 2:17 am --------

  Logged events:
    Error retrieving player name for [76561198399505840]. skipping..
    Error retrieving player name for [76561198043045620]. skipping..
    Error retrieving player name for [76561199046920118]. skipping..
    Error retrieving player name for [76561199227563129]. skipping..
    Error retrieving player image for ★Thug-Life★ [76561197998177692]. skipping..
    Error retrieving player name for [76561199046920118]. skipping..
    Error retrieving player name for [76561199046920118]. skipping..
    Error retrieving player name for [STEAM_ID_STOP_IGNORING_]. skipping..


-------- February 12, 2023, 8:54 am --------

  Logged events:
    Error retrieving player name for [76561198399505840]. skipping..
    Error retrieving player name for [76561198043045620]. skipping..
    Error retrieving player name for [76561199046920118]. skipping..
    Error retrieving player image for XprofitX [76561198308806604]. skipping..
    Error retrieving player image for xumiie [76561198309700520]. skipping..
    Error retrieving player image for Xxghostkilla [76561198251207140]. skipping..
    Error retrieving player image for Larshubneth [76561199127379211]. skipping..
    Error retrieving player name for [76561198090986325]. skipping..
    Error retrieving player name for [76561198053255092]. skipping..
    Error retrieving player image for brush.x.fire [76561198019125238]. skipping..
    Error retrieving player name for [76561198115877047]. skipping..
    Error retrieving player image for Bubword [76561199080900461]. skipping..
    Error retrieving player name for [76561199227563129]. skipping..
    Error retrieving player image for ★Thug-Life★ [76561197998177692]. skipping..
    Error retrieving player name for [76561199046920118]. skipping..
    Error retrieving player name for [76561199046920118]. skipping..
    Error retrieving player name for [STEAM_ID_STOP_IGNORING_]. skipping..


-------- February 13, 2023, 2:15 am --------

  Logged events:
    Error retrieving player name for [76561198399505840]. skipping..
    Error retrieving player name for [76561198043045620]. skipping..
    Error retrieving player name for [76561199046920118]. skipping..
    Error retrieving player name for [76561199227563129]. skipping..
    Error retrieving player name for [76561199046920118]. skipping..
    Error retrieving player name for [76561199046920118]. skipping..
    Error retrieving player name for [STEAM_ID_STOP_IGNORING_]. skipping..


-------- February 13, 2023, 8:55 am --------

  Logged events:
    Error retrieving player name for [76561198399505840]. skipping..
    Error retrieving player name for [76561198043045620]. skipping..
    Error retrieving player name for [76561199046920118]. skipping..
    Error retrieving player image for kmsardar4 [76561198819136530]. skipping..
    Error retrieving player image for Yusa (military on 28th :D) [76561198131794538]. skipping..
    Error retrieving player name for [76561197987864717]. skipping..
    Error retrieving player name for [76561199037564461]. skipping..
    Error retrieving player name for [76561198091322626]. skipping..
    Error retrieving player name for [76561199047524923]. skipping..
    Error retrieving player image for __Myst [76561198004978383]. skipping..
    Error retrieving player name for [76561198204104784]. skipping..
    Error retrieving player name for [76561199447220952]. skipping..
    Error retrieving player image for Masaru :) [76561199077136971]. skipping..
    Error retrieving player name for [76561198037893823]. skipping..
    Error retrieving player name for [76561199044432472]. skipping..
    Error retrieving player name for [76561199201944921]. skipping..
    Error retrieving player image for 爱吃鸡腿的tantan [76561198105817964]. skipping..
    Error retrieving player image for A W I N [76561198316863424]. skipping..
    Error retrieving player name for [76561199121182719]. skipping..
    Error retrieving player image for banner [76561199196967003]. skipping..
    Error retrieving player name for [76561198400652601]. skipping..
    Error retrieving player name for [76561198343425687]. skipping..
    Error retrieving player name for [76561198018766246]. skipping..
    Error retrieving player name for [76561199292809981]. skipping..
    Error retrieving player name for [76561199143434344]. skipping..
    Error retrieving player name for [76561198836274533]. skipping..
    Error retrieving player name for [76561198021972554]. skipping..
    Error retrieving player name for [76561198170206615]. skipping..
    Error retrieving player image for dr Spezza [76561198018795247]. skipping..
    Error retrieving player image for Dracula™ [76561198010469724]. skipping..
    Error retrieving player image for bAYID [76561199137829567]. skipping..
    Error retrieving player image for orgullocobay [76561199239656165]. skipping..
    Error retrieving player name for [76561198172092483]. skipping..
    Error retrieving player image for RAMBO [76561198006634382]. skipping..
    Error retrieving player image for ryan [76561199211977313]. skipping..
    Error retrieving player name for [76561199227563129]. skipping..
    Error retrieving player name for [76561199407062499]. skipping..
    Error retrieving player name for [76561198029593271]. skipping..
    Error retrieving player image for ReuK_BuL [76561198262320232]. skipping..
    Error retrieving player name for [76561197971204197]. skipping..
    Error retrieving player image for scoundrel [76561198321231950]. skipping..
    Error retrieving player image for shade [76561198803965568]. skipping..
    Error retrieving player image for SimonPegg [76561198999831251]. skipping..
    Error retrieving player image for supremewormy [76561198272049740]. skipping..
    Error retrieving player image for TooFreeBoy [76561199072096982]. skipping..
    Error retrieving player image for ToOoP [76561198017063981]. skipping..
    Error retrieving player image for 貓の報恩๑大貓 [76561198439668007]. skipping..
    Error retrieving player name for [76561198846209474]. skipping..
    Error retrieving player name for [76561198046076932]. skipping..
    Error retrieving player name for [76561198410388521]. skipping..
    Error retrieving player name for [76561199076925118]. skipping..
    Error retrieving player name for [76561199137568948]. skipping..
    Error retrieving player image for Manny [76561197983044003]. skipping..
    Error retrieving player name for [76561199046920118]. skipping..
    Error retrieving player name for [76561199046920118]. skipping..
    Error retrieving player name for [STEAM_ID_STOP_IGNORING_]. skipping..


-------- February 13, 2023, 5:02 pm --------

  Logged events:
    Error retrieving player name for [76561198399505840]. skipping..
    Error retrieving player name for [76561198043045620]. skipping..
    Error retrieving player name for [76561199046920118]. skipping..
    Error retrieving player name for [76561199227563129]. skipping..
    Error retrieving player name for [76561199046920118]. skipping..
    Error retrieving player name for [76561199046920118]. skipping..
    Error retrieving player name for [STEAM_ID_STOP_IGNORING_]. skipping..


-------- February 14, 2023, 4:35 pm --------

  Logged events:
    Error retrieving player name for [76561198399505840]. skipping..
    Error retrieving player name for [76561199307247615]. skipping..
    Error retrieving player name for [76561199068994932]. skipping..
    Error retrieving player image for Weekly Quest Enjoyer [76561198049226025]. skipping..
    Error retrieving player name for [76561199203017083]. skipping..
    Error retrieving player name for [76561198169018697]. skipping..
    Error retrieving player name for [76561199164828272]. skipping..
    Error retrieving player image for ChenAli [76561199323855171]. skipping..
    Error retrieving player image for Chiper_007 [76561198281830301]. skipping..
    Error retrieving player name for [76561199044807749]. skipping..
    Error retrieving player image for colonialmarine9 [76561197977224004]. skipping..
    Error retrieving player image for madder [76561199061083454]. skipping..
    Error retrieving player image for Conflict_Int [76561198971418349]. skipping..
    Error retrieving player image for OmeGa [76561198835052331]. skipping..
    Error retrieving player image for Cowwy (Mr.Cow, Mooey) [76561198014940495]. skipping..
    Error retrieving player name for [76561198070636407]. skipping..
    Error retrieving player image for CR7  dabking [76561198263467343]. skipping..
    Error retrieving player name for [76561199239003010]. skipping..
    Error retrieving player name for [76561198158095029]. skipping..
    Error retrieving player image for Cԋҽҽƚσʂ [76561197967560194]. skipping..
    Error retrieving player image for d( &#039;-_-)b^Zanuff [76561198060862448]. skipping..
    Error retrieving player name for [76561199140231642]. skipping..
    Error retrieving player image for DAGGER [76561199091211123]. skipping..
    Error retrieving player name for [76561198091988939]. skipping..
    Error retrieving player name for [76561199003254133]. skipping..
    Error retrieving player name for [76561198086587943]. skipping..
    Error retrieving player image for DarkSaintG [76561199220826907]. skipping..
    Error retrieving player image for dcutbtw [76561199065670640]. skipping..
    Error retrieving player image for brah [76561199195087686]. skipping..
    Error retrieving player name for [76561199226019966]. skipping..
    Error retrieving player image for Rina Tennoji [76561198077269608]. skipping..
    Error retrieving player image for DeVel0pE [76561198372597585]. skipping..
    Error retrieving player name for [76561198093898528]. skipping..
    Error retrieving player name for [76561198074443329]. skipping..
    Error retrieving player name for [76561199229679351]. skipping..
    Error retrieving player image for Dibbo [76561198032105883]. skipping..
    Error retrieving player name for [76561198403177661]. skipping..
    Error retrieving player image for Dissident [76561198005720534]. skipping..
    Error retrieving player image for dog [76561198242818876]. skipping..
    Error retrieving player image for dom [76561198079289142]. skipping..
    Error retrieving player name for [76561199219585469]. skipping..
    Error retrieving player name for [76561199140471570]. skipping..
    Error retrieving player name for [76561198202036310]. skipping..
    Error retrieving player name for [76561198021090912]. skipping..
    Error retrieving player name for [76561198085370638]. skipping..
    Error retrieving player name for [76561198853618018]. skipping..
    Error retrieving player name for [76561198043045620]. skipping..
    Error retrieving player name for [76561198258143266]. skipping..
    Error retrieving player image for dro [76561198147125400]. skipping..
    Error retrieving player image for DrSp1cy [76561199152506553]. skipping..
    Error retrieving player image for Dræghy [76561198252417898]. skipping..
    Error retrieving player name for [76561198137825363]. skipping..
    Error retrieving player name for [76561199467507779]. skipping..
    Error retrieving player image for Dwaw of Waw [76561199015718944]. skipping..
    Error retrieving player image for Maverik [76561198056298049]. skipping..
    Error retrieving player image for Dzeko [76561197963516972]. skipping..
    Error retrieving player name for [76561198998259180]. skipping..
    Error retrieving player name for [76561198852564504]. skipping..
    Error retrieving player image for Eddi Blues [76561198370133463]. skipping..
    Error retrieving player image for Edga [76561198057903283]. skipping..
    Error retrieving player name for [76561199046920118]. skipping..
    Error retrieving player image for ei ~♫ [76561199337079379]. skipping..
    Error retrieving player name for [76561198089463603]. skipping..
    Error retrieving player name for [76561198436737304]. skipping..
    Error retrieving player name for [76561199115881906]. skipping..
    Error retrieving player image for ファイア [76561198053268195]. skipping..
    Error retrieving player image for Nuts [76561198163825955]. skipping..
    Error retrieving player name for [76561199236039925]. skipping..
    Error retrieving player image for kalterstahl [76561198394944418]. skipping..
    Error retrieving player image for Nash [76561198104229129]. skipping..
    Error retrieving player name for [76561199120567778]. skipping..
    Error retrieving player name for [76561199256753361]. skipping..
    Error retrieving player name for [76561199093280815]. skipping..
    Error retrieving player image for FMR [76561198158097654]. skipping..
    Error retrieving player name for [76561197980946491]. skipping..
    Error retrieving player image for Fenix [76561198353895793]. skipping..
    Error retrieving player image for figurante [76561198308053030]. skipping..
    Error retrieving player name for [76561199121631074]. skipping..
    Error retrieving player image for White Cube [76561197994982822]. skipping..
    Error retrieving player image for for fun gamer [76561198050547079]. skipping..
    Error retrieving player name for [76561197974150813]. skipping..
    Error retrieving player image for Frasure [76561198160015110]. skipping..
    Error retrieving player name for [76561198198078509]. skipping..
    Error retrieving player name for [76561197991723529]. skipping..
    Error retrieving player name for [76561199405030956]. skipping..
    Error retrieving player image for L.S.O.M [76561199380656027]. skipping..
    Error retrieving player name for [76561198866287844]. skipping..
    Error retrieving player image for GAY in bra and panty 3XAAA [76561198008036797]. skipping..
    Error retrieving player name for [76561199062125346]. skipping..
    Error retrieving player image for I am the real Carti [76561199113834676]. skipping..
    Error retrieving player image for GioCombo [76561198359582774]. skipping..
    Error retrieving player name for [76561198014614344]. skipping..
    Error retrieving player name for [76561199218718045]. skipping..
    Error retrieving player image for Goat Reliq [76561198096808194]. skipping..
    Error retrieving player name for [76561198116523054]. skipping..
    Error retrieving player name for [76561199156342580]. skipping..
    Error retrieving player name for [76561199203484258]. skipping..
    Error retrieving player image for Gotheintopy [76561198979388822]. skipping..
    Error retrieving player image for grandass [76561198393103579]. skipping..
    Error retrieving player image for Miyoki [76561199161530703]. skipping..
    Error retrieving player name for [76561198392877845]. skipping..
    Error retrieving player name for [76561199185210630]. skipping..
    Error retrieving player image for Hakapaka [76561198113530684]. skipping..
    Error retrieving player image for hantsuki [76561198010464399]. skipping..
    Error retrieving player name for [76561198306742577]. skipping..
    Error retrieving player image for Hazzard [76561199094317013]. skipping..
    Error retrieving player image for Headache AKA Gail the Snail [76561197972390647]. skipping..
    Error retrieving player image for HellishWoman [76561198060123351]. skipping..
    Error retrieving player name for [76561198009174822]. skipping..
    Error retrieving player image for henry (Raptor) [76561198116585225]. skipping..
    Error retrieving player image for HeXaah [76561198035757304]. skipping..
    Error retrieving player image for HiddenFinger [76561197998819550]. skipping..
    Error retrieving player image for PixxY [76561199083643055]. skipping..
    Error retrieving player image for Hiuman [76561198225877012]. skipping..
    Error retrieving player name for [76561199005757759]. skipping..
    Error retrieving player image for Hom67 [76561198017158853]. skipping..
    Error retrieving player image for HowToPotato101 [76561198206667383]. skipping..
    Error retrieving player name for [76561198845672949]. skipping..
    Error retrieving player name for [76561199098711330]. skipping..
    Error retrieving player name for [76561198018935368]. skipping..
    Error retrieving player name for [76561198854270791]. skipping..
    Error retrieving player name for [76561199039743431]. skipping..
    Error retrieving player name for [76561198205130440]. skipping..
    Error retrieving player image for Im Serious [76561198116002109]. skipping..
    Error retrieving player name for [76561198138906325]. skipping..
    Error retrieving player image for Ятебялюблю [76561199024020528]. skipping..
    Error retrieving player name for [76561198001721301]. skipping..
    Error retrieving player image for Sushi [76561199104261889]. skipping..
    Error retrieving player image for iTz_Sonic [76561198328388197]. skipping..
    Error retrieving player name for [76561198807710901]. skipping..
    Error retrieving player image for J9 [76561198218186077]. skipping..
    Error retrieving player image for Jajami_O_Mate [76561198060522148]. skipping..
    Error retrieving player name for [76561198136877812]. skipping..
    Error retrieving player image for JaS1LdQ[T] [76561198022498965]. skipping..
    Error retrieving player image for ttv.JayTuut [76561197999173629]. skipping..
    Error retrieving player image for JeN [76561198000681107]. skipping..
    Error retrieving player image for Sabertooth [76561199004620308]. skipping..
    Error retrieving player name for [76561198120301911]. skipping..
    Error retrieving player image for Juhis [76561198005494524]. skipping..
    Error retrieving player image for JuL1a [76561198026877782]. skipping..
    Error retrieving player name for [76561198293825246]. skipping..
    Error retrieving player name for [76561198175916311]. skipping..
    Error retrieving player image for K. [76561198837086096]. skipping..
    Error retrieving player image for Mongolord [76561198834278860]. skipping..
    Error retrieving player name for [76561198019003053]. skipping..
    Error retrieving player name for [76561198060251719]. skipping..
    Error retrieving player image for Kat [76561198427792186]. skipping..
    Error retrieving player name for [76561198982535306]. skipping..
    Error retrieving player image for Kelvin Oorzy [76561199126902813]. skipping..
    Error retrieving player name for [76561198370694992]. skipping..
    Error retrieving player image for Kevin [76561198092631763]. skipping..
    Error retrieving player name for [76561198895426024]. skipping..
    Error retrieving player name for [76561198819136530]. skipping..
    Error retrieving player image for Korn [76561198894489305]. skipping..
    Error retrieving player image for Kost [76561198020872320]. skipping..
    Error retrieving player image for Kosta [76561199129014115]. skipping..
    Error retrieving player image for KrankZ [76561198079863290]. skipping..
    Error retrieving player image for KrAyZ [76561197979489003]. skipping..
    Error retrieving player image for krazyeights [76561198003024687]. skipping..
    Error retrieving player name for [76561198276605936]. skipping..
    Error retrieving player image for Kuroda [76561198319776326]. skipping..
    Error retrieving player name for [76561198043760833]. skipping..
    Error retrieving player image for Kyu [76561198028000345]. skipping..
    Error retrieving player name for [76561198114027322]. skipping..
    Error retrieving player name for [76561199055843715]. skipping..
    Error retrieving player image for Lasagna_cheif [76561199022209086]. skipping..
    Error retrieving player name for [76561198165549832]. skipping..
    Error retrieving player name for [76561198117187682]. skipping..
    Error retrieving player image for LEGALIZE Sobering Up [76561199066113179]. skipping..
    Error retrieving player image for Léo [76561198007330526]. skipping..
    Error retrieving player name for [76561198425552176]. skipping..
    Error retrieving player image for Light [76561198085462698]. skipping..
    Error retrieving player image for LBTwunk &lt;3 [76561198353224464]. skipping..
    Error retrieving player name for [76561198282154810]. skipping..
    Error retrieving player image for Lopey [76561199031464772]. skipping..
    Error retrieving player name for [76561198164852044]. skipping..
    Error retrieving player image for love maze [76561198210934887]. skipping..
    Error retrieving player image for Arcade_Blues [76561198112046603]. skipping..
    Error retrieving player name for [76561198427027290]. skipping..
    Error retrieving player image for Lucifer [76561198147655681]. skipping..
    Error retrieving player image for Luluzephyr [76561199137963364]. skipping..
    Error retrieving player name for [76561198119556606]. skipping..
    Error retrieving player name for [76561198387065925]. skipping..
    Error retrieving player image for m.j [76561198124258845]. skipping..
    Error retrieving player image for Maciejas [76561198107819250]. skipping..
    Error retrieving player image for Maguro[JP] [76561198030948275]. skipping..
    Error retrieving player name for [76561198168103300]. skipping..
    Error retrieving player image for Malthe [76561198178025655]. skipping..
    Error retrieving player name for [76561198350507483]. skipping..
    Error retrieving player name for [76561198067477892]. skipping..
    Error retrieving player image for 8768765865786758765675886756857 [76561199182791774]. skipping..
    Error retrieving player image for mario [76561198116214536]. skipping..
    Error retrieving player image for Master_64 [76561198079582732]. skipping..
    Error retrieving player name for [76561198803343905]. skipping..
    Error retrieving player name for [76561197970489390]. skipping..
    Error retrieving player image for Meakrous [76561198271950040]. skipping..
    Error retrieving player image for Meditation Man 0053 [76561198011794942]. skipping..
    Error retrieving player name for [76561199017767969]. skipping..
    Error retrieving player image for MEGABEAST [76561198871866002]. skipping..
    Error retrieving player image for MeMiciNo [76561198014346642]. skipping..
    Error retrieving player name for [76561198135458514]. skipping..
    Error retrieving player name for [76561198088846224]. skipping..
    Error retrieving player name for [76561198207410728]. skipping..
    Error retrieving player image for Micky [76561198953406488]. skipping..
    Error retrieving player image for mim [76561198058176281]. skipping..
    Error retrieving player name for [76561198176964666]. skipping..
    Error retrieving player image for minus eighty [76561198803229577]. skipping..
    Error retrieving player image for misteruniverse [76561198075855510]. skipping..
    Error retrieving player image for Mithrandir [76561198073390550]. skipping..
    Error retrieving player name for [76561198018469176]. skipping..
    Error retrieving player name for [76561198335254753]. skipping..
    Error retrieving player name for [76561198281530800]. skipping..
    Error retrieving player name for [76561198009529394]. skipping..
    Error retrieving player name for [76561199040415113]. skipping..
    Error retrieving player name for [76561198073646869]. skipping..
    Error retrieving player image for msoldier13 [76561198030074508]. skipping..
    Error retrieving player name for [76561198010054074]. skipping..
    Error retrieving player name for [76561199066689170]. skipping..
    Error retrieving player image for Muser [76561198135701124]. skipping..
    Error retrieving player image for Myelinated23 [76561198839661474]. skipping..
    Error retrieving player image for 17 [76561198313415399]. skipping..
    Error retrieving player image for Nathan [76561198069430628]. skipping..
    Error retrieving player image for nazym [76561198120261609]. skipping..
    Error retrieving player name for [76561198010033933]. skipping..
    Error retrieving player name for [76561198438435876]. skipping..
    Error retrieving player image for neoxx [76561197995769256]. skipping..
    Error retrieving player image for Nesisoth [76561197994287270]. skipping..
    Error retrieving player name for [76561198883517727]. skipping..
    Error retrieving player name for [76561199124185453]. skipping..
    Error retrieving player image for NoiCE2625 [76561198263380472]. skipping..
    Error retrieving player image for Saika [76561199434699425]. skipping..
    Error retrieving player image for Noob Saibot [76561198803592090]. skipping..
    Error retrieving player image for Nosataya Pishuxa [76561198023593861]. skipping..
    Error retrieving player name for [76561199183483174]. skipping..
    Error retrieving player name for [76561198123368080]. skipping..
    Error retrieving player image for Nukez (controller) [76561198440289920]. skipping..
    Error retrieving player name for [76561198850105840]. skipping..
    Error retrieving player name for [76561198978385866]. skipping..
    Error retrieving player image for Old Hermit [76561198018706932]. skipping..
    Error retrieving player image for oni! [76561199155698728]. skipping..
    Error retrieving player name for [76561198249966050]. skipping..
    Error retrieving player name for [76561198165292584]. skipping..
    Error retrieving player image for or [76561198420486066]. skipping..
    Error retrieving player name for [76561198175156035]. skipping..
    Error retrieving player name for [76561198246974158]. skipping..
    Error retrieving player image for Overland aka [Bellona] [76561198018888781]. skipping..
    Error retrieving player image for PaiGOD [76561198145577813]. skipping..
    Error retrieving player image for Phantom (187) [76561198801106583]. skipping..
    Error retrieving player name for [76561199187264412]. skipping..
    Error retrieving player image for phoenix_advance [76561197996186819]. skipping..
    Error retrieving player name for [76561198812067593]. skipping..
    Error retrieving player image for Pingu [76561198841203355]. skipping..
    Error retrieving player image for Playahater [76561198003271554]. skipping..
    Error retrieving player name for [76561198057920934]. skipping..
    Error retrieving player name for [76561198008841397]. skipping..
    Error retrieving player name for [76561199022222799]. skipping..
    Error retrieving player image for GentleCriminal [76561198263491544]. skipping..
    Error retrieving player name for [76561198037050637]. skipping..
    Error retrieving player name for [76561198111294663]. skipping..
    Error retrieving player name for [76561197983243568]. skipping..
    Error retrieving player name for [76561199281045078]. skipping..
    Error retrieving player name for [76561199112535026]. skipping..
    Error retrieving player name for [76561198376351453]. skipping..
    Error retrieving player name for [76561199104967448]. skipping..
    Error retrieving player name for [76561198824284276]. skipping..
    Error retrieving player image for PS_FatCat [76561199006587669]. skipping..
    Error retrieving player name for [76561198379727420]. skipping..
    Error retrieving player name for [76561198021834247]. skipping..
    Error retrieving player name for [76561197960453922]. skipping..
    Error retrieving player image for r68mmj [76561198021822493]. skipping..
    Error retrieving player name for [76561198929624695]. skipping..
    Error retrieving player image for Rambo [76561198037765926]. skipping..
    Error retrieving player image for randimizer [76561198131947160]. skipping..
    Error retrieving player name for [76561198118527008]. skipping..
    Error retrieving player name for [76561198366982781]. skipping..
    Error retrieving player image for RedRam [76561198376857682]. skipping..
    Error retrieving player name for [76561199015879397]. skipping..
    Error retrieving player image for reimu [76561198072390256]. skipping..
    Error retrieving player image for Rilu [76561198085401582]. skipping..
    Error retrieving player image for ☆*: .｡.k? ｡.:*☆ [76561198945634210]. skipping..
    Error retrieving player image for rooster63 [76561198014375811]. skipping..
    Error retrieving player name for [76561198122584217]. skipping..
    Error retrieving player image for shmelly [76561199067822183]. skipping..
    Error retrieving player name for [76561199151460304]. skipping..
    Error retrieving player name for [76561199123026305]. skipping..
    Error retrieving player name for [76561198176892879]. skipping..
    Error retrieving player image for Sallen [76561199062351778]. skipping..
    Error retrieving player name for [76561199096985618]. skipping..
    Error retrieving player image for Shade. [76561199114406864]. skipping..
    Error retrieving player image for sasuke uchiha [76561198100533864]. skipping..
    Error retrieving player name for [76561198109451191]. skipping..
    Error retrieving player name for [76561198223272720]. skipping..
    Error retrieving player image for Shadow_Rico [76561198006221004]. skipping..
    Error retrieving player image for Shaft [76561199012775950]. skipping..
    Error retrieving player image for Shanks [76561198050736005]. skipping..
    Error retrieving player name for [76561198050422740]. skipping..
    Error retrieving player name for [76561198052715117]. skipping..
    Error retrieving player image for Simp [76561199075571842]. skipping..
    Error retrieving player image for Sirrah [76561198072355970]. skipping..
    Error retrieving player image for Sisyphus [76561198217434644]. skipping..
    Error retrieving player name for [76561199142775809]. skipping..

  Errors:
    helpers.php : GeneratePlayersArray() : Steam is probably down. Aborting... 


-------- February 15, 2023, 8:54 am --------

  Logged events:
    Error retrieving player name for [76561198399505840]. skipping..
    Error retrieving player name for [76561198043045620]. skipping..
    Error retrieving player name for [76561199046920118]. skipping..
    Error retrieving player image for Infinity [76561198032129488]. skipping..
    Error retrieving player name for [76561199024020528]. skipping..
    Error retrieving player name for [76561199399673525]. skipping..
    Error retrieving player image for iTz_Sonic [76561198328388197]. skipping..
    Error retrieving player name for [76561198807710901]. skipping..
    Error retrieving player image for Mia [76561199375685838]. skipping..
    Error retrieving player name for [76561198018469176]. skipping..
    Error retrieving player image for momofrog [76561198335254753]. skipping..
    Error retrieving player name for [76561198281530800]. skipping..
    Error retrieving player image for Narcolepzzzzzzz [76561198026525515]. skipping..
    Error retrieving player image for Nathan [76561198069430628]. skipping..
    Error retrieving player image for Nayuta [76561197978506223]. skipping..
    Error retrieving player image for nazym [76561198120261609]. skipping..
    Error retrieving player name for [76561198438435876]. skipping..
    Error retrieving player image for neoxx [76561197995769256]. skipping..
    Error retrieving player name for [76561198883517727]. skipping..
    Error retrieving player image for Saika [76561199434699425]. skipping..
    Error retrieving player image for Overland aka [Bellona] [76561198018888781]. skipping..
    Error retrieving player name for [76561198831659040]. skipping..
    Error retrieving player image for Pasja [76561198017627426]. skipping..
    Error retrieving player name for [76561198812067593]. skipping..
    Error retrieving player name for [76561198379942909]. skipping..
    Error retrieving player image for pocket [76561198106076512]. skipping..
    Error retrieving player image for Rred [76561198055352572]. skipping..
    Error retrieving player image for shmelly [76561199067822183]. skipping..
    Error retrieving player name for [76561198054276000]. skipping..
    Error retrieving player name for [76561199069306338]. skipping..
    Error retrieving player name for [76561198983264675]. skipping..
    Error retrieving player image for Baltz [76561198045350611]. skipping..
    Error retrieving player name for [76561198120284762]. skipping..
    Error retrieving player name for [76561197997128450]. skipping..
    Error retrieving player image for Bigle [76561197991149074]. skipping..
    Error retrieving player name for [76561198106643252]. skipping..
    Error retrieving player image for Bo Nerman [76561198065602367]. skipping..
    Error retrieving player image for One Chunky Rodent [76561197979873931]. skipping..
    Error retrieving player name for [76561198999168594]. skipping..
    Error retrieving player name for [76561198117903360]. skipping..
    Error retrieving player name for [76561198363243681]. skipping..
    Error retrieving player name for [76561198260129065]. skipping..
    Error retrieving player name for [76561198999817114]. skipping..
    Error retrieving player name for [76561197994856527]. skipping..
    Error retrieving player image for LoboDorgado [76561198878322018]. skipping..
    Error retrieving player image for YOU [76561199026775483]. skipping..
    Error retrieving player image for LunaTik [76561198090316152]. skipping..
    Error retrieving player image for MaGiFlower [76561198937399354]. skipping..
    Error retrieving player name for [76561198018713049]. skipping..
    Error retrieving player image for mdfc [76561198999027649]. skipping..
    Error retrieving player image for ED [76561197970758541]. skipping..
    Error retrieving player image for MerpyX [76561198381632822]. skipping..
    Error retrieving player image for 1984 [76561198137830439]. skipping..
    Error retrieving player name for [76561198214982472]. skipping..
    Error retrieving player name for [76561198122158905]. skipping..
    Error retrieving player image for Noone [76561199061239941]. skipping..
    Error retrieving player name for [76561199227563129]. skipping..
    Error retrieving player name for [76561198048162264]. skipping..
    Error retrieving player image for Deda Pantelija [76561198432943027]. skipping..
    Error retrieving player image for DDog [76561198145964410]. skipping..
    Error retrieving player image for Erielhonan [76561198207236239]. skipping..
    Error retrieving player name for [76561199122008111]. skipping..
    Error retrieving player image for Melon [76561198156919205]. skipping..
    Error retrieving player image for NahChan09 [76561198266540164]. skipping..
    Error retrieving player image for nzk [76561198285273001]. skipping..
    Error retrieving player image for Hard Bones [76561199027594909]. skipping..
    Error retrieving player name for [76561198272005785]. skipping..
    Error retrieving player image for Phasol [76561197986995257]. skipping..
    Error retrieving player name for [76561198121203801]. skipping..
    Error retrieving player name for [76561198992950726]. skipping..
    Error retrieving player name for [76561199040595060]. skipping..
    Error retrieving player name for [76561199010861516]. skipping..
    Error retrieving player name for [76561198803965568]. skipping..
    Error retrieving player name for [76561198084318343]. skipping..
    Error retrieving player name for [76561198452499407]. skipping..
    Error retrieving player name for [76561199438797132]. skipping..
    Error retrieving player image for The Walking Apocalypse [76561198058015566]. skipping..
    Error retrieving player image for Worst [76561198080748551]. skipping..
    Error retrieving player image for Thunder [76561198015715720]. skipping..
    Error retrieving player image for Timmy the Sheep [76561198215530715]. skipping..
    Error retrieving player name for [76561198975855979]. skipping..
    Error retrieving player name for [76561197986931660]. skipping..
    Error retrieving player name for [76561198017063981]. skipping..
    Error retrieving player name for [76561198164097646]. skipping..
    Error retrieving player image for infamous celeb [76561198343120990]. skipping..
    Error retrieving player name for [76561197995317590]. skipping..
    Error retrieving player name for [76561198439668007]. skipping..
    Error retrieving player image for [BAN] pickaso٩(××)۶&gt;:3♡ [76561198982331746]. skipping..
    Error retrieving player name for [76561198122433627]. skipping..
    Error retrieving player image for リゼ [76561198168679792]. skipping..
    Error retrieving player name for [76561198271001162]. skipping..
    Error retrieving player name for [76561199229988004]. skipping..
    Error retrieving player name for [76561199031923376]. skipping..
    Error retrieving player name for [76561199030763101]. skipping..
    Error retrieving player image for BlueAura [76561198120331550]. skipping..
    Error retrieving player image for codoil [76561198049326311]. skipping..
    Error retrieving player image for hime [76561199140453748]. skipping..
    Error retrieving player name for [76561199040243864]. skipping..
    Error retrieving player image for paddington [76561198983215304]. skipping..
    Error retrieving player name for [76561199046920118]. skipping..
    Error retrieving player name for [76561199046920118]. skipping..
    Error retrieving player name for [STEAM_ID_STOP_IGNORING_]. skipping..

