
-------- January 1, 2023, 4:54 pm --------

  Logged events:
    Error retrieving player name for [76561198399505840]. skipping..
    Error retrieving player name for [76561198043045620]. skipping..
    Error retrieving player name for [76561199046920118]. skipping..
    Error retrieving player name for [76561198120032944]. skipping..
    Error retrieving player image for Infinity [76561198032129488]. skipping..
    Error retrieving player name for [76561198001721301]. skipping..
    Error retrieving player name for [76561199403344999]. skipping..
    Error retrieving player name for [76561198834278860]. skipping..
    Error retrieving player image for Kaibil [76561198027102231]. skipping..
    Error retrieving player name for [76561198019003053]. skipping..
    Error retrieving player name for [76561198034014393]. skipping..
    Error retrieving player image for ns [76561199129014115]. skipping..
    Error retrieving player image for krazyeights [76561198003024687]. skipping..
    Error retrieving player name for [76561198043760833]. skipping..
    Error retrieving player name for [76561199055843715]. skipping..
    Error retrieving player name for [76561198117187682]. skipping..
    Error retrieving player image for Mat [76561197970489390]. skipping..
    Error retrieving player image for MazytaPlei [76561199074049157]. skipping..
    Error retrieving player name for [76561198271950040]. skipping..
    Error retrieving player image for Dawn [76561199017767969]. skipping..
    Error retrieving player image for Mentlegen Terrorist [76561198135458514]. skipping..
    Error retrieving player name for [76561198058176281]. skipping..
    Error retrieving player name for [76561198335254753]. skipping..
    Error retrieving player name for [76561198073646869]. skipping..
    Error retrieving player image for neo [76561198438435876]. skipping..
    Error retrieving player image for neoxx [76561197995769256]. skipping..
    Error retrieving player name for [76561199226133478]. skipping..
    Error retrieving player name for [76561199227563129]. skipping..
    Error retrieving player image for ★Thug-Life★ [76561197998177692]. skipping..
    Error retrieving player image for YeRaZ [76561198338150854]. skipping..
    Error retrieving player name for [76561199046920118]. skipping..
    Error retrieving player name for [76561198406691061]. skipping..
    Error retrieving player name for [76561199046920118]. skipping..
    Error retrieving player name for [STEAM_ID_STOP_IGNORING_]. skipping..


-------- January 2, 2023, 2:00 am --------

  Logged events:
    Error retrieving player name for [76561198399505840]. skipping..
    Error retrieving player name for [76561198043045620]. skipping..
    Error retrieving player name for [76561199046920118]. skipping..
    Error retrieving player name for [76561199304189313]. skipping..
    Error retrieving player name for [76561199227563129]. skipping..
    Error retrieving player image for ★Thug-Life★ [76561197998177692]. skipping..
    Error retrieving player name for [76561198089770332]. skipping..
    Error retrieving player name for [76561198004100316]. skipping..
    Error retrieving player image for 绘梨衣 [76561198125997589]. skipping..
    Error retrieving player image for G133T [76561199258532555]. skipping..
    Error retrieving player image for Genie [76561198894095485]. skipping..
    Error retrieving player image for GreenSmiley [76561197968039091]. skipping..
    Error retrieving player image for Hardware_Malfunction [76561198107565370]. skipping..
    Error retrieving player name for [76561199140453748]. skipping..
    Error retrieving player image for I like Gophers [76561198014864234]. skipping..
    Error retrieving player name for [76561198038867965]. skipping..
    Error retrieving player name for [76561198935308770]. skipping..
    Error retrieving player name for [76561199126693852]. skipping..
    Error retrieving player image for Iosceles! [76561198959900664]. skipping..
    Error retrieving player name for [76561199095112197]. skipping..
    Error retrieving player name for [76561197970221907]. skipping..
    Error retrieving player name for [76561199046920118]. skipping..
    Error retrieving player name for [76561199046920118]. skipping..
    Error retrieving player name for [STEAM_ID_STOP_IGNORING_]. skipping..


-------- January 2, 2023, 8:52 am --------

  Logged events:
    Error retrieving player name for [76561198399505840]. skipping..
    Error retrieving player name for [76561198043045620]. skipping..
    Error retrieving player name for [76561199046920118]. skipping..
    Error retrieving player image for Duw Gans &#039;n [76561198106341719]. skipping..
    Error retrieving player image for Mno [76561198007330526]. skipping..
    Error retrieving player name for [76561199227563129]. skipping..
    Error retrieving player image for ★Thug-Life★ [76561197998177692]. skipping..
    Error retrieving player name for [76561198321231950]. skipping..
    Error retrieving player name for [76561199046920118]. skipping..
    Error retrieving player name for [76561199046920118]. skipping..
    Error retrieving player name for [STEAM_ID_STOP_IGNORING_]. skipping..
    Error retrieving player image for Bourrinos [76561198029148843]. skipping..


-------- January 2, 2023, 4:52 pm --------

  Logged events:
    Error retrieving player name for [76561198399505840]. skipping..
    Error retrieving player name for [76561198043045620]. skipping..
    Error retrieving player name for [76561199046920118]. skipping..
    Error retrieving player name for [76561198053734604]. skipping..
    Error retrieving player image for reezy [76561198132684319]. skipping..
    Error retrieving player name for [76561199227563129]. skipping..
    Error retrieving player image for ★Thug-Life★ [76561197998177692]. skipping..
    Error retrieving player name for [76561199046920118]. skipping..
    Error retrieving player name for [76561199046920118]. skipping..
    Error retrieving player name for [STEAM_ID_STOP_IGNORING_]. skipping..


-------- January 3, 2023, 2:02 am --------

  Logged events:
    Error retrieving player name for [76561198399505840]. skipping..
    Error retrieving player name for [76561198043045620]. skipping..
    Error retrieving player name for [76561199046920118]. skipping..
    Error retrieving player image for Scorpy.®« [76561198223272720]. skipping..
    Error retrieving player name for [76561199227563129]. skipping..
    Error retrieving player image for ★Thug-Life★ [76561197998177692]. skipping..
    Error retrieving player name for [76561199046920118]. skipping..
    Error retrieving player name for [76561199046920118]. skipping..
    Error retrieving player name for [STEAM_ID_STOP_IGNORING_]. skipping..


-------- January 3, 2023, 8:30 am --------

  Logged events:
    Error retrieving player name for [76561198399505840]. skipping..
    Error retrieving player name for [76561198202829519]. skipping..
    Error retrieving player name for [76561199407540825]. skipping..
    Error retrieving player image for Azimuth [76561198015094232]. skipping..
    Error retrieving player name for [76561199075558631]. skipping..
    Error retrieving player image for Pancakes [76561198000400799]. skipping..
    Error retrieving player image for BadPlayer_200 [76561198113752650]. skipping..
    Error retrieving player image for Skeletor [76561198054275169]. skipping..
    Error retrieving player name for [76561198185100221]. skipping..
    Error retrieving player image for Becky [76561199071854789]. skipping..
    Error retrieving player name for [76561198018844869]. skipping..
    Error retrieving player image for ben [76561198034747800]. skipping..
    Error retrieving player image for Beowolf [76561198015992102]. skipping..
    Error retrieving player name for [76561198420486066]. skipping..
    Error retrieving player image for fuck 2023 [76561199186820331]. skipping..
    Error retrieving player name for [76561197995542099]. skipping..
    Error retrieving player name for [76561198404658336]. skipping..
    Error retrieving player name for [76561199068994932]. skipping..
    Error retrieving player image for Carmelo [76561198026814198]. skipping..
    Error retrieving player image for Weekly Quest Enjoyer [76561198049226025]. skipping..
    Error retrieving player image for Delta [76561198172949193]. skipping..
    Error retrieving player name for [76561198169018697]. skipping..
    Error retrieving player image for dev. [76561198868135520]. skipping..
    Error retrieving player image for Chicken Nugget [76561197981630216]. skipping..
    Error retrieving player image for Chiper_007 [76561198281830301]. skipping..
    Error retrieving player image for Sonata [76561199036235583]. skipping..
    Error retrieving player image for goblin [76561198850428601]. skipping..
    Error retrieving player image for Uluodv [76561198432649990]. skipping..
    Error retrieving player name for [76561198109596191]. skipping..
    Error retrieving player image for Coa [76561198404559997]. skipping..
    Error retrieving player name for [76561199013379456]. skipping..
    Error retrieving player image for Coincident [76561197962342292]. skipping..
    Error retrieving player image for mad [76561199061083454]. skipping..
    Error retrieving player image for Contiello [76561198316879927]. skipping..
    Error retrieving player image for Santa Cock [76561198075943481]. skipping..
    Error retrieving player image for CR7  dabking [76561198263467343]. skipping..
    Error retrieving player name for [76561199137963364]. skipping..
    Error retrieving player image for Moose [76561198100185304]. skipping..
    Error retrieving player image for Cyber [76561198017881537]. skipping..
    Error retrieving player image for d( &#039;-_-)b^Zanuff [76561198060862448]. skipping..
    Error retrieving player name for [76561199140231642]. skipping..
    Error retrieving player image for DAGGER [76561199091211123]. skipping..
    Error retrieving player name for [76561198091988939]. skipping..
    Error retrieving player image for Dark The Raccoon [76561198086587943]. skipping..
    Error retrieving player name for [76561199220826907]. skipping..
    Error retrieving player image for dcutbtw [76561199065670640]. skipping..
    Error retrieving player name for [76561199383601345]. skipping..
    Error retrieving player image for ÐEG [76561197985496423]. skipping..
    Error retrieving player image for deinemudda65 [76561198056506628]. skipping..
    Error retrieving player image for ♡ DeltΔ ♡ [76561198287283412]. skipping..
    Error retrieving player image for brah [76561199195087686]. skipping..
    Error retrieving player name for [76561199226019966]. skipping..
    Error retrieving player image for Depressed Mage Named Vex [76561198077269608]. skipping..
    Error retrieving player name for [76561198400814462]. skipping..
    Error retrieving player name for [76561198372597585]. skipping..
    Error retrieving player image for DF^2 [76561198074443329]. skipping..
    Error retrieving player image for ඞFelicatedඞ [76561199229679351]. skipping..
    Error retrieving player image for Die Demon [76561198322387009]. skipping..
    Error retrieving player image for Regert [76561198403177661]. skipping..
    Error retrieving player image for dirty [76561197994243364]. skipping..
    Error retrieving player image for nevermore [76561198959804539]. skipping..
    Error retrieving player name for [76561198355604462]. skipping..
    Error retrieving player name for [76561198242818876]. skipping..
    Error retrieving player image for dom [76561198079289142]. skipping..
    Error retrieving player name for [76561199219585469]. skipping..
    Error retrieving player name for [76561198210194124]. skipping..
    Error retrieving player name for [76561198202036310]. skipping..
    Error retrieving player name for [76561198170284175]. skipping..
    Error retrieving player name for [76561198026670415]. skipping..
    Error retrieving player image for L4D [76561198262819604]. skipping..
    Error retrieving player name for [76561198853618018]. skipping..
    Error retrieving player name for [76561198043045620]. skipping..
    Error retrieving player image for DRN0167 [76561198862218560]. skipping..
    Error retrieving player name for [76561198252417898]. skipping..
    Error retrieving player name for [76561198137825363]. skipping..
    Error retrieving player image for dümbelekçi [76561198305283740]. skipping..
    Error retrieving player image for Maverik [76561198056298049]. skipping..
    Error retrieving player name for [76561197963516972]. skipping..
    Error retrieving player image for echoes [76561198998259180]. skipping..
    Error retrieving player image for Edga [76561198057903283]. skipping..
    Error retrieving player name for [76561198064250076]. skipping..
    Error retrieving player name for [76561199046920118]. skipping..
    Error retrieving player name for [76561198202140009]. skipping..
    Error retrieving player name for [76561198089463603]. skipping..
    Error retrieving player image for Lopey [76561199031464772]. skipping..
    Error retrieving player name for [76561199115881906]. skipping..
    Error retrieving player name for [76561198053268195]. skipping..
    Error retrieving player image for Nuts [76561198163825955]. skipping..
    Error retrieving player image for eph [76561199236039925]. skipping..
    Error retrieving player image for erokiti [76561198057477717]. skipping..
    Error retrieving player image for EssShadow [76561199166202304]. skipping..
    Error retrieving player image for sleepy [76561198872283734]. skipping..
    Error retrieving player image for mani [76561199120567778]. skipping..
    Error retrieving player image for f0rsaken [76561199256753361]. skipping..
    Error retrieving player image for FALLingorflYING [76561197979082192]. skipping..
    Error retrieving player image for Fantashm [76561198354326201]. skipping..
    Error retrieving player name for [76561198158097654]. skipping..
    Error retrieving player name for [76561197980946491]. skipping..
    Error retrieving player image for FC [76561198813719374]. skipping..
    Error retrieving player image for Fear [76561199064307651]. skipping..
    Error retrieving player image for Senpai? [76561199121631074]. skipping..
    Error retrieving player image for Filly Lily [76561198826661736]. skipping..
    Error retrieving player image for Flamming [76561198804077912]. skipping..
    Error retrieving player name for [76561198050547079]. skipping..
    Error retrieving player name for [76561199276719851]. skipping..
    Error retrieving player image for Fragger`s [76561197974150813]. skipping..
    Error retrieving player name for [76561198160015110]. skipping..
    Error retrieving player image for Duw Gans &#039;n [76561198106341719]. skipping..
    Error retrieving player image for Fu [76561197991723529]. skipping..
    Error retrieving player image for shi77y_lagger [76561198023897982]. skipping..
    Error retrieving player image for fufighter [76561198003961356]. skipping..
    Error retrieving player name for [76561198281478061]. skipping..
    Error retrieving player name for [76561198866287844]. skipping..
    Error retrieving player name for [76561198420121261]. skipping..
    Error retrieving player name for [76561198008036797]. skipping..
    Error retrieving player name for [76561199062125346]. skipping..
    Error retrieving player name for [76561198119709222]. skipping..
    Error retrieving player image for GGMaster [76561198293307156]. skipping..
    Error retrieving player image for I am the real Carti [76561199113834676]. skipping..
    Error retrieving player image for Gnahc Nevets [76561198212958001]. skipping..
    Error retrieving player image for Goat Reliq [76561198096808194]. skipping..
    Error retrieving player name for [76561199203484258]. skipping..
    Error retrieving player image for {S} [76561198063759829]. skipping..
    Error retrieving player image for gravity [76561198081622889]. skipping..
    Error retrieving player image for Guz [76561198231965792]. skipping..
    Error retrieving player image for Hakapaka [76561198113530684]. skipping..
    Error retrieving player name for [76561198067190925]. skipping..
    Error retrieving player image for Hawkens [76561198064817566]. skipping..
    Error retrieving player image for Headache AKA Gail the Snail [76561197972390647]. skipping..
    Error retrieving player image for HellishWoman [76561198060123351]. skipping..
    Error retrieving player name for [76561197998819550]. skipping..
    Error retrieving player image for Hitman [76561198037994859]. skipping..
    Error retrieving player image for Hiuman [76561198225877012]. skipping..
    Error retrieving player name for [76561199005757759]. skipping..
    Error retrieving player image for Hom67 [76561198017158853]. skipping..
    Error retrieving player image for HowToPotato101 [76561198206667383]. skipping..
    Error retrieving player image for Hysterisch [76561198210264817]. skipping..
    Error retrieving player name for [76561199052474367]. skipping..
    Error retrieving player name for [76561199098711330]. skipping..
    Error retrieving player image for IceWolf [76561198088925052]. skipping..
    Error retrieving player image for ICHNA [76561198854270791]. skipping..
    Error retrieving player name for [76561199039743431]. skipping..
    Error retrieving player name for [76561198272114920]. skipping..
    Error retrieving player name for [76561198205130440]. skipping..
    Error retrieving player image for Infinity [76561198032129488]. skipping..
    Error retrieving player name for [76561199399673525]. skipping..
    Error retrieving player image for in_euphoria [76561198001721301]. skipping..
    Error retrieving player name for [76561198328388197]. skipping..
    Error retrieving player image for IvaneitorUwU [76561199304189313]. skipping..
    Error retrieving player name for [76561198830351616]. skipping..
    Error retrieving player name for [76561199427435455]. skipping..
    Error retrieving player name for [76561198136877812]. skipping..
    Error retrieving player image for Jebras [76561198065478778]. skipping..
    Error retrieving player name for [76561198968360149]. skipping..
    Error retrieving player image for Jeti[UA] [76561198347907353]. skipping..
    Error retrieving player image for Sabertooth [76561199004620308]. skipping..
    Error retrieving player image for jim [76561198965101242]. skipping..
    Error retrieving player image for SolidShotgun [76561199076682688]. skipping..
    Error retrieving player name for [76561199140471570]. skipping..
    Error retrieving player image for John Bender [76561198446698838]. skipping..
    Error retrieving player image for Yonia [76561199240678898]. skipping..
    Error retrieving player image for Joshman KB [76561198054729247]. skipping..
    Error retrieving player name for [76561198120301911]. skipping..
    Error retrieving player image for Juhis [76561198005494524]. skipping..
    Error retrieving player name for [76561198119677558]. skipping..
    Error retrieving player name for [76561198026877782]. skipping..
    Error retrieving player image for P5 Joker [76561198293825246]. skipping..
    Error retrieving player image for Jyper [76561198175916311]. skipping..
    Error retrieving player image for J¡ [76561199403344999]. skipping..
    Error retrieving player image for Kafka [76561199174877102]. skipping..
    Error retrieving player image for kalahbash [76561198352640316]. skipping..
    Error retrieving player image for KaleBer [76561198060251719]. skipping..
    Error retrieving player image for kashm1r2 [76561198192783941]. skipping..
    Error retrieving player image for | Akío- [76561198982535306]. skipping..
    Error retrieving player image for Keegan [76561198026039452]. skipping..
    Error retrieving player image for Kelvin Oorzy [76561199126902813]. skipping..
    Error retrieving player name for [76561198370694992]. skipping..
    Error retrieving player image for Freeza [76561198066022608]. skipping..
    Error retrieving player image for Kimmaye [76561198161556190]. skipping..
    Error retrieving player name for [76561198819136530]. skipping..
    Error retrieving player image for knx [76561198394944418]. skipping..
    Error retrieving player name for [76561198894489305]. skipping..
    Error retrieving player name for [76561198020872320]. skipping..
    Error retrieving player name for [76561198127397924]. skipping..
    Error retrieving player name for [76561198319776326]. skipping..
    Error retrieving player name for [76561198043760833]. skipping..
    Error retrieving player image for l8r [76561198844879532]. skipping..
    Error retrieving player name for [76561198142070031]. skipping..
    Error retrieving player image for LaLo [76561198341647407]. skipping..
    Error retrieving player name for [76561198114027322]. skipping..
    Error retrieving player name for [76561199022209086]. skipping..
    Error retrieving player image for Lalo [76561198165549832]. skipping..
    Error retrieving player name for [76561198007330526]. skipping..
    Error retrieving player image for Leonastra [76561198077866532]. skipping..
    Error retrieving player name for [76561198425552176]. skipping..
    Error retrieving player image for Ling [76561198131578112]. skipping..
    Error retrieving player image for Lleage [76561198059735690]. skipping..
    Error retrieving player name for [76561198156756939]. skipping..
    Error retrieving player image for love maze [76561198210934887]. skipping..
    Error retrieving player image for Arcade_Blues [76561198112046603]. skipping..
    Error retrieving player name for [76561198427027290]. skipping..
    Error retrieving player image for LuckySpock [76561198075676109]. skipping..
    Error retrieving player name for [76561198451442151]. skipping..
    Error retrieving player name for [76561198119556606]. skipping..
    Error retrieving player name for [76561198030203745]. skipping..
    Error retrieving player image for m.j [76561198124258845]. skipping..
    Error retrieving player image for Maciejas [76561198107819250]. skipping..
    Error retrieving player image for Mae676 [76561198448942601]. skipping..
    Error retrieving player name for [76561198168103300]. skipping..
    Error retrieving player name for [76561198156307479]. skipping..
    Error retrieving player image for Mangala [76561198313431668]. skipping..
    Error retrieving player name for [76561198067477892]. skipping..
    Error retrieving player name for [76561199182791774]. skipping..
    Error retrieving player image for toad wearing a purple hat [76561198116214536]. skipping..
    Error retrieving player name for [76561198803343905]. skipping..
    Error retrieving player image for Mat [76561197970489390]. skipping..
    Error retrieving player name for [76561199074049157]. skipping..
    Error retrieving player image for Meditation Man 0053 [76561198011794942]. skipping..
    Error retrieving player image for Nice [76561198902616710]. skipping..
    Error retrieving player name for [76561198014346642]. skipping..
    Error retrieving player image for Mentlegen Terrorist [76561198135458514]. skipping..
    Error retrieving player name for [76561198088846224]. skipping..
    Error retrieving player image for mii [76561198207410728]. skipping..
    Error retrieving player name for [76561198058176281]. skipping..
    Error retrieving player image for Arrow [76561198077842298]. skipping..
    Error retrieving player name for [76561198075855510]. skipping..
    Error retrieving player name for [76561198865062105]. skipping..
    Error retrieving player image for mom [76561198018469176]. skipping..
    Error retrieving player image for momofrog [76561198335254753]. skipping..
    Error retrieving player image for momonga [76561198281530800]. skipping..
    Error retrieving player image for monster [76561198009529394]. skipping..
    Error retrieving player image for jrjr [76561198896887823]. skipping..
    Error retrieving player name for [76561198073646869]. skipping..
    Error retrieving player image for Mr.Alexfrlns [76561197989984935]. skipping..
    Error retrieving player name for [76561198010054074]. skipping..
    Error retrieving player image for MuRd0cx [76561199066689170]. skipping..
    Error retrieving player name for [76561198035300377]. skipping..
    Error retrieving player name for [76561198313415399]. skipping..
    Error retrieving player name for [76561198026525515]. skipping..
    Error retrieving player name for [76561198010033933]. skipping..
    Error retrieving player image for neoxx [76561197995769256]. skipping..
    Error retrieving player name for [76561198883517727]. skipping..
    Error retrieving player name for [76561198061306688]. skipping..
    Error retrieving player name for [76561199124185453]. skipping..
    Error retrieving player name for [76561199434699425]. skipping..
    Error retrieving player image for Nosataya Pishuxa [76561198023593861]. skipping..
    Error retrieving player image for K [76561198895426024]. skipping..
    Error retrieving player name for [76561199183483174]. skipping..
    Error retrieving player name for [76561199212963925]. skipping..
    Error retrieving player name for [76561198123368080]. skipping..
    Error retrieving player name for [76561198850105840]. skipping..
    Error retrieving player image for Oliver [76561198251907108]. skipping..
    Error retrieving player name for [76561198249966050]. skipping..
    Error retrieving player image for Orokovet [76561198175156035]. skipping..
    Error retrieving player image for Oscey [76561198246974158]. skipping..
    Error retrieving player name for [76561198018888781]. skipping..
    Error retrieving player name for [76561198122485522]. skipping..
    Error retrieving player image for PHOENIX [76561199187264412]. skipping..
    Error retrieving player image for Pickle [76561198163133488]. skipping..
    Error retrieving player name for [76561198973644329]. skipping..
    Error retrieving player image for Pingu [76561198841203355]. skipping..
    Error retrieving player name for [76561198003271554]. skipping..
    Error retrieving player name for [76561198008841397]. skipping..
    Error retrieving player name for [76561199022222799]. skipping..
    Error retrieving player name for [76561198037050637]. skipping..
    Error retrieving player image for Polarized [76561198804216560]. skipping..
    Error retrieving player name for [76561198111294663]. skipping..
    Error retrieving player image for Сãpo Śilv [76561198797260366]. skipping..
    Error retrieving player image for ¶BodyBag¶ [76561197983243568]. skipping..
    Error retrieving player name for [76561199112535026]. skipping..
    Error retrieving player image for Нуня :3 [76561198376351453]. skipping..
    Error retrieving player image for PROrok (CZ) [76561198800685088]. skipping..
    Error retrieving player name for [76561199224963393]. skipping..
    Error retrieving player image for question [76561197960453922]. skipping..
    Error retrieving player image for Polymorphism++ [76561198020887334]. skipping..
    Error retrieving player name for [76561198929624695]. skipping..
    Error retrieving player image for Ralimu Strilem [76561198411010566]. skipping..
    Error retrieving player image for Rambo [76561198037765926]. skipping..
    Error retrieving player name for [76561198131947160]. skipping..
    Error retrieving player name for [76561198835015223]. skipping..
    Error retrieving player image for rd [76561198269436948]. skipping..
    Error retrieving player image for RedKnightV [76561198366982781]. skipping..
    Error retrieving player name for [76561199015879397]. skipping..
    Error retrieving player image for spade [76561199215337001]. skipping..
    Error retrieving player name for [76561198085401582]. skipping..
    Error retrieving player image for ☆*: .｡.k? ｡.:*☆ [76561198945634210]. skipping..
    Error retrieving player name for [76561198014375811]. skipping..
    Error retrieving player name for [76561199072482785]. skipping..
    Error retrieving player name for [76561198122584217]. skipping..
    Error retrieving player image for S.T.A.R.S Ruii [76561198079380694]. skipping..
    Error retrieving player image for rxsta [76561199067822183]. skipping..
    Error retrieving player image for no mercy pro [76561199123026305]. skipping..
    Error retrieving player name for [76561198176892879]. skipping..
    Error retrieving player image for Sallen [76561199062351778]. skipping..
    Error retrieving player image for samy [76561199096985618]. skipping..
    Error retrieving player image for Sazior [76561198268640429]. skipping..
    Error retrieving player image for SCaliN [76561198011786361]. skipping..
    Error retrieving player name for [76561198223272720]. skipping..
    Error retrieving player image for scout [76561198000789017]. skipping..
    Error retrieving player image for manoban [76561198050422740]. skipping..
    Error retrieving player name for [76561198104978620]. skipping..

  Errors:
    helpers.php : GeneratePlayersArray() : Steam is probably down. Aborting... 


-------- January 5, 2023, 8:52 am --------

  Logged events:
    Error retrieving player name for [76561198399505840]. skipping..
    Error retrieving player name for [76561199065694916]. skipping..
    Error retrieving player name for [76561199239003010]. skipping..
    Error retrieving player name for [76561198043045620]. skipping..
    Error retrieving player name for [76561199046920118]. skipping..
    Error retrieving player image for Walter [76561199138550494]. skipping..
    Error retrieving player image for WhiteLightnin [76561198336771818]. skipping..
    Error retrieving player name for [76561199227563129]. skipping..
    Error retrieving player image for The Milk Man. [76561198146289159]. skipping..
    Error retrieving player image for ★Thug-Life★ [76561197998177692]. skipping..
    Error retrieving player name for [76561199151695419]. skipping..
    Error retrieving player name for [76561199046920118]. skipping..
    Error retrieving player name for [76561199046920118]. skipping..
    Error retrieving player name for [STEAM_ID_STOP_IGNORING_]. skipping..


-------- January 5, 2023, 4:59 pm --------

  Logged events:
    Error retrieving player name for [76561198399505840]. skipping..
    Error retrieving player name for [76561198185100221]. skipping..
    Error retrieving player name for [76561198043045620]. skipping..
    Error retrieving player name for [76561199046920118]. skipping..
    Error retrieving player name for [76561199227563129]. skipping..
    Error retrieving player image for ★Thug-Life★ [76561197998177692]. skipping..
    Error retrieving player name for [76561199046920118]. skipping..
    Error retrieving player name for [76561199046920118]. skipping..
    Error retrieving player name for [STEAM_ID_STOP_IGNORING_]. skipping..
    Error retrieving player name for [76561197973219888]. skipping..


-------- January 6, 2023, 2:03 am --------

  Logged events:
    Error retrieving player name for [76561198399505840]. skipping..
    Error retrieving player image for Huggy [76561198070636407]. skipping..
    Error retrieving player name for [76561198798707751]. skipping..
    Error retrieving player name for [76561198086587943]. skipping..
    Error retrieving player name for [76561198202036310]. skipping..
    Error retrieving player image for Dr. Geralt [76561198170284175]. skipping..
    Error retrieving player name for [76561198085370638]. skipping..
    Error retrieving player name for [76561198043045620]. skipping..
    Error retrieving player name for [76561198252417898]. skipping..
    Error retrieving player name for [76561199015718944]. skipping..
    Error retrieving player name for [76561199046920118]. skipping..
    Error retrieving player name for [76561198202140009]. skipping..
    Error retrieving player image for Embrz [76561198053268195]. skipping..
    Error retrieving player name for [76561199093280815]. skipping..
    Error retrieving player image for FMR [76561198158097654]. skipping..
    Error retrieving player name for [76561197980946491]. skipping..
    Error retrieving player image for FC [76561198813719374]. skipping..
    Error retrieving player image for Fear [76561199064307651]. skipping..
    Error retrieving player image for White Cube [76561197994982822]. skipping..
    Error retrieving player image for FLUX [76561197968802052]. skipping..
    Error retrieving player name for [76561197974150813]. skipping..
    Error retrieving player image for Duw Gans &#039;n [76561198106341719]. skipping..
    Error retrieving player name for [76561198198078509]. skipping..
    Error retrieving player name for [76561198104978620]. skipping..
    Error retrieving player name for [76561198239637082]. skipping..
    Error retrieving player image for Silent [76561198184002387]. skipping..
    Error retrieving player image for Silent_hysteria [76561199085553834]. skipping..
    Error retrieving player name for [76561198099285010]. skipping..
    Error retrieving player name for [76561199006886269]. skipping..
    Error retrieving player image for Soccerlegend23 [76561198060026108]. skipping..
    Error retrieving player image for Spartan [76561198003513502]. skipping..
    Error retrieving player name for [76561198081745457]. skipping..
    Error retrieving player image for Spuddley [76561198936754072]. skipping..
    Error retrieving player name for [76561198253796832]. skipping..
    Error retrieving player name for [76561199130413814]. skipping..
    Error retrieving player image for Team Liquid - Steven [76561199054021694]. skipping..
    Error retrieving player image for Syro System [76561198085622944]. skipping..
    Error retrieving player image for Term010 [76561198094867782]. skipping..
    Error retrieving player name for [76561198058845906]. skipping..
    Error retrieving player name for [76561198401320247]. skipping..
    Error retrieving player image for Toast [76561198141149701]. skipping..
    Error retrieving player name for [76561199095156208]. skipping..
    Error retrieving player image for tosh [76561197977159380]. skipping..
    Error retrieving player image for Trexdub [76561198014590323]. skipping..
    Error retrieving player name for [76561198859779708]. skipping..
    Error retrieving player name for [76561199203565191]. skipping..
    Error retrieving player name for [76561198016106930]. skipping..
    Error retrieving player name for [76561198417327423]. skipping..
    Error retrieving player name for [76561198353050316]. skipping..
    Error retrieving player image for Timeless [76561198925496247]. skipping..
    Error retrieving player image for ULTRA [76561198035973067]. skipping..
    Error retrieving player name for [76561198125207623]. skipping..
    Error retrieving player name for [76561199111298525]. skipping..
    Error retrieving player image for Uz1 [76561198972520994]. skipping..
    Error retrieving player name for [76561198139512645]. skipping..
    Error retrieving player name for [76561199160542823]. skipping..
    Error retrieving player image for Walter [76561199138550494]. skipping..
    Error retrieving player image for weeb [76561199012524333]. skipping..
    Error retrieving player name for [76561199008926038]. skipping..
    Error retrieving player name for [76561198997909888]. skipping..
    Error retrieving player name for [76561198202585435]. skipping..
    Error retrieving player image for KJU [76561198144343646]. skipping..
    Error retrieving player image for lil juicer [76561199191614684]. skipping..
    Error retrieving player image for XprofitX [76561198308806604]. skipping..
    Error retrieving player image for xtrct [76561198272323677]. skipping..
    Error retrieving player image for xz [76561198937807426]. skipping..
    Error retrieving player name for [76561198334220958]. skipping..
    Error retrieving player name for [76561197994753311]. skipping..
    Error retrieving player name for [76561198999640306]. skipping..
    Error retrieving player image for Yusa (military on 28th :D) [76561198131794538]. skipping..
    Error retrieving player image for Dylan Felix [76561198112781132]. skipping..
    Error retrieving player image for ZokkuZ [76561198968900763]. skipping..
    Error retrieving player name for [76561198091322626]. skipping..
    Error retrieving player name for [76561199047524923]. skipping..
    Error retrieving player image for KeepItWilde [76561198112288706]. skipping..
    Error retrieving player name for [76561198075276687]. skipping..
    Error retrieving player image for \\ A.N.N.A \\ [76561198053255092]. skipping..
    Error retrieving player image for Ragnarsson [76561198021593151]. skipping..
    Error retrieving player image for Plormby [76561198399489705]. skipping..
    Error retrieving player image for Λההαⓖრα [76561198116523054]. skipping..
    Error retrieving player name for [76561198358462011]. skipping..
    Error retrieving player name for [76561198204104784]. skipping..
    Error retrieving player name for [76561198029763066]. skipping..
    Error retrieving player name for [76561198017278596]. skipping..
    Error retrieving player image for ҟå𝓹ｓɛ𝓵 ⑵ [76561198797714355]. skipping..
    Error retrieving player name for [76561198021110439]. skipping..
    Error retrieving player name for [76561198000007503]. skipping..
    Error retrieving player image for ⓡⓟⓟ ⋆ [76561198013939486]. skipping..
    Error retrieving player name for [76561198836028206]. skipping..
    Error retrieving player image for ♚Prof. TrollDemo Ph.D[VтNr] [76561198043264355]. skipping..
    Error retrieving player name for [76561198079574992]. skipping..
    Error retrieving player name for [76561199122584858]. skipping..
    Error retrieving player name for [76561198308059023]. skipping..
    Error retrieving player name for [76561198967512243]. skipping..
    Error retrieving player image for 常闇トワ～❤ [76561198037893823]. skipping..
    Error retrieving player name for [76561199201944921]. skipping..
    Error retrieving player name for [76561198070029632]. skipping..
    Error retrieving player name for [76561199387540859]. skipping..
    Error retrieving player name for [76561199121029194]. skipping..
    Error retrieving player name for [76561199059279033]. skipping..
    Error retrieving player name for [76561198078237303]. skipping..
    Error retrieving player image for 7n [76561198210780536]. skipping..
    Error retrieving player name for [76561198393759477]. skipping..
    Error retrieving player image for aciidz [76561198054276000]. skipping..
    Error retrieving player image for V-Synth [76561198401934645]. skipping..
    Error retrieving player name for [76561198080719459]. skipping..
    Error retrieving player image for Alexthesniper19 [76561198067307730]. skipping..
    Error retrieving player name for [76561197980259116]. skipping..
    Error retrieving player image for alperen_ayvat [76561198400652601]. skipping..
    Error retrieving player name for [76561199200491017]. skipping..
    Error retrieving player name for [76561198886234516]. skipping..
    Error retrieving player name for [76561198883382135]. skipping..
    Error retrieving player name for [76561198400121602]. skipping..
    Error retrieving player name for [76561199056845630]. skipping..
    Error retrieving player name for [76561199127534308]. skipping..
    Error retrieving player name for [76561199069306338]. skipping..
    Error retrieving player name for [76561198983264675]. skipping..
    Error retrieving player name for [76561199001399903]. skipping..
    Error retrieving player image for Baltz [76561198045350611]. skipping..
    Error retrieving player name for [76561199260241070]. skipping..
    Error retrieving player image for ✿ Bella [76561199043677534]. skipping..
    Error retrieving player name for [76561198813402452]. skipping..
    Error retrieving player image for ฿єℜℜιØS  ☧∀☪₭ [76561198015603935]. skipping..
    Error retrieving player name for [76561199093817342]. skipping..
    Error retrieving player image for Bets [76561198145048547]. skipping..
    Error retrieving player image for bige b [76561198041553071]. skipping..
    Error retrieving player image for bigjimboycam [76561199239692865]. skipping..
    Error retrieving player image for Bigle [76561197991149074]. skipping..
    Error retrieving player name for [76561198821511723]. skipping..
    Error retrieving player image for bleeh [76561198106643252]. skipping..
    Error retrieving player image for Bo Nerman [76561198065602367]. skipping..
    Error retrieving player name for [76561198968720440]. skipping..
    Error retrieving player name for [76561198089697556]. skipping..
    Error retrieving player image for Johnathan Miller [76561198326553881]. skipping..
    Error retrieving player image for brush.x.fire [76561198019125238]. skipping..
    Error retrieving player name for [76561198115877047]. skipping..
    Error retrieving player name for [76561199131792120]. skipping..
    Error retrieving player name for [76561198241839372]. skipping..
    Error retrieving player name for [76561198149076487]. skipping..
    Error retrieving player name for [76561198023600303]. skipping..
    Error retrieving player name for [76561198093639685]. skipping..
    Error retrieving player image for CB [76561198174186539]. skipping..
    Error retrieving player name for [76561198143283618]. skipping..
    Error retrieving player image for Celi [76561198080964862]. skipping..
    Error retrieving player image for Cerilliant [76561198799287187]. skipping..
    Error retrieving player image for 千山 [76561198128119441]. skipping..
    Error retrieving player image for Cheekadaweek [76561197970676789]. skipping..
    Error retrieving player name for [76561198219659983]. skipping..
    Error retrieving player name for [76561198044541097]. skipping..
    Error retrieving player image for ChocoMuffin [76561198801526388]. skipping..
    Error retrieving player image for CinnyCinna [76561198285682111]. skipping..
    Error retrieving player image for ClevrGrl [76561198062030694]. skipping..
    Error retrieving player image for Clive - Sharpshooter [76561198106620252]. skipping..
    Error retrieving player name for [76561198103692345]. skipping..
    Error retrieving player image for Complete_Bagel [76561198013678251]. skipping..
    Error retrieving player name for [76561198019245421]. skipping..
    Error retrieving player image for craziiernie [76561198398884103]. skipping..
    Error retrieving player image for Crazybaby [76561198053734604]. skipping..
    Error retrieving player name for [76561198122595466]. skipping..
    Error retrieving player name for [76561198063092592]. skipping..
    Error retrieving player image for Father Goku [76561198045559612]. skipping..
    Error retrieving player name for [76561198034548070]. skipping..
    Error retrieving player image for Daneiro_Shi [76561198972894105]. skipping..
    Error retrieving player image for DankTaste [76561199292809981]. skipping..
    Error retrieving player image for Danstickman [76561199222088899]. skipping..
    Error retrieving player image for Hetwh0 [76561199143434344]. skipping..
    Error retrieving player image for Demoncloak [76561198066449397]. skipping..
    Error retrieving player name for [76561198151768188]. skipping..
    Error retrieving player image for dr Spezza [76561198018795247]. skipping..
    Error retrieving player image for Dr.No [76561198033804525]. skipping..
    Error retrieving player name for [76561198010469724]. skipping..
    Error retrieving player name for [76561198067857612]. skipping..
    Error retrieving player name for [76561197963060841]. skipping..
    Error retrieving player name for [76561199059413754]. skipping..
    Error retrieving player name for [76561198852564504]. skipping..
    Error retrieving player name for [76561198364288816]. skipping..
    Error retrieving player image for rpxvevzarvbeq [76561199242231036]. skipping..
    Error retrieving player name for [76561198176287210]. skipping..
    Error retrieving player name for [76561199117327356]. skipping..
    Error retrieving player name for [76561198870526852]. skipping..
    Error retrieving player image for Sasori ♡ [76561199130856870]. skipping..
    Error retrieving player image for First Aid [76561198098190660]. skipping..
    Error retrieving player name for [76561198422335992]. skipping..
    Error retrieving player image for FR-Owen Spencer [76561198140209212]. skipping..
    Error retrieving player name for [76561199376012114]. skipping..
    Error retrieving player name for [76561199143749308]. skipping..
    Error retrieving player name for [76561197968066907]. skipping..
    Error retrieving player image for Geore [76561198348274875]. skipping..
    Error retrieving player name for [76561198823192651]. skipping..
    Error retrieving player image for Dodge Ram 1500 [76561198067516939]. skipping..
    Error retrieving player image for Goldie [76561198097865584]. skipping..
    Error retrieving player image for GREATFULL [76561198096947785]. skipping..
    Error retrieving player name for [76561198158036935]. skipping..
    Error retrieving player name for [76561198257363899]. skipping..
    Error retrieving player image for Holophrastic [76561198001393342]. skipping..
    Error retrieving player image for Holy Apple [76561198178572113]. skipping..
    Error retrieving player name for [76561198137782554]. skipping..
    Error retrieving player image for Hugga [76561198068809892]. skipping..
    Error retrieving player image for HugsNotDrugs [76561198019584690]. skipping..
    Error retrieving player image for Chunky Rodent! [76561197979873931]. skipping..
    Error retrieving player name for [76561198055727976]. skipping..
    Error retrieving player name for [76561198258448673]. skipping..
    Error retrieving player name for [76561198142030624]. skipping..
    Error retrieving player name for [76561199030208370]. skipping..
    Error retrieving player image for I_Want_A_Soft_Taco [76561198225561352]. skipping..
    Error retrieving player image for Jack The Ripper [76561198975801129]. skipping..
    Error retrieving player name for [76561198031497154]. skipping..
    Error retrieving player name for [76561198040606773]. skipping..
    Error retrieving player image for JoetheCrow [76561198148385513]. skipping..
    Error retrieving player name for [76561197965183092]. skipping..
    Error retrieving player image for johnathanmacdonald [76561199197553574]. skipping..
    Error retrieving player name for [76561197960377876]. skipping..
    Error retrieving player name for [76561198321392164]. skipping..
    Error retrieving player image for jp [76561198123373386]. skipping..
    Error retrieving player image for Jully uwu [76561198272325790]. skipping..
    Error retrieving player name for [76561199122866511]. skipping..
    Error retrieving player image for kimbyonghi [76561198394133606]. skipping..
    Error retrieving player image for KEFI [76561198416497134]. skipping..
    Error retrieving player name for [76561198213084919]. skipping..
    Error retrieving player name for [76561198073515669]. skipping..
    Error retrieving player name for [76561198061576819]. skipping..
    Error retrieving player image for MerpyX [76561198381632822]. skipping..
    Error retrieving player image for Volvo 850 R (1997) [76561198137830439]. skipping..
    Error retrieving player name for [76561198072100423]. skipping..
    Error retrieving player name for [76561198273498386]. skipping..
    Error retrieving player image for Mr.Croqueta [76561198069379573]. skipping..
    Error retrieving player image for mr3abumbun [76561199190356602]. skipping..
    Error retrieving player image for Mrs Darling [76561198073850450]. skipping..
    Error retrieving player image for Nikita_BY [76561198168122071]. skipping..
    Error retrieving player image for Ninjadog88 [76561198122158905]. skipping..
    Error retrieving player name for [76561199086990833]. skipping..
    Error retrieving player image for bAYID [76561199137829567]. skipping..
    Error retrieving player image for Orion [76561198066296388]. skipping..
    Error retrieving player image for Overdose [76561197984938312]. skipping..
    Error retrieving player image for Paleo [76561198053493855]. skipping..
    Error retrieving player image for Pineapple of Bob [76561198813324481]. skipping..
    Error retrieving player name for [76561198291555095]. skipping..
    Error retrieving player name for [76561198814797202]. skipping..
    Error retrieving player image for Prometheus™ [76561198004980648]. skipping..
    Error retrieving player name for [76561198869338902]. skipping..
    Error retrieving player name for [76561198037252046]. skipping..
    Error retrieving player image for Quasar [76561198844380255]. skipping..
    Error retrieving player image for family guy funny moments [76561198850076584]. skipping..
    Error retrieving player image for ラヒ [76561199000199522]. skipping..
    Error retrieving player name for [76561198006634382]. skipping..
    Error retrieving player name for [76561197967034126]. skipping..
    Error retrieving player name for [76561199073088067]. skipping..
    Error retrieving player name for [76561198132684319]. skipping..
    Error retrieving player image for Reyes [76561198851163569]. skipping..
    Error retrieving player name for [76561199386803328]. skipping..
    Error retrieving player image for Rob [76561197970298314]. skipping..
    Error retrieving player name for [76561197962872829]. skipping..
    Error retrieving player name for [76561198062623644]. skipping..
    Error retrieving player name for [76561198220229655]. skipping..
    Error retrieving player name for [76561199151932886]. skipping..
    Error retrieving player name for [76561198845947726]. skipping..
    Error retrieving player name for [76561198997423125]. skipping..
    Error retrieving player image for ShotgunShell [76561198360434831]. skipping..
    Error retrieving player name for [76561197963198071]. skipping..
    Error retrieving player name for [76561199227563129]. skipping..
    Error retrieving player image for ★Thug-Life★ [76561197998177692]. skipping..
    Error retrieving player image for Дура? [76561198018734312]. skipping..
    Error retrieving player image for merd0 [76561199167038008]. skipping..
    Error retrieving player image for Mist [76561198091116227]. skipping..
    Error retrieving player name for [76561198197276222]. skipping..
    Error retrieving player name for [76561198026137826]. skipping..
    Error retrieving player name for [76561198819891405]. skipping..
    Error retrieving player name for [76561198005525887]. skipping..
    Error retrieving player name for [76561198196644395]. skipping..
    Error retrieving player image for paddington [76561198983215304]. skipping..
    Error retrieving player name for [76561198090406202]. skipping..
    Error retrieving player image for peep wars [76561197998957737]. skipping..
    Error retrieving player image for T. Weather [76561198219539017]. skipping..
    Error retrieving player name for [76561198399240958]. skipping..
    Error retrieving player name for [76561199330813834]. skipping..
    Error retrieving player name for [76561198299029675]. skipping..
    Error retrieving player name for [76561198941249101]. skipping..
    Error retrieving player image for rolo [76561198078665683]. skipping..
    Error retrieving player name for [76561198804317742]. skipping..
    Error retrieving player name for [76561199013715793]. skipping..
    Error retrieving player name for [76561198167068225]. skipping..
    Error retrieving player image for sten [76561198852949810]. skipping..
    Error retrieving player name for [76561198350604919]. skipping..
    Error retrieving player image for Stove Seagull [76561198116716358]. skipping..
    Error retrieving player name for [76561199229168792]. skipping..
    Error retrieving player name for [76561198056757546]. skipping..
    Error retrieving player image for Thomas (TW) [76561198099355898]. skipping..
    Error retrieving player image for Tolek74 [76561198015865988]. skipping..
    Error retrieving player image for Pervert [76561199128885083]. skipping..
    Error retrieving player name for [76561199080808930]. skipping..
    Error retrieving player name for [76561198086527625]. skipping..
    Error retrieving player name for [76561199061252652]. skipping..
    Error retrieving player image for degenerate_femboy [76561199183387086]. skipping..
    Error retrieving player name for [76561198846026602]. skipping..
    Error retrieving player image for ♔Pine Richard Jr♔ [76561197979856230]. skipping..
    Error retrieving player name for [76561198233946552]. skipping..
    Error retrieving player name for [76561197982942603]. skipping..
    Error retrieving player image for 戦争の悪魔近平脊髄剣 [76561198835791176]. skipping..
    Error retrieving player name for [76561198812422646]. skipping..
    Error retrieving player image for 👻ҜǿИĐغ👻 [76561197970068734]. skipping..
    Error retrieving player name for [76561199046920118]. skipping..
    Error retrieving player name for [76561199046920118]. skipping..
    Error retrieving player name for [STEAM_ID_STOP_IGNORING_]. skipping..

