
-------- March 1, 2023, 2:25 am --------

  Logged events:
    Error retrieving player name for [76561198399505840]. skipping..
    Error retrieving player name for [76561198043045620]. skipping..
    Error retrieving player name for [76561199046920118]. skipping..
    Error retrieving player name for [76561198172092483]. skipping..
    Error retrieving player name for [76561199227563129]. skipping..
    Error retrieving player name for [76561199220150809]. skipping..
    Error retrieving player name for [76561199046920118]. skipping..
    Error retrieving player name for [76561199046920118]. skipping..
    Error retrieving player name for [STEAM_ID_STOP_IGNORING_]. skipping..


-------- March 1, 2023, 8:59 am --------

  Logged events:
    Error retrieving player name for [76561198399505840]. skipping..
    Error retrieving player name for [76561198043045620]. skipping..
    Error retrieving player name for [76561199046920118]. skipping..
    Error retrieving player name for [76561198172092483]. skipping..
    Error retrieving player name for [76561199227563129]. skipping..
    Error retrieving player name for [76561199220150809]. skipping..
    Error retrieving player name for [76561199046920118]. skipping..
    Error retrieving player name for [76561199046920118]. skipping..
    Error retrieving player name for [STEAM_ID_STOP_IGNORING_]. skipping..


-------- March 1, 2023, 4:51 pm --------

  Logged events:
    Error retrieving player name for [76561198399505840]. skipping..
    Error retrieving player name for [76561199229679351]. skipping..
    Error retrieving player image for Dibbo [76561198032105883]. skipping..
    Error retrieving player image for Dissident [76561198005720534]. skipping..
    Error retrieving player image for Julius Caesar [76561198024487900]. skipping..
    Error retrieving player name for [76561198242818876]. skipping..
    Error retrieving player name for [76561198170284175]. skipping..
    Error retrieving player image for Dr.Cocktail [76561198085370638]. skipping..
    Error retrieving player name for [76561198262819604]. skipping..
    Error retrieving player name for [76561198853618018]. skipping..
    Error retrieving player name for [76561198043045620]. skipping..
    Error retrieving player name for [76561198862218560]. skipping..
    Error retrieving player name for [76561199152506553]. skipping..
    Error retrieving player name for [76561198252417898]. skipping..
    Error retrieving player name for [76561199467507779]. skipping..
    Error retrieving player name for [76561198852564504]. skipping..
    Error retrieving player name for [76561198370133463]. skipping..
    Error retrieving player name for [76561199046920118]. skipping..
    Error retrieving player image for eish [76561198089463603]. skipping..
    Error retrieving player image for elizabeth.w502 [76561199193748141]. skipping..
    Error retrieving player image for Envyy [76561199067172666]. skipping..
    Error retrieving player name for [76561199236039925]. skipping..
    Error retrieving player name for [76561199113458939]. skipping..
    Error retrieving player image for FALLingorflYING [76561197979082192]. skipping..
    Error retrieving player name for [76561198158097654]. skipping..
    Error retrieving player name for [76561197980946491]. skipping..
    Error retrieving player image for White Cube [76561197994982822]. skipping..
    Error retrieving player image for for fun gamer [76561198050547079]. skipping..
    Error retrieving player name for [76561197991723529]. skipping..
    Error retrieving player name for [76561198281478061]. skipping..
    Error retrieving player name for [76561199405030956]. skipping..
    Error retrieving player name for [76561199380656027]. skipping..
    Error retrieving player name for [76561198866287844]. skipping..
    Error retrieving player image for GAY in bra and panty 3XAAA [76561198008036797]. skipping..
    Error retrieving player name for [76561199062125346]. skipping..
    Error retrieving player image for Gents [76561198028741818]. skipping..
    Error retrieving player name for [76561198823192651]. skipping..
    Error retrieving player name for [76561198119709222]. skipping..
    Error retrieving player image for I am the real Carti [76561199113834676]. skipping..
    Error retrieving player image for GioCombo [76561198359582774]. skipping..
    Error retrieving player image for Gnahc Nevets [76561198212958001]. skipping..
    Error retrieving player image for Goat Reliq [76561198096808194]. skipping..
    Error retrieving player name for [76561199156342580]. skipping..
    Error retrieving player name for [76561199203484258]. skipping..
    Error retrieving player name for [76561198063759829]. skipping..
    Error retrieving player image for Gris [76561198976237994]. skipping..
    Error retrieving player image for H. [76561198993116486]. skipping..
    Error retrieving player image for han [76561198392877845]. skipping..
    Error retrieving player name for [76561198067190925]. skipping..
    Error retrieving player name for [76561198010464399]. skipping..
    Error retrieving player image for Headache AKA Gail the Snail [76561197972390647]. skipping..
    Error retrieving player image for HellishWoman [76561198060123351]. skipping..
    Error retrieving player image for Hello [76561198009174822]. skipping..
    Error retrieving player image for HeXaah [76561198035757304]. skipping..
    Error retrieving player name for [76561197998819550]. skipping..
    Error retrieving player image for Hitman [76561198037994859]. skipping..
    Error retrieving player image for Hiuman [76561198225877012]. skipping..
    Error retrieving player name for [76561199005757759]. skipping..
    Error retrieving player image for Hom67 [76561198017158853]. skipping..
    Error retrieving player name for [76561198206667383]. skipping..
    Error retrieving player name for [76561199088080942]. skipping..
    Error retrieving player image for 👑 [76561198018935368]. skipping..
    Error retrieving player image for IceWolf [76561198088925052]. skipping..
    Error retrieving player image for icoeufre [76561198120032944]. skipping..
    Error retrieving player image for SHAPE [76561198138906325]. skipping..
    Error retrieving player image for Infinity [76561198032129488]. skipping..
    Error retrieving player name for [76561198103750114]. skipping..
    Error retrieving player image for Overlord_Error [76561198807710901]. skipping..
    Error retrieving player name for [76561199304189313]. skipping..
    Error retrieving player image for Ivo [76561198056582175]. skipping..
    Error retrieving player image for J.T. [76561198003184616]. skipping..
    Error retrieving player name for [76561198387936561]. skipping..
    Error retrieving player image for Jajami_O_Mate [76561198060522148]. skipping..
    Error retrieving player name for [76561197999173629]. skipping..
    Error retrieving player name for [76561198033106598]. skipping..
    Error retrieving player name for [76561199250909621]. skipping..
    Error retrieving player image for JeN [76561198000681107]. skipping..
    Error retrieving player name for [76561199375876039]. skipping..
    Error retrieving player image for jeremiahlongfellow [76561199163145696]. skipping..
    Error retrieving player image for Jerry [76561198968360149]. skipping..
    Error retrieving player name for [76561198347907353]. skipping..
    Error retrieving player image for Jetzon [76561198201033762]. skipping..
    Error retrieving player name for [76561199004620308]. skipping..
    Error retrieving player image for Jill [76561198017507425]. skipping..
    Error retrieving player name for [76561199076682688]. skipping..
    Error retrieving player image for Josh [76561198981608253]. skipping..
    Error retrieving player image for Juhis [76561198005494524]. skipping..
    Error retrieving player name for [76561198026877782]. skipping..
    Error retrieving player name for [76561198293825246]. skipping..
    Error retrieving player name for [76561198175916311]. skipping..
    Error retrieving player image for J¡-! [76561199403344999]. skipping..
    Error retrieving player image for K. [76561198837086096]. skipping..
    Error retrieving player image for Kafka [76561199174877102]. skipping..
    Error retrieving player image for Kaibil [76561198027102231]. skipping..
    Error retrieving player image for Kaigin [76561198069859323]. skipping..
    Error retrieving player name for [76561198192783941]. skipping..
    Error retrieving player name for [76561198370694992]. skipping..
    Error retrieving player image for Kevin [76561198092631763]. skipping..
    Error retrieving player image for whotfisava? [76561198895426024]. skipping..
    Error retrieving player image for Micky [76561198953406488]. skipping..
    Error retrieving player image for MUST be NICE [76561198076564951]. skipping..
    Error retrieving player image for Nayuta [76561197978506223]. skipping..
    Error retrieving player image for ooz [76561198165292584]. skipping..
    Error retrieving player image for rd [76561198269436948]. skipping..
    Error retrieving player name for [76561199215337001]. skipping..
    Error retrieving player image for reimu [76561198072390256]. skipping..
    Error retrieving player name for [76561198169805453]. skipping..
    Error retrieving player name for [76561198945634210]. skipping..
    Error retrieving player image for rooster63 [76561198014375811]. skipping..
    Error retrieving player name for [76561198079380694]. skipping..
    Error retrieving player name for [76561199067822183]. skipping..
    Error retrieving player image for s43ko [76561198010807488]. skipping..
    Error retrieving player image for SAIL HATAN! [76561198312156829]. skipping..
    Error retrieving player image for no mercy pro [76561199123026305]. skipping..
    Error retrieving player image for salad [76561198176892879]. skipping..
    Error retrieving player image for Sallen [76561199062351778]. skipping..
    Error retrieving player name for [76561199096985618]. skipping..
    Error retrieving player image for Sayanel [76561198109451191]. skipping..
    Error retrieving player image for Shanks [76561198050736005]. skipping..
    Error retrieving player name for [76561198050422740]. skipping..
    Error retrieving player image for Donkey [76561198065812132]. skipping..
    Error retrieving player name for [76561198052715117]. skipping..
    Error retrieving player name for [76561199085553834]. skipping..
    Error retrieving player name for [76561199075571842]. skipping..
    Error retrieving player image for Sin (Sintex) [76561198072627979]. skipping..
    Error retrieving player name for [76561199142775809]. skipping..
    Error retrieving player image for sl [76561198008549651]. skipping..
    Error retrieving player image for sLeeK [76561197981727999]. skipping..
    Error retrieving player name for [76561198051299733]. skipping..
    Error retrieving player name for [76561198316074996]. skipping..
    Error retrieving player name for [76561198099285010]. skipping..
    Error retrieving player name for [76561198003727029]. skipping..
    Error retrieving player name for [76561198135986445]. skipping..
    Error retrieving player image for swtick [76561199387374466]. skipping..
    Error retrieving player name for [76561198003513502]. skipping..
    Error retrieving player name for [76561198086831641]. skipping..
    Error retrieving player image for Starlight Breaker [76561198253796832]. skipping..
    Error retrieving player name for [76561199054021694]. skipping..
    Error retrieving player image for swap commends [76561197961833753]. skipping..
    Error retrieving player name for [76561198001098813]. skipping..
    Error retrieving player image for SunDres [76561198119624204]. skipping..
    Error retrieving player image for suniki [76561198021324770]. skipping..
    Error retrieving player image for swtick [76561199122293851]. skipping..
    Error retrieving player image for tacticalblitz [76561199384830911]. skipping..
    Error retrieving player image for tee [76561198155783469]. skipping..
    Error retrieving player name for [76561198058845906]. skipping..
    Error retrieving player image for The Ghost [76561198401320247]. skipping..
    Error retrieving player image for The Happy Falafel [76561198008381159]. skipping..
    Error retrieving player name for [76561198141149701]. skipping..
    Error retrieving player image for tosh [76561197977159380]. skipping..
    Error retrieving player name for [76561198184776509]. skipping..
    Error retrieving player name for [76561197978347645]. skipping..
    Error retrieving player image for trash [76561198004962322]. skipping..
    Error retrieving player name for [76561198014590323]. skipping..
    Error retrieving player name for [76561198353050316]. skipping..
    Error retrieving player image for Timeless(1) [76561198925496247]. skipping..
    Error retrieving player name for [76561198125207623]. skipping..
    Error retrieving player image for Uncultivated [76561197998724156]. skipping..
    Error retrieving player name for [76561199111298525]. skipping..
    Error retrieving player name for [76561198972520994]. skipping..
    Error retrieving player image for Vestrocity [76561198139535622]. skipping..
    Error retrieving player name for [76561199160542823]. skipping..
    Error retrieving player name for [76561199000549231]. skipping..
    Error retrieving player name for [76561198210203825]. skipping..
    Error retrieving player image for Wesley258 [76561198172313918]. skipping..
    Error retrieving player name for [76561198336771818]. skipping..
    Error retrieving player name for [76561198997909888]. skipping..
    Error retrieving player image for Wooz (fr) [76561198006298158]. skipping..
    Error retrieving player image for Xaviruso [76561198248201428]. skipping..
    Error retrieving player name for [76561198144343646]. skipping..
    Error retrieving player name for [76561198823464824]. skipping..
    Error retrieving player image for XprofitX [76561198308806604]. skipping..
    Error retrieving player image for xtrct [76561198272323677]. skipping..
    Error retrieving player image for Xxghostkilla [76561198251207140]. skipping..
    Error retrieving player image for YarN [76561198334220958]. skipping..
    Error retrieving player name for [76561199096482760]. skipping..
    Error retrieving player name for [76561198999640306]. skipping..
    Error retrieving player name for [76561199149897419]. skipping..
    Error retrieving player name for [76561198131794538]. skipping..
    Error retrieving player name for [76561197987864717]. skipping..
    Error retrieving player name for [76561198263769128]. skipping..
    Error retrieving player name for [76561198007365406]. skipping..
    Error retrieving player name for [76561198120111085]. skipping..
    Error retrieving player image for Zuri [76561199047524923]. skipping..
    Error retrieving player image for Bishop [76561197984544626]. skipping..
    Error retrieving player name for [76561198112288706]. skipping..
    Error retrieving player image for Ragnarsson [76561198021593151]. skipping..
    Error retrieving player name for [76561198399489705]. skipping..
    Error retrieving player name for [76561198383008636]. skipping..
    Error retrieving player image for Ͳ·Ͳ [76561199139784485]. skipping..
    Error retrieving player name for [76561198358462011]. skipping..
    Error retrieving player name for [76561198957693749]. skipping..
    Error retrieving player name for [76561198999020548]. skipping..
    Error retrieving player name for [76561198017278596]. skipping..
    Error retrieving player name for [76561197975617592]. skipping..
    Error retrieving player name for [76561198021110439]. skipping..
    Error retrieving player image for Paul [76561198000007503]. skipping..
    Error retrieving player name for [76561199447220952]. skipping..
    Error retrieving player image for ⓡⓟⓟ ⋆ [76561198013939486]. skipping..
    Error retrieving player name for [76561198043264355]. skipping..
    Error retrieving player name for [76561199122584858]. skipping..
    Error retrieving player name for [76561198308059023]. skipping..
    Error retrieving player name for [76561199077136971]. skipping..
    Error retrieving player image for be a cat girl [76561198967512243]. skipping..
    Error retrieving player image for Okayuppi～❤ [76561198037893823]. skipping..
    Error retrieving player name for [76561198105817964]. skipping..
    Error retrieving player name for [76561198431152120]. skipping..
    Error retrieving player name for [76561199110995397]. skipping..
    Error retrieving player image for 567325 [76561199387540859]. skipping..
    Error retrieving player name for [76561198009622881]. skipping..
    Error retrieving player image for TheFace [76561198091559452]. skipping..
    Error retrieving player image for 0neLeviathan [76561199121029194]. skipping..
    Error retrieving player image for Hello kitty Gaming [76561198056283224]. skipping..
    Error retrieving player name for [76561199423204822]. skipping..
    Error retrieving player image for NOD FOR THIGHS [76561199184260137]. skipping..
    Error retrieving player name for [76561198963969363]. skipping..
    Error retrieving player name for [76561198210780536]. skipping..
    Error retrieving player name for [76561199268170649]. skipping..
    Error retrieving player name for [76561198119692725]. skipping..
    Error retrieving player image for aciidz [76561198054276000]. skipping..
    Error retrieving player image for V-Synth [76561198401934645]. skipping..
    Error retrieving player name for [76561199121182719]. skipping..
    Error retrieving player name for [76561198080719459]. skipping..
    Error retrieving player name for [76561198930293077]. skipping..
    Error retrieving player image for AKA Ruthless Killer [76561198016049158]. skipping..
    Error retrieving player name for [76561199196967003]. skipping..
    Error retrieving player image for alperen_ayvat [76561198400652601]. skipping..
    Error retrieving player image for AmOrf PlaYa [76561198087095224]. skipping..
    Error retrieving player name for [76561199275373758]. skipping..
    Error retrieving player name for [76561198370462659]. skipping..
    Error retrieving player name for [76561198886234516]. skipping..
    Error retrieving player name for [76561198883382135]. skipping..
    Error retrieving player name for [76561198799290838]. skipping..
    Error retrieving player image for Axolotlシ [76561199056845630]. skipping..
    Error retrieving player image for vrtualnick [76561198017199274]. skipping..
    Error retrieving player image for 10&#039;Secondz [76561198026166703]. skipping..
    Error retrieving player name for [76561198045350611]. skipping..
    Error retrieving player name for [76561197997128450]. skipping..
    Error retrieving player image for beginner man [76561199260241070]. skipping..
    Error retrieving player name for [76561199043677534]. skipping..
    Error retrieving player image for タシア❤ [76561198813402452]. skipping..
    Error retrieving player image for ฿єℜℜιØS  ☧∀☪₭ [76561198015603935]. skipping..
    Error retrieving player name for [76561199093817342]. skipping..
    Error retrieving player name for [76561198041553071]. skipping..
    Error retrieving player name for [76561199239692865]. skipping..
    Error retrieving player image for Bigle [76561197991149074]. skipping..
    Error retrieving player image for bizzle [76561198082153973]. skipping..
    Error retrieving player image for Bleeh [76561198106643252]. skipping..
    Error retrieving player name for [76561198065602367]. skipping..
    Error retrieving player image for Fish [76561198968720440]. skipping..
    Error retrieving player image for Boss #1 (Faceless) [76561198093714585]. skipping..
    Error retrieving player name for [76561199057043180]. skipping..
    Error retrieving player image for cali_hugo [76561198023600303]. skipping..
    Error retrieving player name for [76561199253513778]. skipping..
    Error retrieving player name for [76561198103692345]. skipping..
    Error retrieving player image for Copium [76561199110434123]. skipping..
    Error retrieving player image for CrAzYJoKeR1 [76561198122595466]. skipping..
    Error retrieving player name for [76561199239914204]. skipping..
    Error retrieving player name for [76561198343425687]. skipping..
    Error retrieving player name for [76561198018766246]. skipping..
    Error retrieving player image for Dabadiju [76561198077098169]. skipping..
    Error retrieving player name for [76561198045559612]. skipping..
    Error retrieving player name for [76561198034548070]. skipping..
    Error retrieving player image for Dan [76561198015839366]. skipping..
    Error retrieving player name for [76561198401287034]. skipping..
    Error retrieving player image for DeathDealer [76561198342567663]. skipping..
    Error retrieving player name for [76561198836274533]. skipping..
    Error retrieving player name for [76561198021972554]. skipping..
    Error retrieving player image for . [76561197994301890]. skipping..
    Error retrieving player image for Dolla_General [76561199226454858]. skipping..
    Error retrieving player name for [76561198033804525]. skipping..
    Error retrieving player image for Dracula™ [76561198010469724]. skipping..
    Error retrieving player name for [76561199072441973]. skipping..
    Error retrieving player image for drinkmilkresponsibly [76561198311028519]. skipping..
    Error retrieving player name for [76561199136353817]. skipping..
    Error retrieving player name for [76561198855195342]. skipping..
    Error retrieving player image for Ellis [76561198018598733]. skipping..
    Error retrieving player name for [76561199435079143]. skipping..
    Error retrieving player name for [76561198176287210]. skipping..
    Error retrieving player image for fanec [76561198870526852]. skipping..
    Error retrieving player name for [76561199130856870]. skipping..
    Error retrieving player name for [76561198117910965]. skipping..
    Error retrieving player name for [76561198098190660]. skipping..
    Error retrieving player name for [76561198422335992]. skipping..
    Error retrieving player name for [76561198217349344]. skipping..
    Error retrieving player image for Fox [76561198010540675]. skipping..
    Error retrieving player name for [76561198163626694]. skipping..
    Error retrieving player image for FR-Owen Spencer [76561198140209212]. skipping..
    Error retrieving player image for free to play [76561199376012114]. skipping..
    Error retrieving player image for HouseVibe [76561199143749308]. skipping..
    Error retrieving player image for Genius Gate [76561197968066907]. skipping..
    Error retrieving player name for [76561198348274875]. skipping..
    Error retrieving player name for [76561198067516939]. skipping..
    Error retrieving player image for goatm4n [76561198830524644]. skipping..
    Error retrieving player name for [76561199059912600]. skipping..
    Error retrieving player name for [76561199060809928]. skipping..
    Error retrieving player name for [76561198097865584]. skipping..
    Error retrieving player name for [76561198160324638]. skipping..
    Error retrieving player name for [76561199121470085]. skipping..
    Error retrieving player image for Hannah [76561199388777826]. skipping..
    Error retrieving player name for [76561198373995359]. skipping..
    Error retrieving player name for [76561198257363899]. skipping..
    Error retrieving player name for [76561197969661806]. skipping..
    Error retrieving player name for [76561198063531705]. skipping..
    Error retrieving player image for Holy Apple [76561198178572113]. skipping..
    Error retrieving player name for [76561198137782554]. skipping..
    Error retrieving player name for [76561198036736955]. skipping..
    Error retrieving player image for Hypercodex [76561198850838028]. skipping..
    Error retrieving player name for [76561197971200435]. skipping..
    Error retrieving player image for Ieatpancakes4free [76561198999168594]. skipping..
    Error retrieving player image for IlhamBoi [76561199007279877]. skipping..
    Error retrieving player name for [76561198055727976]. skipping..
    Error retrieving player name for [76561198967363441]. skipping..
    Error retrieving player name for [76561199231592019]. skipping..
    Error retrieving player image for on 1 [76561199445312324]. skipping..
    Error retrieving player image for Innuendo [76561198142030624]. skipping..
    Error retrieving player name for [76561197972373120]. skipping..
    Error retrieving player name for [76561199030208370]. skipping..
    Error retrieving player image for Itchyballs02 [76561198243102914]. skipping..
    Error retrieving player image for I_Want_A_Soft_Taco [76561198225561352]. skipping..
    Error retrieving player name for [76561198975801129]. skipping..
    Error retrieving player image for jackAroo [76561198305045512]. skipping..
    Error retrieving player image for bootymuncher [76561199108233264]. skipping..
    Error retrieving player name for [76561198067978838]. skipping..
    Error retrieving player name for [76561198254992940]. skipping..
    Error retrieving player name for [76561198148385513]. skipping..
    Error retrieving player image for John Freeman [76561197965183092]. skipping..
    Error retrieving player name for [76561199197553574]. skipping..
    Error retrieving player name for [76561197960377876]. skipping..
    Error retrieving player name for [76561198272325790]. skipping..
    Error retrieving player image for k0ttie [76561198394994511]. skipping..
    Error retrieving player image for Flakky [76561198411432166]. skipping..
    Error retrieving player name for [76561198029418155]. skipping..
    Error retrieving player image for KannoJoe [76561199229101228]. skipping..
    Error retrieving player name for [76561199379867666]. skipping..
    Error retrieving player name for [76561198383119727]. skipping..
    Error retrieving player name for [76561198062856406]. skipping..
    Error retrieving player image for kent [76561198842084637]. skipping..
    Error retrieving player image for Kgamers4 [76561198213084919]. skipping..
    Error retrieving player image for kimmy [76561199000266355]. skipping..
    Error retrieving player name for [76561198398090264]. skipping..
    Error retrieving player name for [76561199111233348]. skipping..
    Error retrieving player image for vanesa [76561198878976065]. skipping..
    Error retrieving player image for Kon [76561198061576819]. skipping..
    Error retrieving player name for [76561198117903360]. skipping..
    Error retrieving player name for [76561198363243681]. skipping..
    Error retrieving player image for Koto [76561198260129065]. skipping..
    Error retrieving player image for kris [76561198006588157]. skipping..
    Error retrieving player name for [76561199417169682]. skipping..
    Error retrieving player name for [76561198072198312]. skipping..
    Error retrieving player image for La_Tartine [FR] [76561197994856527]. skipping..
    Error retrieving player name for [76561199224239464]. skipping..
    Error retrieving player name for [76561198079617232]. skipping..
    Error retrieving player name for [76561198854412600]. skipping..
    Error retrieving player name for [76561197984164208]. skipping..
    Error retrieving player name for [76561198051599124]. skipping..
    Error retrieving player name for [76561198053959912]. skipping..
    Error retrieving player image for Shadow [76561198843047672]. skipping..
    Error retrieving player name for [76561198096087129]. skipping..
    Error retrieving player name for [76561198155436967]. skipping..
    Error retrieving player name for [76561199208397526]. skipping..
    Error retrieving player name for [76561198984800658]. skipping..
    Error retrieving player name for [76561198251122644]. skipping..
    Error retrieving player image for MaGiFlower [76561198937399354]. skipping..
    Error retrieving player name for [76561197971031644]. skipping..
    Error retrieving player image for MaldiToledo [76561198401247001]. skipping..
    Error retrieving player name for [76561199184633383]. skipping..
    Error retrieving player name for [76561198416058873]. skipping..
    Error retrieving player image for Mandalin [76561198398688095]. skipping..
    Error retrieving player image for Martyns [76561198042863251]. skipping..
    Error retrieving player image for Maximus3537 [76561198079220397]. skipping..
    Error retrieving player name for [76561199117291149]. skipping..
    Error retrieving player image for mdfc [76561198999027649]. skipping..
    Error retrieving player name for [76561198044882784]. skipping..
    Error retrieving player name for [76561198441297349]. skipping..
    Error retrieving player image for Mouss | HolyGang [76561198276062978]. skipping..
    Error retrieving player image for Mr. Gunderstank [76561198273498386]. skipping..
    Error retrieving player name for [76561199189837590]. skipping..
    Error retrieving player name for [76561198401146698]. skipping..
    Error retrieving player name for [76561198214982472]. skipping..
    Error retrieving player image for NEGAN [76561198350664635]. skipping..
    Error retrieving player image for Nerift4832 [76561198136428974]. skipping..
    Error retrieving player image for neverlucky [76561198291788752]. skipping..
    Error retrieving player image for New(b)Beast [76561198002513892]. skipping..
    Error retrieving player name for [76561198168122071]. skipping..
    Error retrieving player image for nodsgo1234567 [76561199092041539]. skipping..
    Error retrieving player name for [76561198261221169]. skipping..
    Error retrieving player name for [76561199086990833]. skipping..
    Error retrieving player image for Nubble_Muffs [76561199013220391]. skipping..
    Error retrieving player name for [76561198275504091]. skipping..
    Error retrieving player name for [76561198122142732]. skipping..
    Error retrieving player name for [76561199137829567]. skipping..
    Error retrieving player image for orgullocobay [76561199239656165]. skipping..
    Error retrieving player image for Overdose [76561197984938312]. skipping..
    Error retrieving player image for oz [76561197972395871]. skipping..
    Error retrieving player image for Pain in the Brass [76561198068408822]. skipping..
    Error retrieving player name for [76561198224502152]. skipping..
    Error retrieving player name for [76561197998118558]. skipping..
    Error retrieving player name for [76561198975419049]. skipping..
    Error retrieving player name for [76561198087470017]. skipping..
    Error retrieving player name for [76561198998396160]. skipping..
    Error retrieving player name for [76561198813324481]. skipping..
    Error retrieving player image for Pixel [76561198291555095]. skipping..
    Error retrieving player name for [76561198121203801]. skipping..
    Error retrieving player image for Prince [76561198283339564]. skipping..
    Error retrieving player name for [76561198814797202]. skipping..
    Error retrieving player name for [76561198004980648]. skipping..
    Error retrieving player name for [76561198037252046]. skipping..
    Error retrieving player name for [76561198844380255]. skipping..
    Error retrieving player name for [76561198172092483]. skipping..
    Error retrieving player image for toddler ring stew [76561198850076584]. skipping..
    Error retrieving player name for [76561199114790141]. skipping..
    Error retrieving player image for ラヒ [76561199000199522]. skipping..
    Error retrieving player image for RAMBO [76561198006634382]. skipping..
    Error retrieving player name for [76561199149947909]. skipping..
    Error retrieving player image for Regian [76561198876226173]. skipping..
    Error retrieving player image for 上杉夏香出品 [76561198984061485]. skipping..
    Error retrieving player image for Rin not stupid [76561199386803328]. skipping..
    Error retrieving player name for [76561198024847275]. skipping..
    Error retrieving player name for [76561197970298314]. skipping..
    Error retrieving player name for [76561198369752735]. skipping..
    Error retrieving player name for [76561199230636793]. skipping..
    Error retrieving player image for bm [rhythm] [76561197962872829]. skipping..
    Error retrieving player name for [76561198062623644]. skipping..
    Error retrieving player image for sheykus [76561198070591249]. skipping..
    Error retrieving player name for [76561198360434831]. skipping..
    Error retrieving player image for sib [76561199121597651]. skipping..
    Error retrieving player name for [76561199227563129]. skipping..
    Error retrieving player name for [76561198876296044]. skipping..
    Error retrieving player name for [76561199345703856]. skipping..
    Error retrieving player name for [76561198827550005]. skipping..
    Error retrieving player name for [76561199072639225]. skipping..
    Error retrieving player name for [76561199064374552]. skipping..
    Error retrieving player name for [76561198281722629]. skipping..
    Error retrieving player name for [76561198853368604]. skipping..
    Error retrieving player name for [76561198451302599]. skipping..
    Error retrieving player name for [76561198043490057]. skipping..
    Error retrieving player image for vincent.coder [76561199230458674]. skipping..
    Error retrieving player image for Vyndrik [76561198208743268]. skipping..
    Error retrieving player image for Wainroxx [76561199407062499]. skipping..
    Error retrieving player image for wooliestmoon3 [76561198354811398]. skipping..
    Error retrieving player image for मैं बहुत मजब [76561198087576975]. skipping..
    Error retrieving player name for [76561198969383604]. skipping..
    Error retrieving player image for xTwoTabs [76561198092705968]. skipping..
    Error retrieving player name for [76561198038509841]. skipping..
    Error retrieving player name for [76561198244617584]. skipping..
    Error retrieving player image for [5150] [76561197970134922]. skipping..
    Error retrieving player name for [76561197982088367]. skipping..
    Error retrieving player name for [76561199039681584]. skipping..
    Error retrieving player name for [76561199168064643]. skipping..
    Error retrieving player name for [76561199175424128]. skipping..
    Error retrieving player image for #SaveBuried_by_the_Floodrace [76561198855351837]. skipping..
    Error retrieving player image for *|FF7|*Ŧยςкย๓ร [76561197965715135]. skipping..
    Error retrieving player name for [76561199241789499]. skipping..
    Error retrieving player image for Al Bundy [76561197970924475]. skipping..
    Error retrieving player name for [76561198836697359]. skipping..
    Error retrieving player name for [76561198862420035]. skipping..
    Error retrieving player image for ambitions [76561198010710940]. skipping..
    Error retrieving player name for [76561198360479424]. skipping..
    Error retrieving player name for [76561199202718632]. skipping..
    Error retrieving player name for [76561198428157198]. skipping..
    Error retrieving player image for aqua [76561197962463392]. skipping..
    Error retrieving player image for BubbleBob [76561198326751880]. skipping..
    Error retrieving player name for [76561197967334197]. skipping..
    Error retrieving player image for CeeDeeButts [76561198210884059]. skipping..
    Error retrieving player image for Boone [76561198040396130]. skipping..
    Error retrieving player name for [76561198005342368]. skipping..
    Error retrieving player name for [76561198034696284]. skipping..
    Error retrieving player name for [76561199092888619]. skipping..
    Error retrieving player name for [76561197964916527]. skipping..
    Error retrieving player name for [76561198341340520]. skipping..
    Error retrieving player name for [76561199114158337]. skipping..
    Error retrieving player image for Friday [76561198073588617]. skipping..
    Error retrieving player image for funni man [76561198167859323]. skipping..
    Error retrieving player image for Tryhard++ [76561198190103213]. skipping..
    Error retrieving player image for GeoShow [76561199218575946]. skipping..
    Error retrieving player name for [76561197995084522]. skipping..
    Error retrieving player name for [76561197960516776]. skipping..
    Error retrieving player name for [76561198452717249]. skipping..
    Error retrieving player name for [76561198395238835]. skipping..
    Error retrieving player image for λv.v(v) [76561198028322129]. skipping..
    Error retrieving player name for [76561198279771129]. skipping..
    Error retrieving player image for cs_metro [76561198398745984]. skipping..
    Error retrieving player image for Haz [76561198312066996]. skipping..
    Error retrieving player name for [76561198003247491]. skipping..
    Error retrieving player name for [76561199225253045]. skipping..
    Error retrieving player name for [76561198179797422]. skipping..
    Error retrieving player image for HuiYuan [76561198974085542]. skipping..
    Error retrieving player image for I wish I have boobs [76561198299702768]. skipping..
    Error retrieving player image for I&#039;m Kim [76561199068194801]. skipping..
    Error retrieving player image for yw [76561199053773327]. skipping..
    Error retrieving player image for IFapToAnimeGirls [76561199015566906]. skipping..
    Error retrieving player image for ilari ineku [76561198237200418]. skipping..
    Error retrieving player name for [76561198039657284]. skipping..
    Error retrieving player name for [76561198120132696]. skipping..
    Error retrieving player image for isikkazim04 [76561199230463234]. skipping..
    Error retrieving player name for [76561198113803368]. skipping..
    Error retrieving player name for [76561198413830775]. skipping..
    Error retrieving player name for [76561198935002478]. skipping..
    Error retrieving player name for [76561199114856217]. skipping..
    Error retrieving player name for [76561198256354158]. skipping..
    Error retrieving player name for [76561199118321374]. skipping..
    Error retrieving player image for ce [76561199429146200]. skipping..
    Error retrieving player name for [76561199179950424]. skipping..
    Error retrieving player name for [76561197960351185]. skipping..
    Error retrieving player name for [76561198009014795]. skipping..
    Error retrieving player name for [76561199218839728]. skipping..
    Error retrieving player name for [76561199202216435]. skipping..
    Error retrieving player name for [76561199060795160]. skipping..
    Error retrieving player image for kurales07 [76561198360551607]. skipping..
    Error retrieving player name for [76561198087889261]. skipping..
    Error retrieving player image for Laurenticide [76561198008987846]. skipping..
    Error retrieving player image for Lazyworm94 [76561199209816755]. skipping..
    Error retrieving player name for [76561199371786345]. skipping..
    Error retrieving player image for Mike Wazowski [76561198027785511]. skipping..
    Error retrieving player image for Lia [76561198318694549]. skipping..
    Error retrieving player name for [76561199164726227]. skipping..
    Error retrieving player image for Lily [76561198966353948]. skipping..
    Error retrieving player name for [76561199055409742]. skipping..
    Error retrieving player image for LootChaser [76561197972263334]. skipping..
    Error retrieving player image for Rabum Alal [76561198049048068]. skipping..
    Error retrieving player name for [76561199419647127]. skipping..
    Error retrieving player name for [76561199149634021]. skipping..
    Error retrieving player image for luckykitty [76561198272414114]. skipping..
    Error retrieving player name for [76561198375668930]. skipping..
    Error retrieving player name for [76561198106128694]. skipping..
    Error retrieving player name for [76561198059065906]. skipping..
    Error retrieving player name for [76561199063017454]. skipping..
    Error retrieving player name for [76561199058552243]. skipping..
    Error retrieving player name for [76561198336023428]. skipping..
    Error retrieving player image for Mi Ceres [76561198357791234]. skipping..
    Error retrieving player image for P0rnJesus [76561198028362807]. skipping..
    Error retrieving player image for MistLight [76561198044935058]. skipping..
    Error retrieving player name for [76561198000524432]. skipping..
    Error retrieving player image for Mordecai [76561198032444093]. skipping..
    Error retrieving player name for [76561198011717169]. skipping..
    Error retrieving player image for MrTest5009 [76561198875252688]. skipping..
    Error retrieving player name for [76561199020364493]. skipping..
    Error retrieving player name for [76561199230229026]. skipping..
    Error retrieving player image for Ni_force014 [76561199037767356]. skipping..
    Error retrieving player image for noloquieres [76561198136399955]. skipping..
    Error retrieving player image for Norton [76561198024307849]. skipping..
    Error retrieving player image for notenlo [76561199430317100]. skipping..
    Error retrieving player name for [76561198179531647]. skipping..
    Error retrieving player name for [76561198318429899]. skipping..
    Error retrieving player image for nzk [76561198285273001]. skipping..
    Error retrieving player name for [76561199479807130]. skipping..
    Error retrieving player name for [76561198127358240]. skipping..
    Error retrieving player image for Hard Bones [76561199027594909]. skipping..
    Error retrieving player image for nas y [76561198082033229]. skipping..
    Error retrieving player image for Tickle Tipson [76561198272005785]. skipping..
    Error retrieving player name for [76561198828533745]. skipping..
    Error retrieving player name for [76561198192472446]. skipping..
    Error retrieving player name for [76561197986995257]. skipping..
    Error retrieving player name for [76561198047113526]. skipping..
    Error retrieving player name for [76561199088849180]. skipping..
    Error retrieving player name for [76561198144478551]. skipping..
    Error retrieving player name for [76561198193837737]. skipping..
    Error retrieving player image for Rebelation [76561198225100928]. skipping..
    Error retrieving player name for [76561198262320232]. skipping..
    Error retrieving player name for [76561198393174559]. skipping..
    Error retrieving player name for [76561198067683599]. skipping..
    Error retrieving player image for Roberto [76561198116789685]. skipping..
    Error retrieving player image for Rockboo [76561197990298280]. skipping..
    Error retrieving player image for Roya1e [76561197989780775]. skipping..
    Error retrieving player image for R [76561199275917161]. skipping..
    Error retrieving player image for Sansara [76561198125701840]. skipping..
    Error retrieving player image for ayd [76561199100450285]. skipping..
    Error retrieving player image for shade [76561198803965568]. skipping..
    Error retrieving player name for [76561198061495635]. skipping..
    Error retrieving player image for Silentscopz1 [76561198125688258]. skipping..
    Error retrieving player image for Sinox. [76561197985905017]. skipping..
    Error retrieving player image for skeleton [76561198009944351]. skipping..
    Error retrieving player image for SKey [76561198135038408]. skipping..
    Error retrieving player image for Skorch [76561197995240984]. skipping..
    Error retrieving player image for Junkisora [76561198979005448]. skipping..
    Error retrieving player name for [76561198043978028]. skipping..
    Error retrieving player name for [76561197993252446]. skipping..
    Error retrieving player name for [76561198880380858]. skipping..
    Error retrieving player name for [76561198115244669]. skipping..
    Error retrieving player name for [76561197960699473]. skipping..
    Error retrieving player name for [76561198423368619]. skipping..
    Error retrieving player name for [76561197992649183]. skipping..
    Error retrieving player image for SpryngTrap [76561198084318343]. skipping..
    Error retrieving player image for chZ [76561198259215965]. skipping..
    Error retrieving player name for [76561198292540991]. skipping..
    Error retrieving player name for [76561199069345964]. skipping..
    Error retrieving player image for SuppaVillain [76561199216659909]. skipping..
    Error retrieving player name for [76561198379177840]. skipping..
    Error retrieving player image for Sussy_Invader [76561198123268925]. skipping..
    Error retrieving player name for [76561199049461231]. skipping..
    Error retrieving player name for [76561199184383469]. skipping..
    Error retrieving player name for [76561198975855979]. skipping..
    Error retrieving player image for infamous celeb [76561198343120990]. skipping..
    Error retrieving player name for [76561198397846971]. skipping..
    Error retrieving player image for Brian [76561198274127137]. skipping..
    Error retrieving player image for עֲזַרְאֵל [76561198013409027]. skipping..
    Error retrieving player name for [76561199220150809]. skipping..
    Error retrieving player name for [76561199046920118]. skipping..
    Error retrieving player name for [76561199046920118]. skipping..
    Error retrieving player name for [STEAM_ID_STOP_IGNORING_]. skipping..

