
-------- April 1, 2022, 2:10 am --------

  Logged events:
    Error retrieving player name for [STEAM_ID_STOP_IGNORING_]. skipping..


-------- April 1, 2022, 8:34 am --------

  Logged events:
    Error retrieving player name for [STEAM_ID_STOP_IGNORING_]. skipping..


-------- April 1, 2022, 4:49 pm --------

  Logged events:
    Error retrieving player name for [STEAM_ID_STOP_IGNORING_]. skipping..


-------- April 2, 2022, 1:51 am --------

  Logged events:
    Error retrieving player name for [76561199242469687]. skipping..
    Error retrieving player image for brush.x.fire [76561198019125238]. skipping..
    Error retrieving player name for [76561199242469687]. skipping..
    Error retrieving player name for [76561199242469687]. skipping..
    Error retrieving player name for [STEAM_ID_STOP_IGNORING_]. skipping..


-------- April 2, 2022, 8:38 am --------

  Logged events:
    Error retrieving player name for [76561199242469687]. skipping..
    Error retrieving player name for [76561199242469687]. skipping..
    Error retrieving player name for [76561199242469687]. skipping..
    Error retrieving player name for [STEAM_ID_STOP_IGNORING_]. skipping..


-------- April 2, 2022, 4:39 pm --------

  Logged events:
    Error retrieving player name for [76561199242469687]. skipping..
    Error retrieving player name for [76561199242469687]. skipping..
    Error retrieving player name for [76561199242469687]. skipping..
    Error retrieving player name for [STEAM_ID_STOP_IGNORING_]. skipping..


-------- April 3, 2022, 1:55 am --------

  Logged events:
    Error retrieving player name for [76561199242469687]. skipping..
    Error retrieving player name for [76561199242469687]. skipping..
    Error retrieving player name for [76561199242469687]. skipping..
    Error retrieving player name for [STEAM_ID_STOP_IGNORING_]. skipping..


-------- April 3, 2022, 8:39 am --------

  Logged events:
    Error retrieving player name for [76561199242469687]. skipping..
    Error retrieving player name for [76561199242469687]. skipping..
    Error retrieving player name for [76561199242469687]. skipping..
    Error retrieving player name for [STEAM_ID_STOP_IGNORING_]. skipping..


-------- April 3, 2022, 5:53 pm --------

  Logged events:
    Error retrieving player name for [76561199242469687]. skipping..
    Error retrieving player name for [76561199242469687]. skipping..
    Error retrieving player name for [76561199242469687]. skipping..
    Error retrieving player name for [STEAM_ID_STOP_IGNORING_]. skipping..


-------- April 4, 2022, 1:59 am --------

  Logged events:
    Error retrieving player name for [76561199242469687]. skipping..
    Error retrieving player name for [76561199242469687]. skipping..
    Error retrieving player name for [76561199242469687]. skipping..
    Error retrieving player name for [STEAM_ID_STOP_IGNORING_]. skipping..

