
-------- August 1, 2022, 2:45 am --------

  Logged events:
    Error retrieving player image for ★Thug-Life★ [76561197998177692]. skipping..
    Error retrieving player name for [STEAM_ID_STOP_IGNORING_]. skipping..


-------- August 1, 2022, 8:46 am --------

  Logged events:
    Error retrieving player image for ★Thug-Life★ [76561197998177692]. skipping..
    Error retrieving player name for [STEAM_ID_STOP_IGNORING_]. skipping..


-------- August 1, 2022, 4:51 pm --------

  Logged events:
    Error retrieving player image for ★Thug-Life★ [76561197998177692]. skipping..
    Error retrieving player name for [STEAM_ID_STOP_IGNORING_]. skipping..


-------- August 2, 2022, 2:47 am --------

  Logged events:
    Error retrieving player image for ★Thug-Life★ [76561197998177692]. skipping..
    Error retrieving player name for [STEAM_ID_STOP_IGNORING_]. skipping..


-------- August 2, 2022, 8:42 am --------

  Logged events:
    Error retrieving player image for ★Thug-Life★ [76561197998177692]. skipping..
    Error retrieving player name for [STEAM_ID_STOP_IGNORING_]. skipping..


-------- August 2, 2022, 4:56 pm --------

  Logged events:
    Error retrieving player image for ★Thug-Life★ [76561197998177692]. skipping..
    Error retrieving player name for [STEAM_ID_STOP_IGNORING_]. skipping..


-------- August 3, 2022, 8:43 am --------

  Logged events:
    Error retrieving player image for ★Thug-Life★ [76561197998177692]. skipping..
    Error retrieving player name for [STEAM_ID_STOP_IGNORING_]. skipping..


-------- August 4, 2022, 2:18 am --------

  Logged events:
    Error retrieving player name for [76561199046920118]. skipping..
    Error retrieving player image for ★Thug-Life★ [76561197998177692]. skipping..
    Error retrieving player name for [76561199046920118]. skipping..
    Error retrieving player name for [76561199046920118]. skipping..
    Error retrieving player name for [STEAM_ID_STOP_IGNORING_]. skipping..


-------- August 4, 2022, 8:52 am --------

  Logged events:
    Error retrieving player name for [76561199046920118]. skipping..
    Error retrieving player image for ★Thug-Life★ [76561197998177692]. skipping..
    Error retrieving player name for [76561199046920118]. skipping..
    Error retrieving player name for [76561199046920118]. skipping..
    Error retrieving player name for [STEAM_ID_STOP_IGNORING_]. skipping..


-------- August 4, 2022, 4:51 pm --------

  Logged events:
    Error retrieving player name for [76561199046920118]. skipping..
    Error retrieving player image for ★Thug-Life★ [76561197998177692]. skipping..
    Error retrieving player name for [76561199046920118]. skipping..
    Error retrieving player name for [76561199046920118]. skipping..
    Error retrieving player name for [STEAM_ID_STOP_IGNORING_]. skipping..


-------- August 5, 2022, 2:25 am --------

  Logged events:
    Error retrieving player name for [76561199046920118]. skipping..
    Error retrieving player image for ★Thug-Life★ [76561197998177692]. skipping..
    Error retrieving player name for [76561199046920118]. skipping..
    Error retrieving player name for [76561199046920118]. skipping..
    Error retrieving player name for [STEAM_ID_STOP_IGNORING_]. skipping..


-------- August 5, 2022, 8:47 am --------

  Logged events:
    Error retrieving player name for [76561199046920118]. skipping..
    Error retrieving player image for ★Thug-Life★ [76561197998177692]. skipping..
    Error retrieving player name for [76561199046920118]. skipping..
    Error retrieving player name for [76561199046920118]. skipping..
    Error retrieving player name for [STEAM_ID_STOP_IGNORING_]. skipping..


-------- August 5, 2022, 4:48 pm --------

  Logged events:
    Error retrieving player name for [76561199046920118]. skipping..
    Error retrieving player image for ★Thug-Life★ [76561197998177692]. skipping..
    Error retrieving player name for [76561199046920118]. skipping..
    Error retrieving player name for [76561199046920118]. skipping..
    Error retrieving player name for [STEAM_ID_STOP_IGNORING_]. skipping..


-------- August 6, 2022, 2:23 am --------

  Logged events:
    Error retrieving player name for [76561199046920118]. skipping..
    Error retrieving player image for ★Thug-Life★ [76561197998177692]. skipping..
    Error retrieving player name for [76561199046920118]. skipping..
    Error retrieving player name for [76561199046920118]. skipping..
    Error retrieving player name for [STEAM_ID_STOP_IGNORING_]. skipping..


-------- August 6, 2022, 8:45 am --------

  Logged events:
    Error retrieving player name for [76561199046920118]. skipping..
    Error retrieving player image for ★Thug-Life★ [76561197998177692]. skipping..
    Error retrieving player name for [76561199046920118]. skipping..
    Error retrieving player name for [76561199046920118]. skipping..
    Error retrieving player name for [STEAM_ID_STOP_IGNORING_]. skipping..


-------- August 6, 2022, 4:46 pm --------

  Logged events:
    Error retrieving player name for [76561199046920118]. skipping..
    Error retrieving player image for ★Thug-Life★ [76561197998177692]. skipping..
    Error retrieving player name for [76561199046920118]. skipping..
    Error retrieving player name for [76561199046920118]. skipping..
    Error retrieving player name for [STEAM_ID_STOP_IGNORING_]. skipping..

