
-------- December 1, 2022, 8:49 am --------

  Logged events:
    Error retrieving player name for [76561198399505840]. skipping..
    Error retrieving player name for [76561198043045620]. skipping..
    Error retrieving player name for [76561199046920118]. skipping..
    Error retrieving player name for [76561198392877845]. skipping..
    Error retrieving player name for [76561198312156829]. skipping..
    Error retrieving player image for no mercy pro [76561199123026305]. skipping..
    Error retrieving player image for Donkey [76561198065812132]. skipping..
    Error retrieving player image for shenlin1235 [76561198104978620]. skipping..
    Error retrieving player name for [76561198052715117]. skipping..
    Error retrieving player name for [76561198011488181]. skipping..
    Error retrieving player image for Shy [76561198119893314]. skipping..
    Error retrieving player name for [76561197986719557]. skipping..
    Error retrieving player image for Sisyphus [76561198217434644]. skipping..
    Error retrieving player image for Ùŋ∂ęƦĢØ [76561198139512645]. skipping..
    Error retrieving player name for [76561198268980386]. skipping..
    Error retrieving player name for [76561199184260137]. skipping..
    Error retrieving player image for -b0r1s CEO of adidas [76561198078237303]. skipping..
    Error retrieving player image for 7n [76561198210780536]. skipping..
    Error retrieving player name for [76561199268170649]. skipping..
    Error retrieving player name for [76561197980259116]. skipping..
    Error retrieving player image for angelitovillalobos234 [76561199275373758]. skipping..
    Error retrieving player name for [76561198026166703]. skipping..
    Error retrieving player name for [76561199069306338]. skipping..
    Error retrieving player name for [76561198045350611]. skipping..
    Error retrieving player name for [76561199194418433]. skipping..
    Error retrieving player name for [76561199260241070]. skipping..
    Error retrieving player image for bessheda [76561199093817342]. skipping..
    Error retrieving player image for bioshiff [76561198821511723]. skipping..
    Error retrieving player name for [76561198093639685]. skipping..
    Error retrieving player image for sadua [76561198143283618]. skipping..
    Error retrieving player name for [76561198080964862]. skipping..
    Error retrieving player image for 千山 [76561198128119441]. skipping..
    Error retrieving player image for Cheekadaweek [76561197970676789]. skipping..
    Error retrieving player image for ClevrGrl [76561198062030694]. skipping..
    Error retrieving player image for Clive - Sharpshooter [76561198106620252]. skipping..
    Error retrieving player image for Corsair [76561198019245421]. skipping..
    Error retrieving player name for [76561198025043241]. skipping..
    Error retrieving player image for Crystron [76561198428241964]. skipping..
    Error retrieving player name for [76561198045559612]. skipping..
    Error retrieving player image for Dan [76561198015839366]. skipping..
    Error retrieving player image for Daneiro_Shi [76561198972894105]. skipping..
    Error retrieving player image for Dracula™ [76561198010469724]. skipping..
    Error retrieving player image for Drayanor [76561198067857612]. skipping..
    Error retrieving player name for [76561198870526852]. skipping..
    Error retrieving player name for [76561198160324638]. skipping..
    Error retrieving player image for Improvisator [76561198055727976]. skipping..
    Error retrieving player image for Jerrymonpizza [76561198967363441]. skipping..
    Error retrieving player image for jagst [76561198088269159]. skipping..
    Error retrieving player image for Jazro [76561198067978838]. skipping..
    Error retrieving player image for Jenos [76561198040606773]. skipping..
    Error retrieving player image for Turtle [76561198254992940]. skipping..
    Error retrieving player name for [76561198196106039]. skipping..
    Error retrieving player image for johnathanmacdonald [76561199197553574]. skipping..
    Error retrieving player name for [76561198321392164]. skipping..
    Error retrieving player image for JSM [76561198070856014]. skipping..
    Error retrieving player name for [76561199379867666]. skipping..
    Error retrieving player name for [76561198383119727]. skipping..
    Error retrieving player image for kimmy [76561199000266355]. skipping..
    Error retrieving player name for [76561198073515669]. skipping..
    Error retrieving player image for KiritoGambino4KL [76561199111233348]. skipping..
    Error retrieving player name for [76561198878976065]. skipping..
    Error retrieving player name for [76561199091174237]. skipping..
    Error retrieving player name for [76561198117903360]. skipping..
    Error retrieving player image for Koto [76561198260129065]. skipping..
    Error retrieving player name for [76561197966265632]. skipping..
    Error retrieving player image for L4zMuffinQc [76561198072198312]. skipping..
    Error retrieving player name for [76561198115445764]. skipping..
    Error retrieving player image for cheems [76561198051599124]. skipping..
    Error retrieving player name for [76561198878322018]. skipping..
    Error retrieving player image for Lvl.3 Mage [76561198209964203]. skipping..
    Error retrieving player image for J-Man [76561198044882784]. skipping..
    Error retrieving player name for [76561199190356602]. skipping..
    Error retrieving player name for [76561198040987234]. skipping..
    Error retrieving player name for [76561199013220391]. skipping..
    Error retrieving player name for [76561198275504091]. skipping..
    Error retrieving player name for [76561198814797202]. skipping..
    Error retrieving player image for Radical Lime [76561199114790141]. skipping..
    Error retrieving player name for [76561199128744775]. skipping..
    Error retrieving player image for Ronin [76561198024847275]. skipping..
    Error retrieving player image for Samurai [76561198143733302]. skipping..
    Error retrieving player name for [76561199136080061]. skipping..
    Error retrieving player name for [76561199178823742]. skipping..
    Error retrieving player name for [76561198051907459]. skipping..
    Error retrieving player name for [76561199261197242]. skipping..
    Error retrieving player image for ShitBullet [76561198003223049]. skipping..
    Error retrieving player image for ShotgunShell [76561198360434831]. skipping..
    Error retrieving player name for [76561199017374821]. skipping..
    Error retrieving player name for [76561198017123048]. skipping..
    Error retrieving player image for sobral97 [76561198140483094]. skipping..
    Error retrieving player name for [76561197976862054]. skipping..
    Error retrieving player image for ... [76561199227563129]. skipping..
    Error retrieving player image for svn [76561198844664363]. skipping..
    Error retrieving player name for [76561198064746784]. skipping..
    Error retrieving player name for [76561198042497719]. skipping..
    Error retrieving player image for Arclight IV『ボ ッ ソ』 [76561198177215447]. skipping..
    Error retrieving player image for ULTIMAAA [76561198062366968]. skipping..
    Error retrieving player name for [76561198969383604]. skipping..
    Error retrieving player image for XHcGamerX [76561198983554017]. skipping..
    Error retrieving player name for [76561199111398114]. skipping..
    Error retrieving player image for ye [76561199114229112]. skipping..
    Error retrieving player name for [76561199210135109]. skipping..
    Error retrieving player image for youjumpijump [76561198430098598]. skipping..
    Error retrieving player image for ★Thug-Life★ [76561197998177692]. skipping..
    Error retrieving player image for Zoey|no tits|no problems [76561198395238835]. skipping..
    Error retrieving player image for guava [76561198338319809]. skipping..
    Error retrieving player name for [76561198028322129]. skipping..
    Error retrieving player name for [76561199220060765]. skipping..
    Error retrieving player name for [76561198179797422]. skipping..
    Error retrieving player image for ilari ineku [76561198237200418]. skipping..
    Error retrieving player name for [76561198875443164]. skipping..
    Error retrieving player image for gkse [76561198845134106]. skipping..
    Error retrieving player name for [76561199118321374]. skipping..
    Error retrieving player image for bacuhn [76561198064603642]. skipping..
    Error retrieving player image for Juan [76561198279490494]. skipping..
    Error retrieving player name for [76561198027785511]. skipping..
    Error retrieving player name for [76561199058552243]. skipping..
    Error retrieving player name for [76561198074581496]. skipping..
    Error retrieving player name for [76561198357791234]. skipping..
    Error retrieving player name for [76561198028362807]. skipping..
    Error retrieving player image for Mordecai [76561198032444093]. skipping..
    Error retrieving player name for [76561198875252688]. skipping..
    Error retrieving player image for Muhthyes [76561199020364493]. skipping..
    Error retrieving player name for [76561198339316653]. skipping..
    Error retrieving player name for [76561199230229026]. skipping..
    Error retrieving player name for [76561199430317100]. skipping..
    Error retrieving player name for [76561199027594909]. skipping..
    Error retrieving player image for Sansara [76561198125701840]. skipping..
    Error retrieving player image for scoundrel [76561198321231950]. skipping..
    Error retrieving player name for [76561198061495635]. skipping..
    Error retrieving player image for SimonPegg [76561198999831251]. skipping..
    Error retrieving player name for [76561198369728642]. skipping..
    Error retrieving player name for [76561198259215965]. skipping..
    Error retrieving player name for [76561199270151643]. skipping..
    Error retrieving player image for zyzz [76561198274043979]. skipping..
    Error retrieving player name for [76561199216659909]. skipping..
    Error retrieving player name for [76561198069165480]. skipping..
    Error retrieving player name for [76561198272049740]. skipping..
    Error retrieving player name for [76561198123268925]. skipping..
    Error retrieving player name for [76561198080748551]. skipping..
    Error retrieving player name for [76561199095417564]. skipping..
    Error retrieving player image for the_fat_man_walks_alone1 [76561198117570246]. skipping..
    Error retrieving player image for Yae [76561199184383469]. skipping..
    Error retrieving player image for BaBy Shark DuDuDu ! [76561199030763101]. skipping..
    Error retrieving player name for [76561198296034083]. skipping..
    Error retrieving player name for [76561199077679454]. skipping..
    Error retrieving player name for [76561197979593907]. skipping..
    Error retrieving player image for feruru [76561198316623885]. skipping..
    Error retrieving player image for Float [76561198844203680]. skipping..
    Error retrieving player image for Forwars [76561198007161034]. skipping..
    Error retrieving player image for FunkyTurtle [76561198306077603]. skipping..
    Error retrieving player image for G133T [76561199258532555]. skipping..
    Error retrieving player name for [76561199084287812]. skipping..
    Error retrieving player image for Glaurung2k7 [76561198042079279]. skipping..
    Error retrieving player name for [76561199277285023]. skipping..
    Error retrieving player name for [76561198315231112]. skipping..
    Error retrieving player name for [76561197978506223]. skipping..
    Error retrieving player image for NicoNicoKneeCaps [76561198060080850]. skipping..
    Error retrieving player image for ≽ܫ≼ [76561198005873877]. skipping..
    Error retrieving player image for Paul [76561198027582874]. skipping..
    Error retrieving player image for postal30000 [76561198064277731]. skipping..
    Error retrieving player image for RACHO.ASSYRIAN [76561199225666113]. skipping..
    Error retrieving player name for [76561198299029675]. skipping..
    Error retrieving player image for LONER [76561199190963085]. skipping..
    Error retrieving player image for Rose [76561199013715793]. skipping..
    Error retrieving player image for FenDi* [76561198149057367]. skipping..
    Error retrieving player image for F1 OAT [76561199125481624]. skipping..
    Error retrieving player image for Sher [76561198066378613]. skipping..
    Error retrieving player image for Sunako Nakahara [76561198074121142]. skipping..
    Error retrieving player image for ueapo [76561199125041341]. skipping..
    Error retrieving player name for [76561197988612994]. skipping..
    Error retrieving player image for xPhid [76561199080808930]. skipping..
    Error retrieving player image for xXKurumiXx [76561198086527625]. skipping..
    Error retrieving player name for [76561198846026602]. skipping..
    Error retrieving player image for ♪♫♬♪🎷 [76561197982942603]. skipping..
    Error retrieving player image for 慈悲の影 (Alt) [76561198845346361]. skipping..
    Error retrieving player image for 汽水泡泡OO [76561199096171945]. skipping..
    Error retrieving player image for HouseVibe [76561199143749308]. skipping..
    Error retrieving player name for [76561199046920118]. skipping..
    Error retrieving player name for [76561198117187682]. skipping..
    Error retrieving player name for [76561198109596191]. skipping..
    Error retrieving player image for Big Smoke [76561198018713049]. skipping..
    Error retrieving player image for Feng [76561198953406488]. skipping..
    Error retrieving player name for [76561198000400799]. skipping..
    Error retrieving player image for Myelinated23 [76561198839661474]. skipping..
    Error retrieving player image for nachoman1500 [76561198143948871]. skipping..
    Error retrieving player image for NearSideOfInfinity [76561198053051232]. skipping..
    Error retrieving player name for [76561198010033933]. skipping..
    Error retrieving player name for [76561198018706932]. skipping..
    Error retrieving player name for [76561198420486066]. skipping..
    Error retrieving player image for Phantom (187) [76561198801106583]. skipping..
    Error retrieving player image for printer [76561199112535026]. skipping..
    Error retrieving player name for [76561198929624695]. skipping..
    Error retrieving player name for [76561199215337001]. skipping..
    Error retrieving player image for no mercy pro [76561199123026305]. skipping..
    Error retrieving player image for Sallen [76561199062351778]. skipping..
    Error retrieving player name for [76561198013835892]. skipping..
    Error retrieving player name for [76561198011488181]. skipping..
    Error retrieving player image for Sintex. [76561198072627979]. skipping..
    Error retrieving player image for sLeeK [76561197981727999]. skipping..
    Error retrieving player name for [76561199013554394]. skipping..
    Error retrieving player image for Snow ❄ [76561199006886269]. skipping..
    Error retrieving player name for [76561198880380858]. skipping..
    Error retrieving player image for swing [76561198317720202]. skipping..
    Error retrieving player image for tosh [76561197977159380]. skipping..
    Error retrieving player image for trash [76561198004962322]. skipping..
    Error retrieving player image for Vestrocity [76561198139535622]. skipping..
    Error retrieving player image for weeb [76561199012524333]. skipping..
    Error retrieving player name for [76561199213416617]. skipping..
    Error retrieving player image for ZokkuZ [76561198968900763]. skipping..
    Error retrieving player name for [76561198247325506]. skipping..
    Error retrieving player name for [76561199046920118]. skipping..
    Error retrieving player name for [STEAM_ID_STOP_IGNORING_]. skipping..
    Error retrieving player image for ⓡⓟⓟ ⋆ [76561198013939486]. skipping..
    Error retrieving player image for 张晚晚 [76561198977818341]. skipping..
    Error retrieving player image for HF [76561198431152120]. skipping..
    Error retrieving player image for 우동 [76561198353356912]. skipping..


-------- December 1, 2022, 4:49 pm --------

  Logged events:
    Error retrieving player name for [76561198399505840]. skipping..
    Error retrieving player name for [76561198043045620]. skipping..
    Error retrieving player name for [76561199046920118]. skipping..
    Error retrieving player image for L.S.O.M [76561199380656027]. skipping..
    Error retrieving player name for [76561198014614344]. skipping..
    Error retrieving player name for [76561199218718045]. skipping..
    Error retrieving player name for [76561198979388822]. skipping..
    Error retrieving player name for [76561198063759829]. skipping..
    Error retrieving player image for Grymnir [76561197998967034]. skipping..
    Error retrieving player image for han [76561198392877845]. skipping..
    Error retrieving player name for [76561198306742577]. skipping..
    Error retrieving player image for HazE [76561197971117634]. skipping..
    Error retrieving player name for [76561197972390647]. skipping..
    Error retrieving player name for [76561198854270791]. skipping..
    Error retrieving player image for J o k e r [76561198830351616]. skipping..
    Error retrieving player name for [76561198973644329]. skipping..
    Error retrieving player name for [76561199162231396]. skipping..
    Error retrieving player image for Сãpo Śilv [76561198797260366]. skipping..
    Error retrieving player name for [76561198376351453]. skipping..
    Error retrieving player image for rd [76561198269436948]. skipping..
    Error retrieving player image for rooster63 [76561198014375811]. skipping..
    Error retrieving player image for Rough Remi [76561198122584217]. skipping..
    Error retrieving player name for [76561198055352572]. skipping..
    Error retrieving player name for [76561199037564461]. skipping..
    Error retrieving player name for [76561197984544626]. skipping..
    Error retrieving player name for [76561198399489705]. skipping..
    Error retrieving player name for [76561198358462011]. skipping..
    Error retrieving player image for Яσℓaηδ [76561198029763066]. skipping..
    Error retrieving player image for ҟå𝓹ｓɛ𝓵 ⑵ [76561198797714355]. skipping..
    Error retrieving player name for [76561198013939486]. skipping..
    Error retrieving player image for ☙ℬღℰ❧ [76561198116523054]. skipping..
    Error retrieving player name for [76561198043264355]. skipping..
    Error retrieving player name for [76561198079574992]. skipping..
    Error retrieving player name for [76561198308059023]. skipping..
    Error retrieving player name for [76561198037893823]. skipping..
    Error retrieving player image for 0neLeviathan [76561199121029194]. skipping..
    Error retrieving player image for -b0r1s CEO of adidas [76561198078237303]. skipping..
    Error retrieving player name for [76561198019584690]. skipping..
    Error retrieving player name for [76561198850838028]. skipping..
    Error retrieving player image for SAIKOU [76561198014823730]. skipping..
    Error retrieving player name for [76561198113123043]. skipping..
    Error retrieving player image for Samurai [76561198143733302]. skipping..
    Error retrieving player image for soul [76561199136080061]. skipping..
    Error retrieving player image for sgt. Florida [76561198051907459]. skipping..
    Error retrieving player image for SHeDoWnFallEn [76561198997423125]. skipping..
    Error retrieving player image for Sister [76561198918961882]. skipping..
    Error retrieving player name for [76561197985186971]. skipping..
    Error retrieving player image for SnakeThief [76561198214076697]. skipping..
    Error retrieving player name for [76561198844664363]. skipping..
    Error retrieving player name for [76561198006095611]. skipping..
    Error retrieving player name for [76561198836314856]. skipping..
    Error retrieving player name for [76561199114229112]. skipping..
    Error retrieving player image for ★Thug-Life★ [76561197998177692]. skipping..
    Error retrieving player image for DIZZY1Nightmare [76561199142546712]. skipping..
    Error retrieving player image for FUX. [76561197967642955]. skipping..
    Error retrieving player image for General Gunter [76561198041672897]. skipping..
    Error retrieving player name for [76561198237200418]. skipping..
    Error retrieving player name for [76561199118321374]. skipping..
    Error retrieving player name for [76561198279490494]. skipping..
    Error retrieving player name for [76561199429146200]. skipping..
    Error retrieving player name for [76561198834042603]. skipping..
    Error retrieving player name for [76561199179950424]. skipping..
    Error retrieving player name for [76561198261896636]. skipping..
    Error retrieving player name for [76561199061832049]. skipping..
    Error retrieving player name for [76561199218839728]. skipping..
    Error retrieving player image for S0MA [76561199164726227]. skipping..
    Error retrieving player name for [76561198049048068]. skipping..
    Error retrieving player name for [76561199149634021]. skipping..
    Error retrieving player name for [76561199168107214]. skipping..
    Error retrieving player name for [76561199226205119]. skipping..
    Error retrieving player name for [76561198375668930]. skipping..
    Error retrieving player image for Toaster Gaming [76561199200072978]. skipping..
    Error retrieving player image for NahChan09 [76561198266540164]. skipping..
    Error retrieving player image for StitchAnStripe [76561199069345964]. skipping..
    Error retrieving player name for [76561198215530715]. skipping..
    Error retrieving player name for [76561198017063981]. skipping..
    Error retrieving player name for [76561198036924943]. skipping..
    Error retrieving player image for Vinni Vicius [76561198410388521]. skipping..
    Error retrieving player name for [76561198260193478]. skipping..
    Error retrieving player image for YEŞİL [76561198356179236]. skipping..
    Error retrieving player image for asteroid. [76561198851645568]. skipping..
    Error retrieving player name for [76561198310360970]. skipping..
    Error retrieving player image for добрый прапор [76561198900940023]. skipping..
    Error retrieving player image for 76561198259994326 [76561198259994326]. skipping..
    Error retrieving player image for 1_vuon_chuoi_chin [76561198324104641]. skipping..
    Error retrieving player image for Accordion_dude [76561198047601497]. skipping..
    Error retrieving player name for [76561199203517644]. skipping..
    Error retrieving player image for AssassinsCreed18 [76561199199133398]. skipping..
    Error retrieving player name for [76561199256530648]. skipping..
    Error retrieving player image for Dump [76561198976236249]. skipping..
    Error retrieving player image for J.С. [76561198157452471]. skipping..
    Error retrieving player image for Ewon Muskitt [76561198299003721]. skipping..
    Error retrieving player image for Fox_Killer [76561199061317052]. skipping..
    Error retrieving player image for G133T [76561199258532555]. skipping..
    Error retrieving player name for [76561198268618732]. skipping..
    Error retrieving player name for [76561198014634220]. skipping..
    Error retrieving player image for God Damn Killing Machine [76561198011611309]. skipping..
    Error retrieving player image for GoSuckADuck [76561198347635296]. skipping..
    Error retrieving player image for user [76561198311858474]. skipping..
    Error retrieving player name for [76561199124989390]. skipping..
    Error retrieving player name for [76561199140453748]. skipping..
    Error retrieving player name for [76561199126693852]. skipping..
    Error retrieving player name for [76561198130796783]. skipping..
    Error retrieving player image for JAiZ [76561198079189103]. skipping..
    Error retrieving player name for [76561197970221907]. skipping..
    Error retrieving player name for [76561198011800342]. skipping..
    Error retrieving player name for [76561198182411909]. skipping..
    Error retrieving player image for KazancevOleg [76561199234479124]. skipping..
    Error retrieving player image for ⅬUCᎯS ♧ [76561199240551760]. skipping..
    Error retrieving player image for meltedcopyofarea51with2legosinit [76561199027833661]. skipping..
    Error retrieving player name for [76561199167038008]. skipping..
    Error retrieving player image for Mr Goodbye [76561198819891405]. skipping..
    Error retrieving player image for Nayuta [76561197978506223]. skipping..
    Error retrieving player name for [76561198082510525]. skipping..
    Error retrieving player name for [76561198219539017]. skipping..
    Error retrieving player image for Readu [76561198055580369]. skipping..
    Error retrieving player image for F1 OAT [76561199125481624]. skipping..
    Error retrieving player name for [76561198031717396]. skipping..
    Error retrieving player name for [76561199229168792]. skipping..
    Error retrieving player image for themachine577 [76561198019437917]. skipping..
    Error retrieving player name for [76561198015865988]. skipping..
    Error retrieving player name for [76561199125041341]. skipping..
    Error retrieving player name for [76561199006326953]. skipping..
    Error retrieving player image for wiezel [76561197992791170]. skipping..
    Error retrieving player image for El pene de exodia [76561198859105632]. skipping..
    Error retrieving player image for XOX [76561199027545948]. skipping..
    Error retrieving player name for [76561199080808930]. skipping..
    Error retrieving player name for [76561198086527625]. skipping..
    Error retrieving player name for [76561198095958956]. skipping..
    Error retrieving player image for Yozeru [76561198237018094]. skipping..
    Error retrieving player name for [76561199221626235]. skipping..
    Error retrieving player name for [76561198835791176]. skipping..
    Error retrieving player name for [76561198812422646]. skipping..
    Error retrieving player name for [76561199046920118]. skipping..
    Error retrieving player name for [76561199213416617]. skipping..
    Error retrieving player name for [76561199211020556]. skipping..
    Error retrieving player image for zHnt.最好的 [76561198244617584]. skipping..
    Error retrieving player name for [76561199046920118]. skipping..
    Error retrieving player name for [STEAM_ID_STOP_IGNORING_]. skipping..

