
-------- February 1, 2022, 1:21 am --------

  Logged events:
    Error retrieving player image for  [76561199185319520]. skipping..
    Error retrieving player image for  [76561199214684666]. skipping..
    Error retrieving player image for  [76561199225435822]. skipping..
    Error retrieving player image for sk9el [76561198958878897]. skipping..
    Error retrieving player image for  [76561198379763019]. skipping..
    Error retrieving player image for  [76561199214684666]. skipping..
    Error retrieving player image for  [76561198379763019]. skipping..
    Error retrieving player image for  [76561199214684666]. skipping..
    Error retrieving player image for  [STEAM_ID_STOP_IGNORING_]. skipping..


-------- February 1, 2022, 8:34 am --------

  Logged events:
    Error retrieving player image for  [76561199185319520]. skipping..
    Error retrieving player image for  [76561199214684666]. skipping..
    Error retrieving player image for  [76561199225435822]. skipping..
    Error retrieving player image for sk9el [76561198958878897]. skipping..
    Error retrieving player image for  [76561198379763019]. skipping..
    Error retrieving player image for  [76561199214684666]. skipping..
    Error retrieving player image for  [76561198379763019]. skipping..
    Error retrieving player image for  [76561199214684666]. skipping..
    Error retrieving player image for  [STEAM_ID_STOP_IGNORING_]. skipping..


-------- February 1, 2022, 4:45 pm --------

  Logged events:
    Error retrieving player image for  [76561199185319520]. skipping..
    Error retrieving player image for  [76561199214684666]. skipping..
    Error retrieving player image for  [76561199225435822]. skipping..
    Error retrieving player image for sk9el [76561198958878897]. skipping..
    Error retrieving player image for  [76561198379763019]. skipping..
    Error retrieving player image for  [76561199214684666]. skipping..
    Error retrieving player image for  [76561198379763019]. skipping..
    Error retrieving player image for  [76561199214684666]. skipping..
    Error retrieving player image for  [STEAM_ID_STOP_IGNORING_]. skipping..


-------- February 2, 2022, 1:24 am --------

  Logged events:
    Error retrieving player image for  [76561199185319520]. skipping..
    Error retrieving player image for  [76561199214684666]. skipping..
    Error retrieving player image for  [76561199225435822]. skipping..
    Error retrieving player image for sk9el [76561198958878897]. skipping..
    Error retrieving player image for  [76561198379763019]. skipping..
    Error retrieving player image for  [76561199214684666]. skipping..
    Error retrieving player image for  [76561198379763019]. skipping..
    Error retrieving player image for  [76561199214684666]. skipping..
    Error retrieving player image for  [STEAM_ID_STOP_IGNORING_]. skipping..


-------- February 2, 2022, 8:34 am --------

  Logged events:
    Error retrieving player image for  [76561199185319520]. skipping..
    Error retrieving player image for  [76561199214684666]. skipping..
    Error retrieving player image for  [76561199225435822]. skipping..
    Error retrieving player image for sk9el [76561198958878897]. skipping..
    Error retrieving player image for  [76561198379763019]. skipping..
    Error retrieving player image for  [76561199214684666]. skipping..
    Error retrieving player image for  [76561198379763019]. skipping..
    Error retrieving player image for  [76561199214684666]. skipping..
    Error retrieving player image for  [STEAM_ID_STOP_IGNORING_]. skipping..


-------- February 2, 2022, 4:42 pm --------

  Logged events:
    Error retrieving player image for  [76561199185319520]. skipping..
    Error retrieving player image for  [76561199214684666]. skipping..
    Error retrieving player image for  [76561199225435822]. skipping..
    Error retrieving player image for sk9el [76561198958878897]. skipping..
    Error retrieving player image for  [76561198379763019]. skipping..
    Error retrieving player image for  [76561199214684666]. skipping..
    Error retrieving player image for  [76561198379763019]. skipping..
    Error retrieving player image for  [76561199214684666]. skipping..
    Error retrieving player image for  [STEAM_ID_STOP_IGNORING_]. skipping..


-------- February 3, 2022, 1:21 am --------

  Logged events:
    Error retrieving player image for  [76561199185319520]. skipping..
    Error retrieving player image for  [76561199214684666]. skipping..
    Error retrieving player image for  [76561199225435822]. skipping..
    Error retrieving player image for sk9el [76561198958878897]. skipping..
    Error retrieving player image for  [76561198379763019]. skipping..
    Error retrieving player image for  [76561199214684666]. skipping..
    Error retrieving player image for  [76561198379763019]. skipping..
    Error retrieving player image for  [76561199214684666]. skipping..
    Error retrieving player image for  [STEAM_ID_STOP_IGNORING_]. skipping..


-------- February 3, 2022, 8:32 am --------

  Logged events:
    Error retrieving player image for  [76561199185319520]. skipping..
    Error retrieving player image for  [76561199214684666]. skipping..
    Error retrieving player image for  [76561199225435822]. skipping..
    Error retrieving player image for sk9el [76561198958878897]. skipping..
    Error retrieving player image for  [76561198379763019]. skipping..
    Error retrieving player image for  [76561199214684666]. skipping..
    Error retrieving player image for  [76561198379763019]. skipping..
    Error retrieving player image for  [76561199214684666]. skipping..
    Error retrieving player image for  [STEAM_ID_STOP_IGNORING_]. skipping..


-------- February 3, 2022, 4:44 pm --------

  Logged events:
    Error retrieving player image for  [76561199185319520]. skipping..
    Error retrieving player image for  [76561199214684666]. skipping..
    Error retrieving player image for  [76561199225435822]. skipping..
    Error retrieving player image for sk9el [76561198958878897]. skipping..
    Error retrieving player image for  [76561198379763019]. skipping..
    Error retrieving player image for  [76561199214684666]. skipping..
    Error retrieving player image for  [76561198379763019]. skipping..
    Error retrieving player image for  [76561199214684666]. skipping..
    Error retrieving player image for  [STEAM_ID_STOP_IGNORING_]. skipping..


-------- February 4, 2022, 1:16 am --------

  Logged events:
    Error retrieving player image for  [76561199185319520]. skipping..
    Error retrieving player image for  [76561199214684666]. skipping..
    Error retrieving player image for  [76561199225435822]. skipping..
    Error retrieving player image for sk9el [76561198958878897]. skipping..
    Error retrieving player image for  [76561198379763019]. skipping..
    Error retrieving player image for  [76561199214684666]. skipping..
    Error retrieving player image for  [76561198379763019]. skipping..
    Error retrieving player image for  [76561199214684666]. skipping..
    Error retrieving player image for  [STEAM_ID_STOP_IGNORING_]. skipping..


-------- February 4, 2022, 8:24 am --------

  Logged events:
    Error retrieving player image for  [76561199185319520]. skipping..
    Error retrieving player image for  [76561199214684666]. skipping..
    Error retrieving player image for  [76561199225435822]. skipping..
    Error retrieving player image for sk9el [76561198958878897]. skipping..
    Error retrieving player image for  [76561198379763019]. skipping..
    Error retrieving player image for  [76561199214684666]. skipping..
    Error retrieving player image for  [76561198379763019]. skipping..
    Error retrieving player image for  [76561199214684666]. skipping..
    Error retrieving player image for  [STEAM_ID_STOP_IGNORING_]. skipping..


-------- February 4, 2022, 4:31 pm --------

  Logged events:
    Error retrieving player image for  [76561199185319520]. skipping..
    Error retrieving player image for  [76561199214684666]. skipping..
    Error retrieving player image for  [76561199225435822]. skipping..
    Error retrieving player image for sk9el [76561198958878897]. skipping..
    Error retrieving player image for  [76561198379763019]. skipping..
    Error retrieving player image for  [76561199214684666]. skipping..
    Error retrieving player image for  [76561198379763019]. skipping..
    Error retrieving player image for  [76561199214684666]. skipping..
    Error retrieving player image for  [STEAM_ID_STOP_IGNORING_]. skipping..


-------- February 5, 2022, 1:08 am --------

  Logged events:
    Error retrieving player image for  [76561199185319520]. skipping..
    Error retrieving player image for  [76561199214684666]. skipping..
    Error retrieving player image for  [76561199225435822]. skipping..
    Error retrieving player image for sk9el [76561198958878897]. skipping..
    Error retrieving player image for  [76561198379763019]. skipping..
    Error retrieving player image for  [76561199214684666]. skipping..
    Error retrieving player image for  [76561198379763019]. skipping..
    Error retrieving player image for  [76561199214684666]. skipping..
    Error retrieving player image for  [STEAM_ID_STOP_IGNORING_]. skipping..


-------- February 5, 2022, 8:29 am --------

  Logged events:
    Error retrieving player image for  [76561199185319520]. skipping..
    Error retrieving player image for  [76561199214684666]. skipping..
    Error retrieving player image for  [76561199225435822]. skipping..
    Error retrieving player image for sk9el [76561198958878897]. skipping..
    Error retrieving player image for  [76561198379763019]. skipping..
    Error retrieving player image for  [76561199214684666]. skipping..
    Error retrieving player image for  [76561198379763019]. skipping..
    Error retrieving player image for  [76561199214684666]. skipping..
    Error retrieving player image for  [STEAM_ID_STOP_IGNORING_]. skipping..


-------- February 5, 2022, 4:28 pm --------

  Logged events:
    Error retrieving player image for  [76561199185319520]. skipping..
    Error retrieving player image for  [76561199214684666]. skipping..
    Error retrieving player image for  [76561199225435822]. skipping..
    Error retrieving player image for sk9el [76561198958878897]. skipping..
    Error retrieving player image for  [76561198379763019]. skipping..
    Error retrieving player image for  [76561199214684666]. skipping..
    Error retrieving player image for  [76561198379763019]. skipping..
    Error retrieving player image for  [76561199214684666]. skipping..
    Error retrieving player image for  [STEAM_ID_STOP_IGNORING_]. skipping..


-------- February 6, 2022, 1:23 am --------

  Logged events:
    Error retrieving player image for  [76561199185319520]. skipping..
    Error retrieving player image for  [76561199214684666]. skipping..
    Error retrieving player image for  [76561199225435822]. skipping..
    Error retrieving player image for sk9el [76561198958878897]. skipping..
    Error retrieving player image for  [76561198379763019]. skipping..
    Error retrieving player image for  [76561199214684666]. skipping..
    Error retrieving player image for  [76561198379763019]. skipping..
    Error retrieving player image for  [76561199214684666]. skipping..
    Error retrieving player image for  [STEAM_ID_STOP_IGNORING_]. skipping..


-------- February 6, 2022, 8:32 am --------

  Logged events:
    Error retrieving player image for  [76561199185319520]. skipping..
    Error retrieving player image for  [76561199214684666]. skipping..
    Error retrieving player image for  [76561199225435822]. skipping..
    Error retrieving player image for sk9el [76561198958878897]. skipping..
    Error retrieving player image for  [76561198379763019]. skipping..
    Error retrieving player image for  [76561199214684666]. skipping..
    Error retrieving player image for  [76561198379763019]. skipping..
    Error retrieving player image for  [76561199214684666]. skipping..
    Error retrieving player image for  [STEAM_ID_STOP_IGNORING_]. skipping..


-------- February 6, 2022, 4:40 pm --------

  Logged events:
    Error retrieving player image for  [76561199185319520]. skipping..
    Error retrieving player image for  [76561199214684666]. skipping..
    Error retrieving player image for  [76561199225435822]. skipping..
    Error retrieving player image for sk9el [76561198958878897]. skipping..
    Error retrieving player image for  [76561198379763019]. skipping..
    Error retrieving player image for  [76561199214684666]. skipping..
    Error retrieving player image for  [76561198379763019]. skipping..
    Error retrieving player image for  [76561199214684666]. skipping..
    Error retrieving player image for  [STEAM_ID_STOP_IGNORING_]. skipping..


-------- February 7, 2022, 1:15 am --------

  Logged events:
    Error retrieving player image for  [76561199185319520]. skipping..
    Error retrieving player image for  [76561199214684666]. skipping..
    Error retrieving player image for  [76561199225435822]. skipping..
    Error retrieving player image for sk9el [76561198958878897]. skipping..
    Error retrieving player image for  [76561198379763019]. skipping..
    Error retrieving player image for  [76561199214684666]. skipping..
    Error retrieving player image for  [76561198379763019]. skipping..
    Error retrieving player image for  [76561199214684666]. skipping..
    Error retrieving player image for  [STEAM_ID_STOP_IGNORING_]. skipping..


-------- February 7, 2022, 8:34 am --------

  Logged events:
    Error retrieving player image for  [76561199185319520]. skipping..
    Error retrieving player image for  [76561199214684666]. skipping..
    Error retrieving player image for  [76561199225435822]. skipping..
    Error retrieving player image for sk9el [76561198958878897]. skipping..
    Error retrieving player image for  [76561198379763019]. skipping..
    Error retrieving player image for  [76561199214684666]. skipping..
    Error retrieving player image for  [76561198379763019]. skipping..
    Error retrieving player image for  [76561199214684666]. skipping..
    Error retrieving player image for  [STEAM_ID_STOP_IGNORING_]. skipping..


-------- February 7, 2022, 4:40 pm --------

  Logged events:
    Error retrieving player image for  [76561199185319520]. skipping..
    Error retrieving player image for  [76561199214684666]. skipping..
    Error retrieving player image for  [76561199225435822]. skipping..
    Error retrieving player image for sk9el [76561198958878897]. skipping..
    Error retrieving player image for  [76561198379763019]. skipping..
    Error retrieving player image for  [76561199214684666]. skipping..
    Error retrieving player image for  [76561198379763019]. skipping..
    Error retrieving player image for  [76561199214684666]. skipping..
    Error retrieving player image for  [STEAM_ID_STOP_IGNORING_]. skipping..


-------- February 8, 2022, 1:18 am --------

  Logged events:
    Error retrieving player image for  [76561199185319520]. skipping..
    Error retrieving player image for  [76561199225468782]. skipping..
    Error retrieving player image for  [76561199214684666]. skipping..
    Error retrieving player image for  [76561199225435822]. skipping..
    Error retrieving player image for sk9el [76561198958878897]. skipping..
    Error retrieving player image for  [76561198379763019]. skipping..
    Error retrieving player image for  [76561199214684666]. skipping..
    Error retrieving player image for  [76561198379763019]. skipping..
    Error retrieving player image for  [76561199225468782]. skipping..
    Error retrieving player image for  [76561199214684666]. skipping..
    Error retrieving player image for  [STEAM_ID_STOP_IGNORING_]. skipping..


-------- February 8, 2022, 8:33 am --------

  Logged events:
    Error retrieving player image for  [76561199185319520]. skipping..
    Error retrieving player image for  [76561199225468782]. skipping..
    Error retrieving player image for  [76561199214684666]. skipping..
    Error retrieving player image for  [76561199225435822]. skipping..
    Error retrieving player image for sk9el [76561198958878897]. skipping..
    Error retrieving player image for  [76561198379763019]. skipping..
    Error retrieving player image for  [76561199214684666]. skipping..
    Error retrieving player image for  [76561198379763019]. skipping..
    Error retrieving player image for  [76561199225468782]. skipping..
    Error retrieving player image for  [76561199214684666]. skipping..
    Error retrieving player image for  [STEAM_ID_STOP_IGNORING_]. skipping..


-------- February 8, 2022, 4:36 pm --------

  Logged events:
    Error retrieving player image for  [76561199185319520]. skipping..
    Error retrieving player image for  [76561199225468782]. skipping..
    Error retrieving player image for  [76561199214684666]. skipping..
    Error retrieving player image for  [76561199225435822]. skipping..
    Error retrieving player image for sk9el [76561198958878897]. skipping..
    Error retrieving player image for  [76561198379763019]. skipping..
    Error retrieving player image for  [76561199214684666]. skipping..
    Error retrieving player image for  [76561198379763019]. skipping..
    Error retrieving player image for  [76561199225468782]. skipping..
    Error retrieving player image for  [76561199214684666]. skipping..
    Error retrieving player image for  [STEAM_ID_STOP_IGNORING_]. skipping..


-------- February 9, 2022, 1:25 am --------

  Logged events:
    Error retrieving player image for  [76561199185319520]. skipping..
    Error retrieving player image for  [76561199225468782]. skipping..
    Error retrieving player image for  [76561199214684666]. skipping..
    Error retrieving player image for  [76561199225435822]. skipping..
    Error retrieving player image for sk9el [76561198958878897]. skipping..
    Error retrieving player image for  [76561198379763019]. skipping..
    Error retrieving player image for  [76561199214684666]. skipping..
    Error retrieving player image for  [76561198379763019]. skipping..
    Error retrieving player image for  [76561199225468782]. skipping..
    Error retrieving player image for  [76561199214684666]. skipping..
    Error retrieving player image for  [STEAM_ID_STOP_IGNORING_]. skipping..


-------- February 9, 2022, 8:33 am --------

  Logged events:
    Error retrieving player image for  [76561199185319520]. skipping..
    Error retrieving player image for  [76561199225468782]. skipping..
    Error retrieving player image for  [76561199214684666]. skipping..
    Error retrieving player image for  [76561199225435822]. skipping..
    Error retrieving player image for sk9el [76561198958878897]. skipping..
    Error retrieving player image for  [76561198379763019]. skipping..
    Error retrieving player image for  [76561199214684666]. skipping..
    Error retrieving player image for  [76561198379763019]. skipping..
    Error retrieving player image for  [76561199225468782]. skipping..
    Error retrieving player image for  [76561199214684666]. skipping..
    Error retrieving player image for  [STEAM_ID_STOP_IGNORING_]. skipping..


-------- February 9, 2022, 4:37 pm --------

  Logged events:
    Error retrieving player image for  [76561199185319520]. skipping..
    Error retrieving player image for  [76561199225468782]. skipping..
    Error retrieving player image for  [76561199214684666]. skipping..
    Error retrieving player image for  [76561199225435822]. skipping..
    Error retrieving player image for sk9el [76561198958878897]. skipping..
    Error retrieving player image for  [76561198379763019]. skipping..
    Error retrieving player image for  [76561199214684666]. skipping..
    Error retrieving player image for  [76561198379763019]. skipping..
    Error retrieving player image for  [76561199225468782]. skipping..
    Error retrieving player image for  [76561199214684666]. skipping..
    Error retrieving player image for  [STEAM_ID_STOP_IGNORING_]. skipping..


-------- February 10, 2022, 1:23 am --------

  Logged events:
    Error retrieving player image for  [76561199185319520]. skipping..
    Error retrieving player image for  [76561199225468782]. skipping..
    Error retrieving player image for  [76561199214684666]. skipping..
    Error retrieving player image for  [76561199225435822]. skipping..
    Error retrieving player image for sk9el [76561198958878897]. skipping..
    Error retrieving player image for  [76561198379763019]. skipping..
    Error retrieving player image for  [76561199214684666]. skipping..
    Error retrieving player image for  [76561198379763019]. skipping..
    Error retrieving player image for  [76561199225468782]. skipping..
    Error retrieving player image for  [76561199214684666]. skipping..
    Error retrieving player image for  [STEAM_ID_STOP_IGNORING_]. skipping..


-------- February 10, 2022, 8:32 am --------

  Logged events:
    Error retrieving player image for  [76561199185319520]. skipping..
    Error retrieving player image for  [76561199225468782]. skipping..
    Error retrieving player image for  [76561199214684666]. skipping..
    Error retrieving player image for  [76561199225435822]. skipping..
    Error retrieving player image for sk9el [76561198958878897]. skipping..
    Error retrieving player image for  [76561198379763019]. skipping..
    Error retrieving player image for  [76561199214684666]. skipping..
    Error retrieving player image for  [76561198379763019]. skipping..
    Error retrieving player image for  [76561199225468782]. skipping..
    Error retrieving player image for  [76561199214684666]. skipping..
    Error retrieving player image for  [STEAM_ID_STOP_IGNORING_]. skipping..


-------- February 10, 2022, 4:35 pm --------

  Logged events:
    Error retrieving player image for  [76561199185319520]. skipping..
    Error retrieving player image for  [76561199225468782]. skipping..
    Error retrieving player image for  [76561199214684666]. skipping..
    Error retrieving player image for  [76561199225435822]. skipping..
    Error retrieving player image for sk9el [76561198958878897]. skipping..
    Error retrieving player image for  [76561198379763019]. skipping..
    Error retrieving player image for  [76561199214684666]. skipping..
    Error retrieving player image for  [76561198379763019]. skipping..
    Error retrieving player image for  [76561199225468782]. skipping..
    Error retrieving player image for  [76561199214684666]. skipping..
    Error retrieving player image for  [STEAM_ID_STOP_IGNORING_]. skipping..


-------- February 11, 2022, 1:21 am --------

  Logged events:
    Error retrieving player image for  [76561199185319520]. skipping..
    Error retrieving player image for  [76561199225468782]. skipping..
    Error retrieving player image for  [76561199214684666]. skipping..
    Error retrieving player image for  [76561199225435822]. skipping..
    Error retrieving player image for sk9el [76561198958878897]. skipping..
    Error retrieving player image for  [76561198379763019]. skipping..
    Error retrieving player image for  [76561199214684666]. skipping..
    Error retrieving player image for  [76561198379763019]. skipping..
    Error retrieving player image for  [76561199225468782]. skipping..
    Error retrieving player image for  [76561199214684666]. skipping..
    Error retrieving player image for  [STEAM_ID_STOP_IGNORING_]. skipping..


-------- February 11, 2022, 8:28 am --------

  Logged events:
    Error retrieving player image for  [76561199185319520]. skipping..
    Error retrieving player image for  [76561199225468782]. skipping..
    Error retrieving player image for  [76561199214684666]. skipping..
    Error retrieving player image for  [76561199225435822]. skipping..
    Error retrieving player image for sk9el [76561198958878897]. skipping..
    Error retrieving player image for  [76561198379763019]. skipping..
    Error retrieving player image for  [76561199214684666]. skipping..
    Error retrieving player image for  [76561198379763019]. skipping..
    Error retrieving player image for  [76561199225468782]. skipping..
    Error retrieving player image for  [76561199214684666]. skipping..
    Error retrieving player image for  [STEAM_ID_STOP_IGNORING_]. skipping..


-------- February 11, 2022, 4:37 pm --------

  Logged events:
    Error retrieving player image for  [76561199185319520]. skipping..
    Error retrieving player image for  [76561199225468782]. skipping..
    Error retrieving player image for  [76561199214684666]. skipping..
    Error retrieving player image for  [76561199225435822]. skipping..
    Error retrieving player image for sk9el [76561198958878897]. skipping..
    Error retrieving player image for  [76561198379763019]. skipping..
    Error retrieving player image for  [76561199214684666]. skipping..
    Error retrieving player image for  [76561198379763019]. skipping..
    Error retrieving player image for  [76561199225468782]. skipping..
    Error retrieving player image for  [76561199214684666]. skipping..
    Error retrieving player image for  [STEAM_ID_STOP_IGNORING_]. skipping..


-------- February 12, 2022, 1:24 am --------

  Logged events:
    Error retrieving player image for  [76561199185319520]. skipping..
    Error retrieving player image for  [76561199225468782]. skipping..
    Error retrieving player image for  [76561199214684666]. skipping..
    Error retrieving player image for  [76561199225435822]. skipping..
    Error retrieving player image for sk9el [76561198958878897]. skipping..
    Error retrieving player image for  [76561198379763019]. skipping..
    Error retrieving player image for  [76561199214684666]. skipping..
    Error retrieving player image for  [76561198379763019]. skipping..
    Error retrieving player image for  [76561199225468782]. skipping..
    Error retrieving player image for  [76561199214684666]. skipping..
    Error retrieving player image for  [STEAM_ID_STOP_IGNORING_]. skipping..


-------- February 12, 2022, 8:27 am --------

  Logged events:
    Error retrieving player image for  [76561199185319520]. skipping..
    Error retrieving player image for  [76561199225468782]. skipping..
    Error retrieving player image for  [76561199214684666]. skipping..
    Error retrieving player image for  [76561199225435822]. skipping..
    Error retrieving player image for sk9el [76561198958878897]. skipping..
    Error retrieving player image for  [76561198379763019]. skipping..
    Error retrieving player image for  [76561199214684666]. skipping..
    Error retrieving player image for  [76561198379763019]. skipping..
    Error retrieving player image for  [76561199225468782]. skipping..
    Error retrieving player image for  [76561199214684666]. skipping..
    Error retrieving player image for  [STEAM_ID_STOP_IGNORING_]. skipping..


-------- February 12, 2022, 4:33 pm --------

  Logged events:
    Error retrieving player image for  [76561199185319520]. skipping..
    Error retrieving player image for  [76561199225468782]. skipping..
    Error retrieving player image for  [76561199214684666]. skipping..
    Error retrieving player image for  [76561199225435822]. skipping..
    Error retrieving player image for sk9el [76561198958878897]. skipping..
    Error retrieving player image for  [76561198379763019]. skipping..
    Error retrieving player image for  [76561199214684666]. skipping..
    Error retrieving player image for  [76561198379763019]. skipping..
    Error retrieving player image for  [76561199225468782]. skipping..
    Error retrieving player image for  [76561199214684666]. skipping..
    Error retrieving player image for  [STEAM_ID_STOP_IGNORING_]. skipping..


-------- February 13, 2022, 1:26 am --------

  Logged events:
    Error retrieving player image for  [76561199185319520]. skipping..
    Error retrieving player image for  [76561199225468782]. skipping..
    Error retrieving player image for  [76561199214684666]. skipping..
    Error retrieving player image for  [76561199225435822]. skipping..
    Error retrieving player image for sk9el [76561198958878897]. skipping..
    Error retrieving player image for  [76561198379763019]. skipping..
    Error retrieving player image for  [76561199214684666]. skipping..
    Error retrieving player image for  [76561198379763019]. skipping..
    Error retrieving player image for  [76561199225468782]. skipping..
    Error retrieving player image for  [76561199214684666]. skipping..
    Error retrieving player image for  [STEAM_ID_STOP_IGNORING_]. skipping..


-------- February 13, 2022, 8:35 am --------

  Logged events:
    Error retrieving player image for  [76561199185319520]. skipping..
    Error retrieving player image for  [76561199225468782]. skipping..
    Error retrieving player image for  [76561199214684666]. skipping..
    Error retrieving player image for  [76561199225435822]. skipping..
    Error retrieving player image for sk9el [76561198958878897]. skipping..
    Error retrieving player image for  [76561198379763019]. skipping..
    Error retrieving player image for  [76561199214684666]. skipping..
    Error retrieving player image for  [76561198379763019]. skipping..
    Error retrieving player image for  [76561199225468782]. skipping..
    Error retrieving player image for  [76561199214684666]. skipping..
    Error retrieving player image for  [STEAM_ID_STOP_IGNORING_]. skipping..


-------- February 13, 2022, 4:35 pm --------

  Logged events:
    Error retrieving player image for  [76561199185319520]. skipping..
    Error retrieving player image for  [76561199225468782]. skipping..
    Error retrieving player image for  [76561199214684666]. skipping..
    Error retrieving player image for  [76561199225435822]. skipping..
    Error retrieving player image for sk9el [76561198958878897]. skipping..
    Error retrieving player image for  [76561198379763019]. skipping..
    Error retrieving player image for  [76561199214684666]. skipping..
    Error retrieving player image for  [76561198379763019]. skipping..
    Error retrieving player image for  [76561199225468782]. skipping..
    Error retrieving player image for  [76561199214684666]. skipping..
    Error retrieving player image for  [STEAM_ID_STOP_IGNORING_]. skipping..


-------- February 14, 2022, 1:15 am --------

  Logged events:
    Error retrieving player image for  [76561199185319520]. skipping..
    Error retrieving player image for  [76561199225468782]. skipping..
    Error retrieving player image for  [76561199214684666]. skipping..
    Error retrieving player image for  [76561199225435822]. skipping..
    Error retrieving player image for sk9el [76561198958878897]. skipping..

  Errors:
    helpers.php : GetProfileImage() : Check 'STEAM_WEB_API' define. Aborting


-------- February 14, 2022, 8:35 am --------

  Logged events:
    Error retrieving player image for  [76561199185319520]. skipping..
    Error retrieving player image for  [76561199225468782]. skipping..
    Error retrieving player image for  [76561199214684666]. skipping..
    Error retrieving player image for  [76561199225435822]. skipping..
    Error retrieving player image for sk9el [76561198958878897]. skipping..
    Error retrieving player image for  [76561198379763019]. skipping..
    Error retrieving player image for  [76561199214684666]. skipping..
    Error retrieving player image for  [76561198379763019]. skipping..
    Error retrieving player image for  [76561199225468782]. skipping..
    Error retrieving player image for  [76561199214684666]. skipping..
    Error retrieving player image for  [STEAM_ID_STOP_IGNORING_]. skipping..


-------- February 14, 2022, 4:33 pm --------

  Logged events:
    Error retrieving player image for  [76561199185319520]. skipping..
    Error retrieving player image for  [76561199225468782]. skipping..
    Error retrieving player image for  [76561199214684666]. skipping..
    Error retrieving player image for  [76561199225435822]. skipping..
    Error retrieving player image for sk9el [76561198958878897]. skipping..
    Error retrieving player image for  [76561198379763019]. skipping..
    Error retrieving player image for  [76561199214684666]. skipping..
    Error retrieving player image for  [76561198379763019]. skipping..
    Error retrieving player image for  [76561199225468782]. skipping..
    Error retrieving player image for  [76561199214684666]. skipping..
    Error retrieving player image for  [STEAM_ID_STOP_IGNORING_]. skipping..


-------- February 15, 2022, 1:34 am --------

  Logged events:
    Error retrieving player image for  [76561199185319520]. skipping..
    Error retrieving player image for  [76561199225468782]. skipping..
    Error retrieving player image for  [76561199214684666]. skipping..
    Error retrieving player image for  [76561199225435822]. skipping..
    Error retrieving player image for sk9el [76561198958878897]. skipping..
    Error retrieving player image for  [76561198379763019]. skipping..
    Error retrieving player image for  [76561199214684666]. skipping..
    Error retrieving player image for  [76561198379763019]. skipping..
    Error retrieving player image for  [76561199225468782]. skipping..
    Error retrieving player image for  [76561199214684666]. skipping..
    Error retrieving player image for  [STEAM_ID_STOP_IGNORING_]. skipping..


-------- February 15, 2022, 8:35 am --------

  Logged events:
    Error retrieving player image for  [76561199185319520]. skipping..
    Error retrieving player image for  [76561199225468782]. skipping..
    Error retrieving player image for  [76561199214684666]. skipping..
    Error retrieving player image for  [76561199225435822]. skipping..
    Error retrieving player image for sk9el [76561198958878897]. skipping..
    Error retrieving player image for  [76561198379763019]. skipping..
    Error retrieving player image for  [76561199214684666]. skipping..
    Error retrieving player image for  [76561198379763019]. skipping..
    Error retrieving player image for  [76561199225468782]. skipping..
    Error retrieving player image for  [76561199214684666]. skipping..
    Error retrieving player image for  [STEAM_ID_STOP_IGNORING_]. skipping..


-------- February 15, 2022, 4:30 pm --------

  Logged events:
    Error retrieving player image for  [76561199185319520]. skipping..
    Error retrieving player image for  [76561199225468782]. skipping..
    Error retrieving player image for  [76561199214684666]. skipping..

  Errors:
    helpers.php : GetProfileImage() : Check 'STEAM_WEB_API' define. Aborting


-------- February 16, 2022, 1:23 am --------

  Logged events:
    Error retrieving player image for  [76561199185319520]. skipping..
    Error retrieving player image for  [76561199225468782]. skipping..
    Error retrieving player image for  [76561199214684666]. skipping..
    Error retrieving player image for  [76561199225435822]. skipping..

  Errors:
    helpers.php : GetProfileImage() : Check 'STEAM_WEB_API' define. Aborting


-------- February 16, 2022, 8:33 am --------

  Logged events:
    Error retrieving player name for [76561199185319520]. skipping..
    Error retrieving player name for [76561199225468782]. skipping..
    Error retrieving player name for [76561199214684666]. skipping..
    Error retrieving player name for [76561199225435822]. skipping..
    Error retrieving player image for sk9el [76561198958878897]. skipping..
    Error retrieving player name for [76561198379763019]. skipping..
    Error retrieving player name for [76561199214684666]. skipping..
    Error retrieving player name for [76561198379763019]. skipping..
    Error retrieving player name for [76561199225468782]. skipping..
    Error retrieving player name for [76561199214684666]. skipping..
    Error retrieving player name for [STEAM_ID_STOP_IGNORING_]. skipping..


-------- February 16, 2022, 4:42 pm --------

  Logged events:
    Error retrieving player name for [76561199185319520]. skipping..
    Error retrieving player name for [76561199225468782]. skipping..
    Error retrieving player name for [76561199214684666]. skipping..
    Error retrieving player name for [76561199225435822]. skipping..
    Error retrieving player image for sk9el [76561198958878897]. skipping..
    Error retrieving player name for [76561198379763019]. skipping..
    Error retrieving player name for [76561199214684666]. skipping..
    Error retrieving player name for [76561198379763019]. skipping..
    Error retrieving player name for [76561199225468782]. skipping..
    Error retrieving player name for [76561199214684666]. skipping..
    Error retrieving player name for [STEAM_ID_STOP_IGNORING_]. skipping..


-------- February 17, 2022, 1:20 am --------

  Logged events:
    Error retrieving player name for [STEAM_ID_STOP_IGNORING_]. skipping..


-------- February 17, 2022, 8:35 am --------

  Logged events:
    Error retrieving player name for [STEAM_ID_STOP_IGNORING_]. skipping..


-------- February 17, 2022, 4:35 pm --------

  Logged events:
    Error retrieving player name for [STEAM_ID_STOP_IGNORING_]. skipping..


-------- February 18, 2022, 1:34 am --------

  Logged events:
    Error retrieving player name for [STEAM_ID_STOP_IGNORING_]. skipping..


-------- February 18, 2022, 8:35 am --------

  Logged events:
    Error retrieving player name for [STEAM_ID_STOP_IGNORING_]. skipping..


-------- February 18, 2022, 4:35 pm --------

  Logged events:
    Error retrieving player name for [STEAM_ID_STOP_IGNORING_]. skipping..


-------- February 19, 2022, 1:22 am --------

  Logged events:
    Error retrieving player name for [STEAM_ID_STOP_IGNORING_]. skipping..


-------- February 19, 2022, 8:28 am --------

  Logged events:
    Error retrieving player name for [STEAM_ID_STOP_IGNORING_]. skipping..


-------- February 19, 2022, 4:35 pm --------

  Logged events:
    Error retrieving player name for [STEAM_ID_STOP_IGNORING_]. skipping..


-------- February 20, 2022, 1:31 am --------

  Logged events:
    Error retrieving player name for [STEAM_ID_STOP_IGNORING_]. skipping..


-------- February 20, 2022, 8:28 am --------

  Logged events:
    Error retrieving player name for [STEAM_ID_STOP_IGNORING_]. skipping..


-------- February 20, 2022, 4:38 pm --------

  Logged events:
    Error retrieving player name for [STEAM_ID_STOP_IGNORING_]. skipping..


-------- February 21, 2022, 1:21 am --------

  Logged events:
    Error retrieving player name for [STEAM_ID_STOP_IGNORING_]. skipping..


-------- February 21, 2022, 8:30 am --------

  Logged events:
    Error retrieving player name for [STEAM_ID_STOP_IGNORING_]. skipping..


-------- February 21, 2022, 4:42 pm --------

  Logged events:
    Error retrieving player name for [STEAM_ID_STOP_IGNORING_]. skipping..


-------- February 22, 2022, 1:20 am --------

  Logged events:
    Error retrieving player name for [STEAM_ID_STOP_IGNORING_]. skipping..


-------- February 22, 2022, 8:36 am --------

  Logged events:
    Error retrieving player name for [STEAM_ID_STOP_IGNORING_]. skipping..


-------- February 22, 2022, 4:40 pm --------

  Logged events:
    Error retrieving player name for [STEAM_ID_STOP_IGNORING_]. skipping..


-------- February 23, 2022, 1:37 am --------

  Logged events:
    Error retrieving player name for [STEAM_ID_STOP_IGNORING_]. skipping..


-------- February 23, 2022, 8:35 am --------

  Logged events:
    Error retrieving player name for [STEAM_ID_STOP_IGNORING_]. skipping..


-------- February 23, 2022, 4:45 pm --------

  Logged events:
    Error retrieving player name for [76561199216604760]. skipping..
    Error retrieving player name for [STEAM_ID_STOP_IGNORING_]. skipping..


-------- February 24, 2022, 1:31 am --------

  Logged events:
    Error retrieving player name for [76561198065478778]. skipping..
    Error retrieving player image for krazyeights [76561198003024687]. skipping..
    Error retrieving player name for [76561198167068225]. skipping..
    Error retrieving player name for [STEAM_ID_STOP_IGNORING_]. skipping..


-------- February 24, 2022, 8:36 am --------

  Logged events:
    Error retrieving player name for [STEAM_ID_STOP_IGNORING_]. skipping..


-------- February 24, 2022, 4:36 pm --------

  Logged events:
    Error retrieving player name for [STEAM_ID_STOP_IGNORING_]. skipping..


-------- February 25, 2022, 1:24 am --------

  Logged events:
    Error retrieving player name for [STEAM_ID_STOP_IGNORING_]. skipping..


-------- February 25, 2022, 8:35 am --------

  Logged events:
    Error retrieving player name for [STEAM_ID_STOP_IGNORING_]. skipping..


-------- February 25, 2022, 4:44 pm --------

  Logged events:
    Error retrieving player name for [76561199211690828]. skipping..
    Error retrieving player image for RededRat [76561198010135317]. skipping..
    Error retrieving player image for Terry [76561197994359460]. skipping..
    Error retrieving player image for Pancakes [76561198000400799]. skipping..
    Error retrieving player name for [STEAM_ID_STOP_IGNORING_]. skipping..


-------- February 26, 2022, 1:17 am --------

  Logged events:
    Error retrieving player name for [STEAM_ID_STOP_IGNORING_]. skipping..


-------- February 26, 2022, 8:36 am --------

  Logged events:
    Error retrieving player name for [76561198848560394]. skipping..
    Error retrieving player name for [STEAM_ID_STOP_IGNORING_]. skipping..

