
-------- January 1, 2022, 1:20 am --------

  Logged events:
    Error retrieving player image for  [76561199185319520]. skipping..
    Error retrieving player image for sk9el [76561198958878897]. skipping..
    Error retrieving player image for  [76561198379763019]. skipping..
    Error retrieving player image for  [76561198379763019]. skipping..


-------- January 1, 2022, 8:32 am --------

  Logged events:
    Error retrieving player image for  [76561199185319520]. skipping..
    Error retrieving player image for sk9el [76561198958878897]. skipping..
    Error retrieving player image for  [76561198379763019]. skipping..
    Error retrieving player image for  [76561198379763019]. skipping..


-------- January 1, 2022, 4:36 pm --------

  Logged events:
    Error retrieving player image for  [76561199185319520]. skipping..
    Error retrieving player image for sk9el [76561198958878897]. skipping..
    Error retrieving player image for  [76561198379763019]. skipping..
    Error retrieving player image for  [76561198379763019]. skipping..


-------- January 2, 2022, 1:23 am --------

  Logged events:
    Error retrieving player image for  [76561199185319520]. skipping..
    Error retrieving player image for sk9el [76561198958878897]. skipping..
    Error retrieving player image for  [76561198379763019]. skipping..
    Error retrieving player image for  [76561198379763019]. skipping..


-------- January 2, 2022, 8:33 am --------

  Logged events:
    Error retrieving player image for  [76561199185319520]. skipping..
    Error retrieving player image for sk9el [76561198958878897]. skipping..
    Error retrieving player image for  [76561198379763019]. skipping..
    Error retrieving player image for  [76561198379763019]. skipping..


-------- January 2, 2022, 4:40 pm --------

  Logged events:
    Error retrieving player image for  [76561199185319520]. skipping..
    Error retrieving player image for sk9el [76561198958878897]. skipping..
    Error retrieving player image for  [76561198379763019]. skipping..
    Error retrieving player image for  [76561198379763019]. skipping..


-------- January 3, 2022, 1:18 am --------

  Logged events:
    Error retrieving player image for  [76561199185319520]. skipping..
    Error retrieving player image for sk9el [76561198958878897]. skipping..
    Error retrieving player image for  [76561198379763019]. skipping..
    Error retrieving player image for  [76561198379763019]. skipping..
    Error retrieving player image for  [STEAM_ID_STOP_IGNORING_]. skipping..


-------- January 3, 2022, 8:34 am --------

  Logged events:
    Error retrieving player image for  [76561199185319520]. skipping..
    Error retrieving player image for sk9el [76561198958878897]. skipping..
    Error retrieving player image for  [76561198379763019]. skipping..
    Error retrieving player image for  [76561198379763019]. skipping..
    Error retrieving player image for  [STEAM_ID_STOP_IGNORING_]. skipping..


-------- January 3, 2022, 4:44 pm --------

  Logged events:
    Error retrieving player image for  [76561199185319520]. skipping..
    Error retrieving player image for sk9el [76561198958878897]. skipping..
    Error retrieving player image for  [76561198379763019]. skipping..
    Error retrieving player image for  [76561198379763019]. skipping..
    Error retrieving player image for  [STEAM_ID_STOP_IGNORING_]. skipping..


-------- January 4, 2022, 1:21 am --------

  Logged events:
    Error retrieving player image for  [76561199185319520]. skipping..
    Error retrieving player image for sk9el [76561198958878897]. skipping..
    Error retrieving player image for  [76561198379763019]. skipping..
    Error retrieving player image for  [76561198379763019]. skipping..
    Error retrieving player image for  [STEAM_ID_STOP_IGNORING_]. skipping..


-------- January 4, 2022, 8:33 am --------

  Logged events:
    Error retrieving player image for  [76561199185319520]. skipping..
    Error retrieving player image for sk9el [76561198958878897]. skipping..
    Error retrieving player image for  [76561198379763019]. skipping..
    Error retrieving player image for  [76561198379763019]. skipping..
    Error retrieving player image for  [STEAM_ID_STOP_IGNORING_]. skipping..

