
-------- July 1, 2022, 2:44 am --------

  Logged events:
    Error retrieving player name for [STEAM_ID_STOP_IGNORING_]. skipping..


-------- July 1, 2022, 8:44 am --------

  Logged events:
    Error retrieving player name for [STEAM_ID_STOP_IGNORING_]. skipping..


-------- July 2, 2022, 2:25 am --------

  Logged events:
    Error retrieving player name for [STEAM_ID_STOP_IGNORING_]. skipping..


-------- July 2, 2022, 8:41 am --------

  Logged events:
    Error retrieving player name for [STEAM_ID_STOP_IGNORING_]. skipping..


-------- July 2, 2022, 4:44 pm --------

  Logged events:
    Error retrieving player name for [STEAM_ID_STOP_IGNORING_]. skipping..


-------- July 3, 2022, 2:32 am --------

  Logged events:
    Error retrieving player name for [STEAM_ID_STOP_IGNORING_]. skipping..


-------- July 3, 2022, 8:45 am --------

  Logged events:
    Error retrieving player name for [STEAM_ID_STOP_IGNORING_]. skipping..


-------- July 4, 2022, 2:32 am --------

  Logged events:
    Error retrieving player name for [STEAM_ID_STOP_IGNORING_]. skipping..


-------- July 4, 2022, 4:48 pm --------

  Logged events:
    Error retrieving player name for [STEAM_ID_STOP_IGNORING_]. skipping..


-------- July 5, 2022, 2:32 am --------

  Logged events:
    Error retrieving player name for [STEAM_ID_STOP_IGNORING_]. skipping..


-------- July 5, 2022, 8:38 am --------

  Logged events:
    Error retrieving player name for [STEAM_ID_STOP_IGNORING_]. skipping..


-------- July 5, 2022, 4:59 pm --------

  Logged events:
    Error retrieving player name for [76561198399489705]. skipping..
    Error retrieving player image for ⓡⓟⓟ ⋆ [76561198013939486]. skipping..
    Error retrieving player name for [STEAM_ID_STOP_IGNORING_]. skipping..


-------- July 6, 2022, 2:47 am --------

  Logged events:
    Error retrieving player image for Old Hermit [76561198018706932]. skipping..
    Error retrieving player name for [STEAM_ID_STOP_IGNORING_]. skipping..


-------- July 6, 2022, 8:42 am --------

  Logged events:
    Error retrieving player name for [STEAM_ID_STOP_IGNORING_]. skipping..


-------- July 6, 2022, 4:56 pm --------

  Logged events:
    Error retrieving player name for [STEAM_ID_STOP_IGNORING_]. skipping..


-------- July 7, 2022, 2:33 am --------

  Logged events:
    Error retrieving player name for [STEAM_ID_STOP_IGNORING_]. skipping..


-------- July 7, 2022, 8:49 am --------

  Logged events:
    Error retrieving player name for [STEAM_ID_STOP_IGNORING_]. skipping..


-------- July 7, 2022, 5:00 pm --------

  Logged events:
    Error retrieving player name for [STEAM_ID_STOP_IGNORING_]. skipping..


-------- July 8, 2022, 2:37 am --------

  Logged events:
    Error retrieving player name for [STEAM_ID_STOP_IGNORING_]. skipping..


-------- July 8, 2022, 8:45 am --------

  Logged events:
    Error retrieving player name for [STEAM_ID_STOP_IGNORING_]. skipping..


-------- July 8, 2022, 4:56 pm --------

  Logged events:
    Error retrieving player name for [STEAM_ID_STOP_IGNORING_]. skipping..


-------- July 9, 2022, 2:22 am --------

  Logged events:
    Error retrieving player name for [STEAM_ID_STOP_IGNORING_]. skipping..


-------- July 9, 2022, 8:41 am --------

  Logged events:
    Error retrieving player name for [STEAM_ID_STOP_IGNORING_]. skipping..


-------- July 9, 2022, 4:47 pm --------

  Logged events:
    Error retrieving player name for [STEAM_ID_STOP_IGNORING_]. skipping..


-------- July 10, 2022, 2:36 am --------

  Logged events:
    Error retrieving player name for [STEAM_ID_STOP_IGNORING_]. skipping..


-------- July 10, 2022, 8:40 am --------

  Logged events:
    Error retrieving player name for [STEAM_ID_STOP_IGNORING_]. skipping..

