
-------- June 1, 2022, 2:39 am --------

  Logged events:
    Error retrieving player name for [76561199213551468]. skipping..
    Error retrieving player name for [76561199213551468]. skipping..
    Error retrieving player name for [STEAM_ID_STOP_IGNORING_]. skipping..


-------- June 1, 2022, 8:47 am --------

  Logged events:
    Error retrieving player name for [76561199213551468]. skipping..
    Error retrieving player name for [76561199213551468]. skipping..
    Error retrieving player name for [STEAM_ID_STOP_IGNORING_]. skipping..


-------- June 1, 2022, 4:49 pm --------

  Logged events:
    Error retrieving player name for [76561199213551468]. skipping..
    Error retrieving player name for [76561199213551468]. skipping..
    Error retrieving player name for [STEAM_ID_STOP_IGNORING_]. skipping..


-------- June 2, 2022, 2:22 am --------

  Logged events:
    Error retrieving player name for [76561199213551468]. skipping..
    Error retrieving player name for [76561199213551468]. skipping..
    Error retrieving player name for [STEAM_ID_STOP_IGNORING_]. skipping..


-------- June 2, 2022, 8:45 am --------

  Logged events:
    Error retrieving player name for [76561199213551468]. skipping..
    Error retrieving player name for [76561199213551468]. skipping..
    Error retrieving player name for [STEAM_ID_STOP_IGNORING_]. skipping..


-------- June 2, 2022, 4:57 pm --------

  Logged events:
    Error retrieving player name for [76561199213551468]. skipping..
    Error retrieving player name for [76561199213551468]. skipping..
    Error retrieving player name for [STEAM_ID_STOP_IGNORING_]. skipping..


-------- June 3, 2022, 2:03 am --------

  Logged events:
    Error retrieving player name for [76561199213551468]. skipping..
    Error retrieving player name for [76561199213551468]. skipping..
    Error retrieving player name for [STEAM_ID_STOP_IGNORING_]. skipping..


-------- June 3, 2022, 8:36 am --------

  Logged events:
    Error retrieving player name for [76561199213551468]. skipping..
    Error retrieving player name for [76561199213551468]. skipping..
    Error retrieving player name for [STEAM_ID_STOP_IGNORING_]. skipping..


-------- June 3, 2022, 4:51 pm --------

  Logged events:
    Error retrieving player name for [76561199213551468]. skipping..
    Error retrieving player name for [76561199213551468]. skipping..
    Error retrieving player name for [STEAM_ID_STOP_IGNORING_]. skipping..


-------- June 4, 2022, 2:06 am --------

  Logged events:
    Error retrieving player name for [76561199213551468]. skipping..
    Error retrieving player name for [76561199213551468]. skipping..
    Error retrieving player name for [STEAM_ID_STOP_IGNORING_]. skipping..


-------- June 4, 2022, 8:38 am --------

  Logged events:
    Error retrieving player name for [76561199213551468]. skipping..
    Error retrieving player name for [76561199213551468]. skipping..
    Error retrieving player name for [STEAM_ID_STOP_IGNORING_]. skipping..


-------- June 4, 2022, 4:47 pm --------

  Logged events:
    Error retrieving player name for [76561199213551468]. skipping..
    Error retrieving player name for [76561199213551468]. skipping..
    Error retrieving player name for [STEAM_ID_STOP_IGNORING_]. skipping..


-------- June 5, 2022, 2:21 am --------

  Logged events:
    Error retrieving player name for [76561199213551468]. skipping..
    Error retrieving player name for [76561199213551468]. skipping..
    Error retrieving player name for [STEAM_ID_STOP_IGNORING_]. skipping..


-------- June 5, 2022, 8:35 am --------

  Logged events:
    Error retrieving player name for [76561199213551468]. skipping..
    Error retrieving player name for [76561198015839366]. skipping..
    Error retrieving player name for [76561199222088899]. skipping..
    Error retrieving player name for [76561199213551468]. skipping..
    Error retrieving player name for [STEAM_ID_STOP_IGNORING_]. skipping..


-------- June 5, 2022, 4:46 pm --------

  Logged events:
    Error retrieving player name for [76561199213551468]. skipping..
    Error retrieving player name for [76561199213551468]. skipping..
    Error retrieving player name for [STEAM_ID_STOP_IGNORING_]. skipping..


-------- June 6, 2022, 2:16 am --------

  Logged events:
    Error retrieving player name for [76561199213551468]. skipping..
    Error retrieving player name for [76561199213551468]. skipping..
    Error retrieving player name for [STEAM_ID_STOP_IGNORING_]. skipping..


-------- June 6, 2022, 8:34 am --------

  Logged events:
    Error retrieving player name for [76561199213551468]. skipping..
    Error retrieving player name for [76561199213551468]. skipping..
    Error retrieving player name for [STEAM_ID_STOP_IGNORING_]. skipping..


-------- June 7, 2022, 2:12 am --------

  Logged events:
    Error retrieving player name for [76561199213551468]. skipping..
    Error retrieving player name for [76561199213551468]. skipping..
    Error retrieving player name for [STEAM_ID_STOP_IGNORING_]. skipping..


-------- June 7, 2022, 8:43 am --------

  Logged events:
    Error retrieving player name for [76561199213551468]. skipping..
    Error retrieving player name for [76561199213551468]. skipping..
    Error retrieving player name for [STEAM_ID_STOP_IGNORING_]. skipping..


-------- June 7, 2022, 4:47 pm --------

  Logged events:
    Error retrieving player name for [76561199213551468]. skipping..
    Error retrieving player name for [76561199213551468]. skipping..
    Error retrieving player name for [STEAM_ID_STOP_IGNORING_]. skipping..


-------- June 8, 2022, 2:10 am --------

  Logged events:
    Error retrieving player name for [76561199213551468]. skipping..
    Error retrieving player name for [76561199213551468]. skipping..
    Error retrieving player name for [STEAM_ID_STOP_IGNORING_]. skipping..


-------- June 8, 2022, 8:43 am --------

  Logged events:
    Error retrieving player name for [76561199213551468]. skipping..
    Error retrieving player name for [76561199213551468]. skipping..
    Error retrieving player name for [STEAM_ID_STOP_IGNORING_]. skipping..


-------- June 8, 2022, 4:50 pm --------

  Logged events:
    Error retrieving player name for [76561199213551468]. skipping..
    Error retrieving player name for [76561199213551468]. skipping..
    Error retrieving player name for [STEAM_ID_STOP_IGNORING_]. skipping..


-------- June 9, 2022, 2:16 am --------

  Logged events:
    Error retrieving player name for [76561199213551468]. skipping..
    Error retrieving player name for [76561199213551468]. skipping..
    Error retrieving player name for [STEAM_ID_STOP_IGNORING_]. skipping..


-------- June 9, 2022, 8:48 am --------

  Logged events:
    Error retrieving player name for [76561199213551468]. skipping..
    Error retrieving player name for [76561199213551468]. skipping..
    Error retrieving player name for [STEAM_ID_STOP_IGNORING_]. skipping..


-------- June 9, 2022, 4:46 pm --------

  Logged events:
    Error retrieving player name for [76561199213551468]. skipping..
    Error retrieving player name for [76561199213551468]. skipping..
    Error retrieving player name for [STEAM_ID_STOP_IGNORING_]. skipping..


-------- June 10, 2022, 2:12 am --------

  Logged events:
    Error retrieving player name for [76561199213551468]. skipping..
    Error retrieving player name for [76561199213551468]. skipping..
    Error retrieving player name for [STEAM_ID_STOP_IGNORING_]. skipping..


-------- June 10, 2022, 8:43 am --------

  Logged events:
    Error retrieving player name for [76561199213551468]. skipping..
    Error retrieving player name for [76561199213551468]. skipping..
    Error retrieving player name for [STEAM_ID_STOP_IGNORING_]. skipping..


-------- June 10, 2022, 4:52 pm --------

  Logged events:
    Error retrieving player name for [76561199213551468]. skipping..
    Error retrieving player name for [76561199213551468]. skipping..
    Error retrieving player name for [STEAM_ID_STOP_IGNORING_]. skipping..


-------- June 11, 2022, 2:12 am --------

  Logged events:
    Error retrieving player name for [76561199213551468]. skipping..
    Error retrieving player name for [76561199213551468]. skipping..
    Error retrieving player name for [STEAM_ID_STOP_IGNORING_]. skipping..


-------- June 11, 2022, 8:35 am --------

  Logged events:
    Error retrieving player name for [76561199213551468]. skipping..
    Error retrieving player name for [76561199213551468]. skipping..
    Error retrieving player name for [STEAM_ID_STOP_IGNORING_]. skipping..


-------- June 11, 2022, 4:47 pm --------

  Logged events:
    Error retrieving player name for [76561199213551468]. skipping..
    Error retrieving player name for [76561199213551468]. skipping..
    Error retrieving player name for [STEAM_ID_STOP_IGNORING_]. skipping..


-------- June 12, 2022, 8:44 am --------

  Logged events:
    Error retrieving player name for [76561199213551468]. skipping..
    Error retrieving player name for [76561199213551468]. skipping..
    Error retrieving player name for [STEAM_ID_STOP_IGNORING_]. skipping..


-------- June 12, 2022, 4:43 pm --------

  Logged events:
    Error retrieving player name for [76561199213551468]. skipping..
    Error retrieving player name for [76561199213551468]. skipping..
    Error retrieving player name for [STEAM_ID_STOP_IGNORING_]. skipping..


-------- June 13, 2022, 2:23 am --------

  Logged events:
    Error retrieving player name for [76561199213551468]. skipping..
    Error retrieving player name for [76561199213551468]. skipping..
    Error retrieving player name for [STEAM_ID_STOP_IGNORING_]. skipping..


-------- June 13, 2022, 8:38 am --------

  Logged events:
    Error retrieving player name for [76561199213551468]. skipping..
    Error retrieving player name for [76561199213551468]. skipping..
    Error retrieving player name for [STEAM_ID_STOP_IGNORING_]. skipping..


-------- June 13, 2022, 4:54 pm --------

  Logged events:
    Error retrieving player name for [76561199213551468]. skipping..
    Error retrieving player name for [76561199213551468]. skipping..
    Error retrieving player name for [STEAM_ID_STOP_IGNORING_]. skipping..


-------- June 14, 2022, 2:30 am --------

  Logged events:
    Error retrieving player name for [76561199213551468]. skipping..
    Error retrieving player name for [76561199213551468]. skipping..
    Error retrieving player name for [STEAM_ID_STOP_IGNORING_]. skipping..


-------- June 14, 2022, 8:38 am --------

  Logged events:
    Error retrieving player name for [76561199213551468]. skipping..
    Error retrieving player name for [76561199213551468]. skipping..
    Error retrieving player name for [STEAM_ID_STOP_IGNORING_]. skipping..


-------- June 14, 2022, 4:48 pm --------

  Logged events:
    Error retrieving player name for [76561199213551468]. skipping..
    Error retrieving player name for [76561199213551468]. skipping..
    Error retrieving player name for [STEAM_ID_STOP_IGNORING_]. skipping..


-------- June 15, 2022, 8:39 am --------

  Logged events:
    Error retrieving player name for [76561199213551468]. skipping..
    Error retrieving player name for [76561199213551468]. skipping..
    Error retrieving player name for [STEAM_ID_STOP_IGNORING_]. skipping..


-------- June 15, 2022, 4:50 pm --------

  Logged events:
    Error retrieving player name for [76561199213551468]. skipping..
    Error retrieving player name for [76561199213551468]. skipping..
    Error retrieving player name for [STEAM_ID_STOP_IGNORING_]. skipping..


-------- June 16, 2022, 2:12 am --------

  Logged events:
    Error retrieving player name for [76561199213551468]. skipping..
    Error retrieving player name for [76561198841030367]. skipping..
    Error retrieving player name for [76561199213551468]. skipping..
    Error retrieving player name for [STEAM_ID_STOP_IGNORING_]. skipping..


-------- June 16, 2022, 8:42 am --------

  Logged events:
    Error retrieving player name for [76561199213551468]. skipping..
    Error retrieving player name for [76561198841030367]. skipping..
    Error retrieving player name for [76561199213551468]. skipping..
    Error retrieving player name for [STEAM_ID_STOP_IGNORING_]. skipping..


-------- June 16, 2022, 4:47 pm --------

  Logged events:
    Error retrieving player name for [76561199213551468]. skipping..
    Error retrieving player name for [76561198841030367]. skipping..
    Error retrieving player name for [76561199213551468]. skipping..
    Error retrieving player name for [STEAM_ID_STOP_IGNORING_]. skipping..


-------- June 17, 2022, 2:21 am --------

  Logged events:
    Error retrieving player name for [76561199213551468]. skipping..
    Error retrieving player name for [76561198841030367]. skipping..
    Error retrieving player name for [76561199213551468]. skipping..
    Error retrieving player name for [STEAM_ID_STOP_IGNORING_]. skipping..


-------- June 17, 2022, 8:53 am --------

  Logged events:
    Error retrieving player name for [76561199213551468]. skipping..
    Error retrieving player name for [76561198841030367]. skipping..
    Error retrieving player name for [76561199213551468]. skipping..
    Error retrieving player name for [STEAM_ID_STOP_IGNORING_]. skipping..


-------- June 17, 2022, 4:57 pm --------

  Logged events:
    Error retrieving player name for [76561199213551468]. skipping..
    Error retrieving player name for [76561198841030367]. skipping..
    Error retrieving player name for [76561199213551468]. skipping..
    Error retrieving player name for [STEAM_ID_STOP_IGNORING_]. skipping..


-------- June 18, 2022, 2:13 am --------

  Logged events:
    Error retrieving player name for [76561199213551468]. skipping..
    Error retrieving player name for [76561198841030367]. skipping..
    Error retrieving player name for [76561199213551468]. skipping..
    Error retrieving player name for [STEAM_ID_STOP_IGNORING_]. skipping..


-------- June 18, 2022, 8:43 am --------

  Logged events:
    Error retrieving player name for [STEAM_ID_STOP_IGNORING_]. skipping..


-------- June 18, 2022, 4:48 pm --------

  Logged events:
    Error retrieving player name for [76561197997128450]. skipping..
    Error retrieving player name for [STEAM_ID_STOP_IGNORING_]. skipping..


-------- June 19, 2022, 2:27 am --------

  Logged events:
    Error retrieving player name for [STEAM_ID_STOP_IGNORING_]. skipping..


-------- June 19, 2022, 8:44 am --------

  Logged events:
    Error retrieving player name for [STEAM_ID_STOP_IGNORING_]. skipping..


-------- June 19, 2022, 4:47 pm --------

  Logged events:
    Error retrieving player name for [STEAM_ID_STOP_IGNORING_]. skipping..


-------- June 20, 2022, 2:15 am --------

  Logged events:
    Error retrieving player name for [STEAM_ID_STOP_IGNORING_]. skipping..


-------- June 20, 2022, 8:51 am --------

  Logged events:
    Error retrieving player name for [STEAM_ID_STOP_IGNORING_]. skipping..


-------- June 21, 2022, 2:21 am --------

  Logged events:
    Error retrieving player name for [STEAM_ID_STOP_IGNORING_]. skipping..


-------- June 21, 2022, 8:50 am --------

  Logged events:
    Error retrieving player name for [STEAM_ID_STOP_IGNORING_]. skipping..


-------- June 21, 2022, 4:46 pm --------

  Logged events:
    Error retrieving player name for [STEAM_ID_STOP_IGNORING_]. skipping..


-------- June 22, 2022, 2:26 am --------

  Logged events:
    Error retrieving player name for [STEAM_ID_STOP_IGNORING_]. skipping..


-------- June 22, 2022, 8:40 am --------

  Logged events:
    Error retrieving player name for [STEAM_ID_STOP_IGNORING_]. skipping..


-------- June 22, 2022, 4:52 pm --------

  Logged events:
    Error retrieving player name for [STEAM_ID_STOP_IGNORING_]. skipping..


-------- June 23, 2022, 2:21 am --------

  Logged events:
    Error retrieving player name for [STEAM_ID_STOP_IGNORING_]. skipping..


-------- June 23, 2022, 8:44 am --------

  Logged events:
    Error retrieving player name for [STEAM_ID_STOP_IGNORING_]. skipping..


-------- June 23, 2022, 4:52 pm --------

  Logged events:
    Error retrieving player name for [STEAM_ID_STOP_IGNORING_]. skipping..


-------- June 24, 2022, 2:27 am --------

  Logged events:
    Error retrieving player name for [76561199111398114]. skipping..
    Error retrieving player image for Momma Ðime ♥ [76561198038138919]. skipping..
    Error retrieving player image for Rose [76561198054827454]. skipping..
    Error retrieving player name for [STEAM_ID_STOP_IGNORING_]. skipping..


-------- June 24, 2022, 8:43 am --------

  Logged events:
    Error retrieving player name for [STEAM_ID_STOP_IGNORING_]. skipping..


-------- June 24, 2022, 4:47 pm --------

  Logged events:
    Error retrieving player name for [STEAM_ID_STOP_IGNORING_]. skipping..


-------- June 25, 2022, 2:31 am --------

  Logged events:
    Error retrieving player name for [STEAM_ID_STOP_IGNORING_]. skipping..


-------- June 25, 2022, 8:40 am --------

  Logged events:
    Error retrieving player name for [STEAM_ID_STOP_IGNORING_]. skipping..

