
-------- March 1, 2022, 1:42 am --------

  Logged events:
    Error retrieving player name for [STEAM_ID_STOP_IGNORING_]. skipping..


-------- March 1, 2022, 8:31 am --------

  Logged events:
    Error retrieving player name for [STEAM_ID_STOP_IGNORING_]. skipping..


-------- March 1, 2022, 4:44 pm --------

  Logged events:
    Error retrieving player name for [STEAM_ID_STOP_IGNORING_]. skipping..


-------- March 2, 2022, 1:37 am --------

  Logged events:
    Error retrieving player name for [STEAM_ID_STOP_IGNORING_]. skipping..


-------- March 2, 2022, 8:35 am --------

  Logged events:
    Error retrieving player name for [STEAM_ID_STOP_IGNORING_]. skipping..


-------- March 2, 2022, 4:45 pm --------

  Logged events:
    Error retrieving player image for RobiPuzzola [76561198116789685]. skipping..
    Error retrieving player name for [STEAM_ID_STOP_IGNORING_]. skipping..


-------- March 3, 2022, 1:31 am --------

  Logged events:
    Error retrieving player name for [STEAM_ID_STOP_IGNORING_]. skipping..


-------- March 3, 2022, 8:36 am --------

  Logged events:
    Error retrieving player name for [STEAM_ID_STOP_IGNORING_]. skipping..


-------- March 3, 2022, 4:42 pm --------

  Logged events:
    Error retrieving player name for [STEAM_ID_STOP_IGNORING_]. skipping..


-------- March 4, 2022, 1:46 am --------

  Logged events:
    Error retrieving player name for [STEAM_ID_STOP_IGNORING_]. skipping..


-------- March 4, 2022, 8:31 am --------

  Logged events:
    Error retrieving player name for [STEAM_ID_STOP_IGNORING_]. skipping..

