
-------- May 1, 2022, 2:42 am --------

  Logged events:
    Error retrieving player name for [76561199213551468]. skipping..
    Error retrieving player name for [76561199213551468]. skipping..
    Error retrieving player name for [STEAM_ID_STOP_IGNORING_]. skipping..


-------- May 1, 2022, 8:41 am --------

  Logged events:
    Error retrieving player name for [76561199213551468]. skipping..
    Error retrieving player name for [76561199213551468]. skipping..
    Error retrieving player name for [STEAM_ID_STOP_IGNORING_]. skipping..


-------- May 1, 2022, 4:48 pm --------

  Logged events:
    Error retrieving player name for [76561199213551468]. skipping..
    Error retrieving player name for [76561199213551468]. skipping..
    Error retrieving player name for [STEAM_ID_STOP_IGNORING_]. skipping..


-------- May 2, 2022, 2:25 am --------

  Logged events:
    Error retrieving player name for [76561199213551468]. skipping..
    Error retrieving player name for [76561199213551468]. skipping..
    Error retrieving player name for [STEAM_ID_STOP_IGNORING_]. skipping..


-------- May 2, 2022, 8:36 am --------

  Logged events:
    Error retrieving player name for [76561199213551468]. skipping..
    Error retrieving player name for [76561199213551468]. skipping..
    Error retrieving player name for [STEAM_ID_STOP_IGNORING_]. skipping..

