
-------- November 1, 2022, 3:00 am --------

  Logged events:
    Error retrieving player name for [76561198399505840]. skipping..
    Error retrieving player name for [76561198043045620]. skipping..
    Error retrieving player name for [76561199046920118]. skipping..
    Error retrieving player image for ★Thug-Life★ [76561197998177692]. skipping..
    Error retrieving player name for [76561198095403623]. skipping..
    Error retrieving player name for [76561199076925118]. skipping..
    Error retrieving player name for [76561199046920118]. skipping..
    Error retrieving player name for [76561199046920118]. skipping..
    Error retrieving player name for [STEAM_ID_STOP_IGNORING_]. skipping..


-------- November 1, 2022, 8:40 am --------

  Logged events:
    Error retrieving player name for [76561198399505840]. skipping..
    Error retrieving player name for [76561198043045620]. skipping..
    Error retrieving player name for [76561199046920118]. skipping..
    Error retrieving player image for Monster56k [76561198896887823]. skipping..
    Error retrieving player name for [76561198379942909]. skipping..
    Error retrieving player image for poltergenic [76561198111294663]. skipping..
    Error retrieving player image for Сãpo Śilv [76561198797260366]. skipping..
    Error retrieving player image for PRIMO [76561199281045078]. skipping..
    Error retrieving player image for rasta-fxrian [76561198835015223]. skipping..
    Error retrieving player image for rd [76561198269436948]. skipping..
    Error retrieving player name for [76561198055352572]. skipping..
    Error retrieving player name for [76561198079380694]. skipping..
    Error retrieving player image for no mercy pro [76561199123026305]. skipping..
    Error retrieving player name for [76561198176892879]. skipping..
    Error retrieving player name for [76561198075943481]. skipping..
    Error retrieving player name for [76561199114406864]. skipping..
    Error retrieving player image for Sh4dow [76561199048362870]. skipping..
    Error retrieving player image for Shadow_Rico [76561198006221004]. skipping..
    Error retrieving player name for [76561199012775950]. skipping..
    Error retrieving player name for [76561198011488181]. skipping..
    Error retrieving player image for Simonopolis [76561197986719557]. skipping..
    Error retrieving player name for [76561199075571842]. skipping..
    Error retrieving player name for [76561198217434644]. skipping..
    Error retrieving player image for Sloth [76561198316074996]. skipping..
    Error retrieving player image for Snow ❄ [76561199006886269]. skipping..
    Error retrieving player image for Somnician [76561198135986445]. skipping..
    Error retrieving player image for Spuddley [76561198936754072]. skipping..
    Error retrieving player name for [76561198253796832]. skipping..
    Error retrieving player name for [76561199130413814]. skipping..
    Error retrieving player image for Staty58 [76561199005056670]. skipping..
    Error retrieving player name for [76561198035410824]. skipping..
    Error retrieving player name for [76561197961833753]. skipping..
    Error retrieving player name for [76561199350904982]. skipping..
    Error retrieving player image for Sweet Potato Pie [76561199091748811]. skipping..
    Error retrieving player image for swing [76561198317720202]. skipping..
    Error retrieving player name for [76561197987864717]. skipping..
    Error retrieving player name for [76561198383008636]. skipping..
    Error retrieving player image for ʎddɐɥ [76561198009090481]. skipping..
    Error retrieving player image for мár&#039;c [76561198151331857]. skipping..
    Error retrieving player name for [76561198029763066]. skipping..
    Error retrieving player image for Ӕяoη ҒεηiӼ™ [76561198017278596]. skipping..

  Errors:
    helpers.php : GeneratePlayersArray() : Steam is probably down. Aborting... 


-------- November 1, 2022, 5:00 pm --------

  Logged events:
    Error retrieving player name for [76561198399505840]. skipping..
    Error retrieving player name for [76561198043045620]. skipping..
    Error retrieving player name for [76561199046920118]. skipping..
    Error retrieving player name for [76561198356853241]. skipping..
    Error retrieving player name for [76561198329139082]. skipping..
    Error retrieving player image for ★Thug-Life★ [76561197998177692]. skipping..
    Error retrieving player name for [76561199046920118]. skipping..
    Error retrieving player name for [76561199046920118]. skipping..
    Error retrieving player name for [STEAM_ID_STOP_IGNORING_]. skipping..


-------- November 2, 2022, 2:48 am --------

  Logged events:
    Error retrieving player name for [76561198399505840]. skipping..
    Error retrieving player image for Draco Alivi [76561198026670415]. skipping..
    Error retrieving player name for [76561198043045620]. skipping..
    Error retrieving player image for dustin [76561198067462280]. skipping..
    Error retrieving player image for Dwaw of Waw [76561199015718944]. skipping..
    Error retrieving player image for Edga [76561198057903283]. skipping..
    Error retrieving player name for [76561199046920118]. skipping..
    Error retrieving player image for tопотун [76561199193748141]. skipping..
    Error retrieving player image for 76561199115881906 [76561199115881906]. skipping..
    Error retrieving player image for faka [76561199093280815]. skipping..
    Error retrieving player name for [76561197974150813]. skipping..
    Error retrieving player image for Duw Gans &#039;n [76561198106341719]. skipping..
    Error retrieving player image for Fu [76561197991723529]. skipping..
    Error retrieving player name for [76561198387936561]. skipping..
    Error retrieving player image for jaku [76561198136877812]. skipping..
    Error retrieving player image for J¡ [76561199403344999]. skipping..
    Error retrieving player name for [76561198334220958]. skipping..
    Error retrieving player image for ★Thug-Life★ [76561197998177692]. skipping..
    Error retrieving player image for P0xie [76561198196644395]. skipping..
    Error retrieving player name for [76561199046920118]. skipping..
    Error retrieving player name for [76561199046920118]. skipping..
    Error retrieving player name for [STEAM_ID_STOP_IGNORING_]. skipping..


-------- November 2, 2022, 8:38 am --------

  Logged events:
    Error retrieving player name for [76561197994103059]. skipping..
    Error retrieving player name for [76561198399505840]. skipping..
    Error retrieving player name for [76561199323855171]. skipping..
    Error retrieving player name for [76561198868135520]. skipping..
    Error retrieving player image for Cricket [76561198031494515]. skipping..
    Error retrieving player image for Cyber [76561198017881537]. skipping..
    Error retrieving player name for [76561198060862448]. skipping..
    Error retrieving player image for DAGGER [76561199091211123]. skipping..
    Error retrieving player name for [76561198798707751]. skipping..
    Error retrieving player name for [76561198887634121]. skipping..
    Error retrieving player image for demonskillings [76561199226019966]. skipping..
    Error retrieving player image for Depressed Mage Named Vex [76561198077269608]. skipping..
    Error retrieving player image for Dissident [76561198005720534]. skipping..
    Error retrieving player name for [76561198242818876]. skipping..
    Error retrieving player image for ジンマン [76561198202036310]. skipping..
    Error retrieving player name for [76561198085370638]. skipping..
    Error retrieving player name for [76561198262819604]. skipping..
    Error retrieving player name for [76561198853618018]. skipping..
    Error retrieving player name for [76561198043045620]. skipping..
    Error retrieving player name for [76561198252417898]. skipping..
    Error retrieving player image for duck [76561198137825363]. skipping..
    Error retrieving player name for [76561199046920118]. skipping..
    Error retrieving player name for [76561198158097654]. skipping..
    Error retrieving player name for [76561199064307651]. skipping..
    Error retrieving player name for [76561198262538011]. skipping..
    Error retrieving player name for [76561199121631074]. skipping..
    Error retrieving player name for [76561197991723529]. skipping..
    Error retrieving player name for [76561199062125346]. skipping..
    Error retrieving player image for Gents [76561198028741818]. skipping..
    Error retrieving player image for Guz [76561198231965792]. skipping..
    Error retrieving player image for Hawkens [76561198064817566]. skipping..
    Error retrieving player image for HellishWoman [76561198060123351]. skipping..
    Error retrieving player image for Hello [76561198009174822]. skipping..
    Error retrieving player image for henry (Raptor) [76561198116585225]. skipping..
    Error retrieving player image for HeXaah [76561198035757304]. skipping..
    Error retrieving player image for PixxY [76561199083643055]. skipping..
    Error retrieving player image for pipa__pipa [76561199133505892]. skipping..
    Error retrieving player image for J.T. [76561198003184616]. skipping..
    Error retrieving player name for [76561198387936561]. skipping..
    Error retrieving player name for [76561198136877812]. skipping..
    Error retrieving player image for Keegan [76561198026039452]. skipping..

  Errors:
    helpers.php : GeneratePlayersArray() : Steam is probably down. Aborting... 

