
-------- October 1, 2022, 3:12 am --------

  Logged events:
    Error retrieving player name for [76561199046920118]. skipping..
    Error retrieving player name for [76561198440289920]. skipping..
    Error retrieving player name for [76561198202140009]. skipping..
    Error retrieving player name for [76561199098711330]. skipping..
    Error retrieving player name for [76561199160542823]. skipping..
    Error retrieving player image for veyr &lt;3 [76561198387068532]. skipping..
    Error retrieving player name for [76561199000549231]. skipping..
    Error retrieving player image for wysa [76561198997909888]. skipping..
    Error retrieving player name for [76561198797714355]. skipping..
    Error retrieving player image for ᴇxᴇʟᴇʀᴏ [76561197975617592]. skipping..
    Error retrieving player image for RENTHAL ツ [76561198883382135]. skipping..
    Error retrieving player image for 千山 [76561198128119441]. skipping..
    Error retrieving player name for [76561198106620252]. skipping..
    Error retrieving player image for Clouded Vision [76561198249357908]. skipping..
    Error retrieving player name for [76561197994301890]. skipping..
    Error retrieving player name for [76561198131488480]. skipping..
    Error retrieving player name for [76561199242231036]. skipping..
    Error retrieving player image for hunter_k9876 [76561198329139082]. skipping..
    Error retrieving player image for johnathanmacdonald [76561199197553574]. skipping..
    Error retrieving player name for [76561198854062752]. skipping..
    Error retrieving player name for [76561198272325790]. skipping..
    Error retrieving player name for [76561198223272720]. skipping..
    Error retrieving player image for TsarFlow [76561197968416769]. skipping..
    Error retrieving player image for TwIce [76561198281049300]. skipping..
    Error retrieving player name for [76561198451302599]. skipping..
    Error retrieving player name for [76561198043490057]. skipping..
    Error retrieving player name for [76561199138550494]. skipping..
    Error retrieving player image for ★Thug-Life★ [76561197998177692]. skipping..
    Error retrieving player image for Bolderaj [76561197979207805]. skipping..
    Error retrieving player image for BoomScoops [76561198000380159]. skipping..
    Error retrieving player name for [76561198834042603]. skipping..
    Error retrieving player image for JustHadWhoopie [76561198850604959]. skipping..
    Error retrieving player name for [76561198808486600]. skipping..
    Error retrieving player image for Improvisator [76561198055727976]. skipping..
    Error retrieving player name for [76561198066880497]. skipping..
    Error retrieving player name for [76561199052288386]. skipping..
    Error retrieving player image for KarmicChaos [76561198065903789]. skipping..
    Error retrieving player name for [76561198360551607]. skipping..
    Error retrieving player image for Raloc [76561199330813834]. skipping..
    Error retrieving player name for [76561198079289142]. skipping..
    Error retrieving player name for [76561199046920118]. skipping..
    Error retrieving player image for sLeeK [76561197981727999]. skipping..
    Error retrieving player name for [76561199389329492]. skipping..
    Error retrieving player image for will2kill [76561198045582276]. skipping..
    Error retrieving player name for [76561199046920118]. skipping..
    Error retrieving player name for [STEAM_ID_STOP_IGNORING_]. skipping..

