
-------- September 1, 2022, 2:47 am --------

  Logged events:
    Error retrieving player name for [76561199046920118]. skipping..
    Error retrieving player image for ★Thug-Life★ [76561197998177692]. skipping..
    Error retrieving player name for [76561199084287812]. skipping..
    Error retrieving player name for [76561199046920118]. skipping..
    Error retrieving player name for [76561199046920118]. skipping..
    Error retrieving player name for [STEAM_ID_STOP_IGNORING_]. skipping..


-------- September 1, 2022, 8:45 am --------

  Logged events:
    Error retrieving player image for dog [76561198242818876]. skipping..
    Error retrieving player name for [76561199046920118]. skipping..
    Error retrieving player image for ★Thug-Life★ [76561197998177692]. skipping..
    Error retrieving player image for peep wars [76561197998957737]. skipping..
    Error retrieving player name for [76561199046920118]. skipping..
    Error retrieving player name for [76561199046920118]. skipping..
    Error retrieving player image for woah [76561198126180857]. skipping..
    Error retrieving player name for [STEAM_ID_STOP_IGNORING_]. skipping..


-------- September 1, 2022, 4:56 pm --------

  Logged events:
    Error retrieving player name for [76561199046920118]. skipping..
    Error retrieving player image for ★Thug-Life★ [76561197998177692]. skipping..
    Error retrieving player name for [76561197967334197]. skipping..
    Error retrieving player name for [76561199046920118]. skipping..
    Error retrieving player name for [76561199046920118]. skipping..
    Error retrieving player name for [STEAM_ID_STOP_IGNORING_]. skipping..


-------- September 2, 2022, 2:55 am --------

  Logged events:
    Error retrieving player name for [76561199046920118]. skipping..
    Error retrieving player image for ★Thug-Life★ [76561197998177692]. skipping..
    Error retrieving player name for [76561198096025886]. skipping..
    Error retrieving player name for [76561199046920118]. skipping..
    Error retrieving player name for [76561199046920118]. skipping..
    Error retrieving player name for [STEAM_ID_STOP_IGNORING_]. skipping..


-------- September 2, 2022, 8:47 am --------

  Logged events:
    Error retrieving player name for [76561199046920118]. skipping..
    Error retrieving player image for veyr &lt;3 [76561198387068532]. skipping..
    Error retrieving player name for [76561198358462011]. skipping..
    Error retrieving player image for NearSideOfInfinity [76561198053051232]. skipping..
    Error retrieving player image for lunisolar [76561198128999586]. skipping..
    Error retrieving player image for ★Thug-Life★ [76561197998177692]. skipping..
    Error retrieving player name for [76561199046920118]. skipping..
    Error retrieving player name for [76561199046920118]. skipping..
    Error retrieving player name for [STEAM_ID_STOP_IGNORING_]. skipping..


-------- September 2, 2022, 4:47 pm --------

  Logged events:
    Error retrieving player name for [76561199046920118]. skipping..
    Error retrieving player name for [76561198051599124]. skipping..
    Error retrieving player image for ★Thug-Life★ [76561197998177692]. skipping..
    Error retrieving player name for [76561199046920118]. skipping..
    Error retrieving player name for [76561199046920118]. skipping..
    Error retrieving player name for [STEAM_ID_STOP_IGNORING_]. skipping..


-------- September 3, 2022, 2:54 am --------

  Logged events:
    Error retrieving player name for [76561199046920118]. skipping..
    Error retrieving player image for ★Thug-Life★ [76561197998177692]. skipping..
    Error retrieving player name for [76561198338319809]. skipping..
    Error retrieving player name for [76561199046920118]. skipping..
    Error retrieving player name for [76561199046920118]. skipping..
    Error retrieving player name for [STEAM_ID_STOP_IGNORING_]. skipping..


-------- September 3, 2022, 8:41 am --------

  Logged events:
    Error retrieving player name for [76561199046920118]. skipping..
    Error retrieving player image for ★Thug-Life★ [76561197998177692]. skipping..
    Error retrieving player name for [76561199046920118]. skipping..
    Error retrieving player name for [76561199046920118]. skipping..
    Error retrieving player name for [STEAM_ID_STOP_IGNORING_]. skipping..


-------- September 3, 2022, 4:45 pm --------

  Logged events:
    Error retrieving player name for [76561199046920118]. skipping..
    Error retrieving player image for ★Thug-Life★ [76561197998177692]. skipping..
    Error retrieving player image for Depression patient [76561198400814462]. skipping..
    Error retrieving player name for [76561198133817040]. skipping..
    Error retrieving player name for [76561199046920118]. skipping..
    Error retrieving player image for Dziublan [76561198130203570]. skipping..
    Error retrieving player name for [76561199046920118]. skipping..
    Error retrieving player name for [STEAM_ID_STOP_IGNORING_]. skipping..


-------- September 4, 2022, 2:52 am --------

  Logged events:
    Error retrieving player name for [76561199046920118]. skipping..
    Error retrieving player image for aciidz [76561198054276000]. skipping..
    Error retrieving player image for ★Thug-Life★ [76561197998177692]. skipping..
    Error retrieving player name for [76561199046920118]. skipping..
    Error retrieving player name for [76561199046920118]. skipping..
    Error retrieving player name for [STEAM_ID_STOP_IGNORING_]. skipping..


-------- September 4, 2022, 8:49 am --------

  Logged events:
    Error retrieving player name for [76561199046920118]. skipping..
    Error retrieving player image for RedRam [76561198376857682]. skipping..
    Error retrieving player image for Korzeiburg [76561198826514297]. skipping..
    Error retrieving player image for ★Thug-Life★ [76561197998177692]. skipping..
    Error retrieving player name for [76561199046920118]. skipping..
    Error retrieving player name for [76561199046920118]. skipping..
    Error retrieving player name for [STEAM_ID_STOP_IGNORING_]. skipping..


-------- September 4, 2022, 4:54 pm --------

  Logged events:
    Error retrieving player name for [76561199046920118]. skipping..
    Error retrieving player name for [76561198065478778]. skipping..
    Error retrieving player image for ★Thug-Life★ [76561197998177692]. skipping..
    Error retrieving player name for [76561199046920118]. skipping..
    Error retrieving player name for [76561199046920118]. skipping..
    Error retrieving player name for [STEAM_ID_STOP_IGNORING_]. skipping..


-------- September 5, 2022, 2:53 am --------

  Logged events:
    Error retrieving player name for [76561199046920118]. skipping..
    Error retrieving player image for ★Thug-Life★ [76561197998177692]. skipping..
    Error retrieving player name for [76561199046920118]. skipping..
    Error retrieving player name for [76561199046920118]. skipping..
    Error retrieving player name for [STEAM_ID_STOP_IGNORING_]. skipping..


-------- September 5, 2022, 8:51 am --------

  Logged events:
    Error retrieving player name for [76561199046920118]. skipping..
    Error retrieving player image for ★Thug-Life★ [76561197998177692]. skipping..
    Error retrieving player name for [76561199046920118]. skipping..
    Error retrieving player name for [76561199046920118]. skipping..
    Error retrieving player name for [STEAM_ID_STOP_IGNORING_]. skipping..


-------- September 5, 2022, 4:58 pm --------

  Logged events:
    Error retrieving player name for [76561199046920118]. skipping..
    Error retrieving player image for John Bender [76561198446698838]. skipping..
    Error retrieving player image for Илья [76561198843047672]. skipping..
    Error retrieving player image for ★Thug-Life★ [76561197998177692]. skipping..
    Error retrieving player name for [76561198853055650]. skipping..
    Error retrieving player name for [76561199046920118]. skipping..
    Error retrieving player name for [76561199046920118]. skipping..
    Error retrieving player name for [STEAM_ID_STOP_IGNORING_]. skipping..


-------- September 6, 2022, 2:58 am --------

  Logged events:
    Error retrieving player name for [76561199046920118]. skipping..
    Error retrieving player image for ★Thug-Life★ [76561197998177692]. skipping..
    Error retrieving player name for [76561199046920118]. skipping..
    Error retrieving player name for [76561199046920118]. skipping..
    Error retrieving player name for [STEAM_ID_STOP_IGNORING_]. skipping..


-------- September 6, 2022, 8:52 am --------

  Logged events:
    Error retrieving player name for [76561199046920118]. skipping..
    Error retrieving player name for [76561198035410824]. skipping..
    Error retrieving player image for ★Thug-Life★ [76561197998177692]. skipping..
    Error retrieving player name for [76561199046920118]. skipping..
    Error retrieving player name for [76561199046920118]. skipping..
    Error retrieving player name for [STEAM_ID_STOP_IGNORING_]. skipping..


-------- September 7, 2022, 2:52 am --------

  Logged events:
    Error retrieving player name for [76561199046920118]. skipping..
    Error retrieving player image for ★Thug-Life★ [76561197998177692]. skipping..
    Error retrieving player image for Chocolate Carrots [76561198349461317]. skipping..
    Error retrieving player name for [76561199046920118]. skipping..
    Error retrieving player name for [76561199046920118]. skipping..
    Error retrieving player name for [STEAM_ID_STOP_IGNORING_]. skipping..


-------- September 7, 2022, 8:50 am --------

  Logged events:
    Error retrieving player name for [76561199046920118]. skipping..
    Error retrieving player image for ★Thug-Life★ [76561197998177692]. skipping..
    Error retrieving player name for [76561199046920118]. skipping..
    Error retrieving player name for [76561199046920118]. skipping..
    Error retrieving player name for [STEAM_ID_STOP_IGNORING_]. skipping..


-------- September 7, 2022, 5:01 pm --------

  Logged events:
    Error retrieving player name for [76561199046920118]. skipping..
    Error retrieving player image for ★Thug-Life★ [76561197998177692]. skipping..
    Error retrieving player name for [76561199046920118]. skipping..
    Error retrieving player name for [76561199046920118]. skipping..
    Error retrieving player name for [STEAM_ID_STOP_IGNORING_]. skipping..


-------- September 8, 2022, 3:00 am --------

  Logged events:
    Error retrieving player name for [76561199046920118]. skipping..
    Error retrieving player image for ★Thug-Life★ [76561197998177692]. skipping..
    Error retrieving player image for Doofyttaf [76561198096025886]. skipping..
    Error retrieving player name for [76561199046920118]. skipping..
    Error retrieving player name for [76561199046920118]. skipping..
    Error retrieving player name for [STEAM_ID_STOP_IGNORING_]. skipping..


-------- September 8, 2022, 8:43 am --------

  Logged events:
    Error retrieving player name for [76561199046920118]. skipping..
    Error retrieving player image for ★Thug-Life★ [76561197998177692]. skipping..
    Error retrieving player name for [76561199046920118]. skipping..
    Error retrieving player name for [76561199046920118]. skipping..
    Error retrieving player name for [STEAM_ID_STOP_IGNORING_]. skipping..


-------- September 8, 2022, 4:55 pm --------

  Logged events:
    Error retrieving player name for [76561199046920118]. skipping..
    Error retrieving player image for Godofwelfare23 [76561199009091945]. skipping..
    Error retrieving player image for ★Thug-Life★ [76561197998177692]. skipping..
    Error retrieving player name for [76561199046920118]. skipping..
    Error retrieving player name for [76561199046920118]. skipping..
    Error retrieving player name for [STEAM_ID_STOP_IGNORING_]. skipping..


-------- September 9, 2022, 2:55 am --------

  Logged events:
    Error retrieving player name for [76561199046920118]. skipping..
    Error retrieving player image for ★Thug-Life★ [76561197998177692]. skipping..
    Error retrieving player name for [76561199046920118]. skipping..
    Error retrieving player name for [76561199209816755]. skipping..
    Error retrieving player name for [76561199046920118]. skipping..
    Error retrieving player name for [STEAM_ID_STOP_IGNORING_]. skipping..


-------- September 9, 2022, 8:48 am --------

  Logged events:
    Error retrieving player name for [76561199046920118]. skipping..
    Error retrieving player image for Malaki [76561198156307479]. skipping..
    Error retrieving player name for [76561198079582732]. skipping..
    Error retrieving player image for ★Thug-Life★ [76561197998177692]. skipping..
    Error retrieving player image for **Devtros** [76561198084833626]. skipping..
    Error retrieving player name for [76561199046920118]. skipping..
    Error retrieving player name for [76561199046920118]. skipping..
    Error retrieving player name for [STEAM_ID_STOP_IGNORING_]. skipping..


-------- September 9, 2022, 5:01 pm --------

  Logged events:
    Error retrieving player name for [76561199046920118]. skipping..
    Error retrieving player image for Makaveli [76561197971031644]. skipping..
    Error retrieving player image for ★Thug-Life★ [76561197998177692]. skipping..
    Error retrieving player name for [76561199046920118]. skipping..
    Error retrieving player image for PixxY [76561199083643055]. skipping..
    Error retrieving player name for [76561199046920118]. skipping..
    Error retrieving player name for [STEAM_ID_STOP_IGNORING_]. skipping..


-------- September 10, 2022, 2:52 am --------

  Logged events:
    Error retrieving player name for [76561199046920118]. skipping..
    Error retrieving player image for ★Thug-Life★ [76561197998177692]. skipping..
    Error retrieving player name for [76561199224979796]. skipping..
    Error retrieving player name for [76561198357791234]. skipping..
    Error retrieving player name for [76561199046920118]. skipping..
    Error retrieving player name for [76561199046920118]. skipping..
    Error retrieving player name for [STEAM_ID_STOP_IGNORING_]. skipping..


-------- September 10, 2022, 8:52 am --------

  Logged events:
    Error retrieving player name for [76561199046920118]. skipping..
    Error retrieving player image for KEN.W.OSARMA [76561198370694992]. skipping..
    Error retrieving player image for Mi-Allie [76561198114837892]. skipping..
    Error retrieving player image for ★Thug-Life★ [76561197998177692]. skipping..
    Error retrieving player name for [76561199046920118]. skipping..
    Error retrieving player name for [76561199046920118]. skipping..
    Error retrieving player name for [STEAM_ID_STOP_IGNORING_]. skipping..


-------- September 10, 2022, 4:54 pm --------

  Logged events:
    Error retrieving player name for [76561199046920118]. skipping..
    Error retrieving player image for ★Thug-Life★ [76561197998177692]. skipping..
    Error retrieving player name for [76561198862218560]. skipping..
    Error retrieving player name for [76561199046920118]. skipping..
    Error retrieving player name for [76561199046920118]. skipping..
    Error retrieving player name for [STEAM_ID_STOP_IGNORING_]. skipping..


-------- September 11, 2022, 2:55 am --------

  Logged events:
    Error retrieving player name for [76561199046920118]. skipping..
    Error retrieving player name for [76561198997423125]. skipping..
    Error retrieving player image for ★Thug-Life★ [76561197998177692]. skipping..
    Error retrieving player name for [76561198261896636]. skipping..
    Error retrieving player name for [76561199046920118]. skipping..
    Error retrieving player image for rd [76561198269436948]. skipping..
    Error retrieving player name for [76561199046920118]. skipping..
    Error retrieving player name for [STEAM_ID_STOP_IGNORING_]. skipping..


-------- September 11, 2022, 8:51 am --------

  Logged events:
    Error retrieving player name for [76561199046920118]. skipping..
    Error retrieving player image for ★Thug-Life★ [76561197998177692]. skipping..
    Error retrieving player name for [76561199046920118]. skipping..
    Error retrieving player name for [76561199046920118]. skipping..
    Error retrieving player name for [STEAM_ID_STOP_IGNORING_]. skipping..


-------- September 11, 2022, 4:58 pm --------

  Logged events:
    Error retrieving player name for [76561199046920118]. skipping..
    Error retrieving player image for hkl8 [76561199193113427]. skipping..
    Error retrieving player image for ★Thug-Life★ [76561197998177692]. skipping..
    Error retrieving player image for abbbie [76561198950367056]. skipping..
    Error retrieving player name for [76561199046920118]. skipping..
    Error retrieving player name for [76561199046920118]. skipping..
    Error retrieving player name for [STEAM_ID_STOP_IGNORING_]. skipping..


-------- September 12, 2022, 3:06 am --------

  Logged events:
    Error retrieving player name for [76561199046920118]. skipping..
    Error retrieving player image for TRiX [76561198897691784]. skipping..
    Error retrieving player image for ★Thug-Life★ [76561197998177692]. skipping..
    Error retrieving player name for [76561199046920118]. skipping..
    Error retrieving player name for [76561199046920118]. skipping..
    Error retrieving player name for [STEAM_ID_STOP_IGNORING_]. skipping..


-------- September 12, 2022, 8:47 am --------

  Logged events:
    Error retrieving player image for dcutbtw [76561199065670640]. skipping..
    Error retrieving player name for [76561199046920118]. skipping..
    Error retrieving player image for \\ A.N.N.A \\ [76561198053255092]. skipping..
    Error retrieving player image for ҟå𝓹ｓɛ𝓵 ⑵ [76561198797714355]. skipping..
    Error retrieving player image for ★Thug-Life★ [76561197998177692]. skipping..
    Error retrieving player name for [76561199046920118]. skipping..
    Error retrieving player name for [76561199046920118]. skipping..
    Error retrieving player name for [STEAM_ID_STOP_IGNORING_]. skipping..


-------- September 12, 2022, 5:01 pm --------

  Logged events:
    Error retrieving player name for [76561199194091160]. skipping..
    Error retrieving player name for [76561199046920118]. skipping..
    Error retrieving player name for [76561198271950040]. skipping..
    Error retrieving player image for ★Thug-Life★ [76561197998177692]. skipping..
    Error retrieving player name for [76561199046920118]. skipping..
    Error retrieving player name for [76561199046920118]. skipping..
    Error retrieving player name for [STEAM_ID_STOP_IGNORING_]. skipping..


-------- September 13, 2022, 2:56 am --------

  Logged events:
    Error retrieving player name for [76561199046920118]. skipping..
    Error retrieving player image for tareq [76561199350904982]. skipping..
    Error retrieving player name for [76561199036235583]. skipping..
    Error retrieving player image for ★Thug-Life★ [76561197998177692]. skipping..
    Error retrieving player name for [76561199046920118]. skipping..
    Error retrieving player name for [76561199046920118]. skipping..
    Error retrieving player name for [STEAM_ID_STOP_IGNORING_]. skipping..


-------- September 13, 2022, 8:58 am --------

  Logged events:
    Error retrieving player name for [76561199046920118]. skipping..
    Error retrieving player image for ★Thug-Life★ [76561197998177692]. skipping..
    Error retrieving player name for [76561199046920118]. skipping..
    Error retrieving player name for [76561199046920118]. skipping..
    Error retrieving player name for [STEAM_ID_STOP_IGNORING_]. skipping..


-------- September 13, 2022, 4:53 pm --------

  Logged events:
    Error retrieving player name for [76561199046920118]. skipping..
    Error retrieving player image for ★Thug-Life★ [76561197998177692]. skipping..
    Error retrieving player image for Dragon [76561198972878025]. skipping..
    Error retrieving player name for [76561199046920118]. skipping..
    Error retrieving player name for [76561199046920118]. skipping..
    Error retrieving player name for [STEAM_ID_STOP_IGNORING_]. skipping..
    Error retrieving player image for Zloy_4ebyrek [76561198972940713]. skipping..


-------- September 14, 2022, 2:52 am --------

  Logged events:
    Error retrieving player name for [76561199046920118]. skipping..
    Error retrieving player image for ★Thug-Life★ [76561197998177692]. skipping..
    Error retrieving player name for [76561199046920118]. skipping..
    Error retrieving player name for [76561199046920118]. skipping..
    Error retrieving player name for [STEAM_ID_STOP_IGNORING_]. skipping..


-------- September 14, 2022, 8:52 am --------

  Logged events:
    Error retrieving player name for [76561199046920118]. skipping..
    Error retrieving player image for elle [76561198436737304]. skipping..
    Error retrieving player image for ★Thug-Life★ [76561197998177692]. skipping..
    Error retrieving player name for [76561199046920118]. skipping..
    Error retrieving player name for [76561199046920118]. skipping..
    Error retrieving player name for [STEAM_ID_STOP_IGNORING_]. skipping..


-------- September 14, 2022, 5:01 pm --------

  Logged events:
    Error retrieving player name for [76561199046920118]. skipping..
    Error retrieving player image for ★Thug-Life★ [76561197998177692]. skipping..
    Error retrieving player name for [76561199006326953]. skipping..
    Error retrieving player name for [76561199046920118]. skipping..
    Error retrieving player name for [76561199046920118]. skipping..
    Error retrieving player name for [STEAM_ID_STOP_IGNORING_]. skipping..
    Error retrieving player image for Term010 [76561198094867782]. skipping..


-------- September 15, 2022, 3:03 am --------

  Logged events:
    Error retrieving player name for [76561199046920118]. skipping..
    Error retrieving player name for [76561198137782554]. skipping..
    Error retrieving player image for yunimimi9 [76561199033615131]. skipping..
    Error retrieving player image for ★Thug-Life★ [76561197998177692]. skipping..
    Error retrieving player name for [76561199046920118]. skipping..
    Error retrieving player name for [76561199046920118]. skipping..
    Error retrieving player name for [STEAM_ID_STOP_IGNORING_]. skipping..


-------- September 15, 2022, 8:54 am --------

  Logged events:
    Error retrieving player name for [76561199046920118]. skipping..
    Error retrieving player image for ★Thug-Life★ [76561197998177692]. skipping..
    Error retrieving player name for [76561199046920118]. skipping..
    Error retrieving player name for [76561199046920118]. skipping..
    Error retrieving player name for [STEAM_ID_STOP_IGNORING_]. skipping..


-------- September 15, 2022, 4:57 pm --------

  Logged events:
    Error retrieving player name for [76561199046920118]. skipping..
    Error retrieving player image for Я люблю травку [76561199208397526]. skipping..
    Error retrieving player image for ★Thug-Life★ [76561197998177692]. skipping..
    Error retrieving player name for [76561199046920118]. skipping..
    Error retrieving player image for chrisdubs [76561198842643518]. skipping..
    Error retrieving player name for [76561199046920118]. skipping..
    Error retrieving player name for [STEAM_ID_STOP_IGNORING_]. skipping..


-------- September 16, 2022, 8:53 am --------

  Logged events:
    Error retrieving player name for [76561199046920118]. skipping..
    Error retrieving player image for ★Thug-Life★ [76561197998177692]. skipping..
    Error retrieving player name for [76561198292540991]. skipping..
    Error retrieving player name for [76561199046920118]. skipping..
    Error retrieving player name for [76561199046920118]. skipping..
    Error retrieving player name for [STEAM_ID_STOP_IGNORING_]. skipping..


-------- September 17, 2022, 8:45 am --------

  Logged events:
    Error retrieving player name for [76561199046920118]. skipping..
    Error retrieving player image for Saika [76561198865062105]. skipping..
    Error retrieving player name for [76561198416058873]. skipping..
    Error retrieving player image for ★Thug-Life★ [76561197998177692]. skipping..
    Error retrieving player name for [76561199046920118]. skipping..
    Error retrieving player name for [76561199046920118]. skipping..
    Error retrieving player name for [STEAM_ID_STOP_IGNORING_]. skipping..


-------- September 17, 2022, 5:00 pm --------

  Logged events:
    Error retrieving player name for [76561199046920118]. skipping..
    Error retrieving player image for ★Thug-Life★ [76561197998177692]. skipping..
    Error retrieving player name for [76561199046920118]. skipping..
    Error retrieving player name for [76561199046920118]. skipping..
    Error retrieving player name for [STEAM_ID_STOP_IGNORING_]. skipping..


-------- September 18, 2022, 3:16 am --------

  Logged events:
    Error retrieving player name for [76561199046920118]. skipping..
    Error retrieving player image for ★Thug-Life★ [76561197998177692]. skipping..
    Error retrieving player name for [76561199046920118]. skipping..
    Error retrieving player name for [76561199046920118]. skipping..
    Error retrieving player name for [STEAM_ID_STOP_IGNORING_]. skipping..


-------- September 18, 2022, 8:53 am --------

  Logged events:
    Error retrieving player name for [76561199046920118]. skipping..
    Error retrieving player image for ★Thug-Life★ [76561197998177692]. skipping..
    Error retrieving player name for [76561199166202304]. skipping..
    Error retrieving player name for [76561199046920118]. skipping..
    Error retrieving player name for [76561199046920118]. skipping..
    Error retrieving player name for [STEAM_ID_STOP_IGNORING_]. skipping..


-------- September 19, 2022, 3:09 am --------

  Logged events:
    Error retrieving player name for [76561199046920118]. skipping..
    Error retrieving player name for [76561199009091945]. skipping..
    Error retrieving player image for ★Thug-Life★ [76561197998177692]. skipping..
    Error retrieving player name for [76561199046920118]. skipping..
    Error retrieving player name for [76561199046920118]. skipping..
    Error retrieving player name for [STEAM_ID_STOP_IGNORING_]. skipping..


-------- September 19, 2022, 9:00 am --------

  Logged events:
    Error retrieving player name for [76561199046920118]. skipping..
    Error retrieving player image for 76561198873643294 [76561198873643294]. skipping..
    Error retrieving player image for ★Thug-Life★ [76561197998177692]. skipping..
    Error retrieving player name for [76561199046920118]. skipping..
    Error retrieving player name for [76561199046920118]. skipping..
    Error retrieving player name for [STEAM_ID_STOP_IGNORING_]. skipping..


-------- September 19, 2022, 5:05 pm --------

  Logged events:
    Error retrieving player name for [76561199046920118]. skipping..
    Error retrieving player image for Clouded Vision [76561198249357908]. skipping..
    Error retrieving player image for ★Thug-Life★ [76561197998177692]. skipping..
    Error retrieving player name for [76561199046920118]. skipping..
    Error retrieving player name for [76561199046920118]. skipping..
    Error retrieving player name for [STEAM_ID_STOP_IGNORING_]. skipping..


-------- September 20, 2022, 2:56 am --------

  Logged events:
    Error retrieving player name for [76561199046920118]. skipping..
    Error retrieving player image for spade [76561199215337001]. skipping..
    Error retrieving player name for [76561198945634210]. skipping..
    Error retrieving player name for [76561198318841769]. skipping..
    Error retrieving player name for [76561197999623615]. skipping..
    Error retrieving player image for Visspia [76561198888003072]. skipping..
    Error retrieving player image for Skeletor [76561198054275169]. skipping..
    Error retrieving player image for Somnician [76561198135986445]. skipping..
    Error retrieving player image for SteVe [76561198035410824]. skipping..
    Error retrieving player image for Synchronized [76561199015100017]. skipping..
    Error retrieving player name for [76561197978347645]. skipping..
    Error retrieving player image for Trexdub [76561198014590323]. skipping..
    Error retrieving player name for [76561198897691784]. skipping..
    Error retrieving player name for [76561198417327423]. skipping..
    Error retrieving player name for [76561198353050316]. skipping..
    Error retrieving player name for [76561199111298525]. skipping..
    Error retrieving player image for Vico [76561199000549231]. skipping..
    Error retrieving player image for Wesley258 [76561198172313918]. skipping..
    Error retrieving player name for [76561198091559452]. skipping..
    Error retrieving player name for [76561199121029194]. skipping..
    Error retrieving player name for [76561199268170649]. skipping..
    Error retrieving player image for Abstraction [76561198393759477]. skipping..
    Error retrieving player name for [76561198054276000]. skipping..
    Error retrieving player image for Sonata [76561199036235583]. skipping..
    Error retrieving player image for agra.salim2001 [76561198930293077]. skipping..
    Error retrieving player image for Alexthesniper19 [76561198067307730]. skipping..
    Error retrieving player name for [76561198370462659]. skipping..
    Error retrieving player name for [76561198020502413]. skipping..
    Error retrieving player name for [76561198983264675]. skipping..
    Error retrieving player name for [76561199194418433]. skipping..
    Error retrieving player name for [76561197997128450]. skipping..
    Error retrieving player image for Bella [76561199043677534]. skipping..
    Error retrieving player name for [76561198066449397]. skipping..
    Error retrieving player name for [76561198836274533]. skipping..
    Error retrieving player name for [76561198311028519]. skipping..
    Error retrieving player name for [76561198079181777]. skipping..
    Error retrieving player name for [76561198114837892]. skipping..
    Error retrieving player image for ★Thug-Life★ [76561197998177692]. skipping..
    Error retrieving player image for Anonymous Spec Op [76561198094508190]. skipping..
    Error retrieving player image for Lord_Indefectible™ [76561198082086859]. skipping..
    Error retrieving player image for Toaster Gaming [76561199200072978]. skipping..
    Error retrieving player image for maral4ik [76561198095403623]. skipping..
    Error retrieving player image for MONEY2413098 [76561198004673548]. skipping..
    Error retrieving player name for [76561198875252688]. skipping..
    Error retrieving player image for noloquieres [76561198136399955]. skipping..
    Error retrieving player name for [76561198803962163]. skipping..
    Error retrieving player image for tasty.bz/free_skin $ [76561198193837737]. skipping..
    Error retrieving player image for redd [76561199128744775]. skipping..
    Error retrieving player image for RobiPuzzola [76561198116789685]. skipping..
    Error retrieving player image for rock [76561198369752735]. skipping..
    Error retrieving player image for ronald855 [76561199040595060]. skipping..
    Error retrieving player image for Yeetef [76561199125440854]. skipping..
    Error retrieving player name for [76561199225666113]. skipping..
    Error retrieving player image for swimmersm1 [76561199229168792]. skipping..
    Error retrieving player name for [76561198019437917]. skipping..
    Error retrieving player name for [76561199046920118]. skipping..
    Error retrieving player name for [76561199046920118]. skipping..
    Error retrieving player name for [76561198440005096]. skipping..
    Error retrieving player name for [STEAM_ID_STOP_IGNORING_]. skipping..

