
-------- May 27, 2021, 2:07 am --------

  Logged events:
    The following player aliases have been updated, table: 'OnLogAction_Logs':
		dustinsadaaa changed to dustin (row 3, column 'client_name')
		test changed to dustin (row 9, column 'target_name')
		asdasda changed to dustin (row 11, column 'client_name')
		dustinasda changed to dustin (row 11, column 'target_name')



-------- May 31, 2021, 2:39 am --------

  Logged events:
    The following player aliases have been updated, table: 'OnLogAction_Logs':
		Nick is my husband changed to Sweet Potato Pie (row 455, column 'target_name')
		Nick is my husband changed to Sweet Potato Pie (row 456, column 'target_name')
		Nick is my husband changed to Sweet Potato Pie (row 457, column 'target_name')
		Nick is my husband changed to Sweet Potato Pie (row 458, column 'target_name')
		Nick is my husband changed to Sweet Potato Pie (row 459, column 'target_name')
		Nick is my husband changed to Sweet Potato Pie (row 460, column 'target_name')
		Nick is my husband changed to Sweet Potato Pie (row 461, column 'target_name')
		Nick is my husband changed to Sweet Potato Pie (row 462, column 'target_name')
		Nick is my husband changed to Sweet Potato Pie (row 463, column 'target_name')
		Nick is my husband changed to Sweet Potato Pie (row 464, column 'target_name')
		Nick is my husband changed to Sweet Potato Pie (row 465, column 'target_name')
		Nick is my husband changed to Sweet Potato Pie (row 466, column 'target_name')
		Nick is my husband changed to Sweet Potato Pie (row 467, column 'target_name')
		Nick is my husband changed to Sweet Potato Pie (row 468, column 'target_name')
		Nick is my husband changed to Sweet Potato Pie (row 469, column 'target_name')
		Nick is my husband changed to Sweet Potato Pie (row 470, column 'target_name')
		Nick is my husband changed to Sweet Potato Pie (row 471, column 'target_name')
		Nick is my husband changed to Sweet Potato Pie (row 472, column 'target_name')
		Nick is my husband changed to Sweet Potato Pie (row 473, column 'target_name')
		Nick is my husband changed to Sweet Potato Pie (row 474, column 'target_name')
		Nick is my husband changed to Sweet Potato Pie (row 475, column 'target_name')
		Nick is my husband changed to Sweet Potato Pie (row 476, column 'target_name')
		Nick is my husband changed to Sweet Potato Pie (row 477, column 'target_name')
		Nick is my husband changed to Sweet Potato Pie (row 478, column 'target_name')
		Nick is my husband changed to Sweet Potato Pie (row 479, column 'target_name')
		Nick is my husband changed to Sweet Potato Pie (row 480, column 'target_name')
		Nick is my husband changed to Sweet Potato Pie (row 481, column 'target_name')
		Nick is my husband changed to Sweet Potato Pie (row 482, column 'target_name')
		Nick is my husband changed to Sweet Potato Pie (row 483, column 'target_name')
		Nick is my husband changed to Sweet Potato Pie (row 484, column 'target_name')
		Nick is my husband changed to Sweet Potato Pie (row 485, column 'target_name')
		Nick is my husband changed to Sweet Potato Pie (row 486, column 'target_name')
		Nick is my husband changed to Sweet Potato Pie (row 487, column 'target_name')
		Nick is my husband changed to Sweet Potato Pie (row 488, column 'target_name')
		Nick is my husband changed to Sweet Potato Pie (row 489, column 'target_name')
		Nick is my husband changed to Sweet Potato Pie (row 490, column 'target_name')
		Nick is my husband changed to Sweet Potato Pie (row 491, column 'target_name')
		Nick is my husband changed to Sweet Potato Pie (row 492, column 'target_name')
		Nick is my husband changed to Sweet Potato Pie (row 509, column 'target_name')
		Nick is my husband changed to Sweet Potato Pie (row 510, column 'target_name')
		Nick is my husband changed to Sweet Potato Pie (row 511, column 'target_name')
		Nick is my husband changed to Sweet Potato Pie (row 512, column 'target_name')
		Nick is my husband changed to Sweet Potato Pie (row 513, column 'target_name')
		Nick is my husband changed to Sweet Potato Pie (row 514, column 'target_name')
		Nick is my husband changed to Sweet Potato Pie (row 515, column 'target_name')
		Nick is my husband changed to Sweet Potato Pie (row 516, column 'target_name')
		Nick is my husband changed to Sweet Potato Pie (row 517, column 'target_name')
		Nick is my husband changed to Sweet Potato Pie (row 518, column 'target_name')
		Nick is my husband changed to Sweet Potato Pie (row 519, column 'target_name')
		Nick is my husband changed to Sweet Potato Pie (row 520, column 'target_name')
		Nick is my husband changed to Sweet Potato Pie (row 521, column 'target_name')
		Nick is my husband changed to Sweet Potato Pie (row 522, column 'target_name')
		Nick is my husband changed to Sweet Potato Pie (row 523, column 'target_name')
		Nick is my husband changed to Sweet Potato Pie (row 524, column 'target_name')
		Nick is my husband changed to Sweet Potato Pie (row 525, column 'target_name')
		Nick is my husband changed to Sweet Potato Pie (row 526, column 'target_name')
		Nick is my husband changed to Sweet Potato Pie (row 527, column 'target_name')
		Nick is my husband changed to Sweet Potato Pie (row 528, column 'target_name')
		Nick is my husband changed to Sweet Potato Pie (row 529, column 'target_name')
		Nick is my husband changed to Sweet Potato Pie (row 530, column 'target_name')
		Nick is my husband changed to Sweet Potato Pie (row 531, column 'target_name')
		Nick is my husband changed to Sweet Potato Pie (row 532, column 'target_name')
		Nick is my husband changed to Sweet Potato Pie (row 533, column 'target_name')
		Nick is my husband changed to Sweet Potato Pie (row 534, column 'target_name')
		Nick is my husband changed to Sweet Potato Pie (row 535, column 'target_name')
		Nick is my husband changed to Sweet Potato Pie (row 536, column 'target_name')
		Nick is my husband changed to Sweet Potato Pie (row 537, column 'target_name')
		Nick is my husband changed to Sweet Potato Pie (row 538, column 'target_name')
		Nick is my husband changed to Sweet Potato Pie (row 539, column 'target_name')
		Nick is my husband changed to Sweet Potato Pie (row 540, column 'target_name')
		Nick is my husband changed to Sweet Potato Pie (row 541, column 'target_name')
		Nick is my husband changed to Sweet Potato Pie (row 542, column 'target_name')


