
-------- December 1, 2021, 1:16 am --------

  Logged events:
    Error retrieving player image for  [76561199185319520]. skipping..
    Error retrieving player image for sk9el [76561198958878897]. skipping..
    Error retrieving player image for  [76561198379763019]. skipping..
    Error retrieving player image for  [76561198379763019]. skipping..


-------- December 1, 2021, 8:28 am --------

  Logged events:
    Error retrieving player image for  [76561199185319520]. skipping..
    Error retrieving player image for sk9el [76561198958878897]. skipping..
    Error retrieving player image for  [76561198379763019]. skipping..
    Error retrieving player image for  [76561198379763019]. skipping..


-------- December 1, 2021, 4:40 pm --------

  Logged events:
    Error retrieving player image for  [76561199185319520]. skipping..
    Error retrieving player image for sk9el [76561198958878897]. skipping..
    Error retrieving player image for  [76561198379763019]. skipping..
    Error retrieving player image for  [76561198379763019]. skipping..


-------- December 2, 2021, 1:13 am --------

  Logged events:
    Error retrieving player image for  [76561199185319520]. skipping..
    Error retrieving player image for sk9el [76561198958878897]. skipping..
    Error retrieving player image for  [76561198379763019]. skipping..
    Error retrieving player image for  [76561198379763019]. skipping..


-------- December 2, 2021, 8:32 am --------

  Logged events:
    Error retrieving player image for  [76561199185319520]. skipping..
    Error retrieving player image for sk9el [76561198958878897]. skipping..
    Error retrieving player image for  [76561198379763019]. skipping..
    Error retrieving player image for  [76561198379763019]. skipping..


-------- December 2, 2021, 4:36 pm --------

  Logged events:
    Error retrieving player image for  [76561199185319520]. skipping..
    Error retrieving player image for sk9el [76561198958878897]. skipping..
    Error retrieving player image for  [76561198379763019]. skipping..
    Error retrieving player image for  [76561198379763019]. skipping..


-------- December 3, 2021, 1:12 am --------

  Logged events:
    Error retrieving player image for  [76561199185319520]. skipping..
    Error retrieving player image for sk9el [76561198958878897]. skipping..
    Error retrieving player image for  [76561198379763019]. skipping..
    Error retrieving player image for  [76561198379763019]. skipping..


-------- December 3, 2021, 8:33 am --------

  Logged events:
    Error retrieving player image for  [76561199185319520]. skipping..
    Error retrieving player image for sk9el [76561198958878897]. skipping..
    Error retrieving player image for  [76561198379763019]. skipping..
    Error retrieving player image for  [76561198379763019]. skipping..


-------- December 3, 2021, 4:36 pm --------

  Logged events:
    Error retrieving player image for  [76561199185319520]. skipping..
    Error retrieving player image for sk9el [76561198958878897]. skipping..
    Error retrieving player image for  [76561198379763019]. skipping..
    Error retrieving player image for  [76561198379763019]. skipping..


-------- December 4, 2021, 1:10 am --------

  Logged events:
    Error retrieving player image for  [76561199185319520]. skipping..
    Error retrieving player image for sk9el [76561198958878897]. skipping..
    Error retrieving player image for  [76561198379763019]. skipping..
    Error retrieving player image for  [76561198379763019]. skipping..


-------- December 4, 2021, 8:28 am --------

  Logged events:
    Error retrieving player image for  [76561199185319520]. skipping..
    Error retrieving player image for sk9el [76561198958878897]. skipping..
    Error retrieving player image for  [76561198379763019]. skipping..
    Error retrieving player image for  [76561198379763019]. skipping..


-------- December 4, 2021, 4:35 pm --------

  Logged events:
    Error retrieving player image for  [76561199185319520]. skipping..
    Error retrieving player image for sk9el [76561198958878897]. skipping..
    Error retrieving player image for  [76561198379763019]. skipping..
    Error retrieving player image for  [76561198379763019]. skipping..


-------- December 5, 2021, 1:20 am --------

  Logged events:
    Error retrieving player image for  [76561199185319520]. skipping..
    Error retrieving player image for sk9el [76561198958878897]. skipping..
    Error retrieving player image for  [76561198379763019]. skipping..
    Error retrieving player image for  [76561198379763019]. skipping..


-------- December 5, 2021, 8:30 am --------

  Logged events:
    Error retrieving player image for  [76561199185319520]. skipping..
    Error retrieving player image for sk9el [76561198958878897]. skipping..
    Error retrieving player image for  [76561198379763019]. skipping..
    Error retrieving player image for  [76561198379763019]. skipping..


-------- December 5, 2021, 4:41 pm --------

  Logged events:
    Error retrieving player image for  [76561199185319520]. skipping..
    Error retrieving player image for sk9el [76561198958878897]. skipping..
    Error retrieving player image for  [76561198379763019]. skipping..
    Error retrieving player image for  [76561198379763019]. skipping..


-------- December 6, 2021, 1:14 am --------

  Logged events:
    Error retrieving player image for  [76561199185319520]. skipping..
    Error retrieving player image for sk9el [76561198958878897]. skipping..
    Error retrieving player image for  [76561198379763019]. skipping..
    Error retrieving player image for  [76561198379763019]. skipping..


-------- December 6, 2021, 8:28 am --------

  Logged events:
    Error retrieving player image for  [76561199185319520]. skipping..
    Error retrieving player image for sk9el [76561198958878897]. skipping..
    Error retrieving player image for  [76561198379763019]. skipping..
    Error retrieving player image for  [76561198379763019]. skipping..

