
-------- November 1, 2021, 1:11 am --------

  Logged events:
    Error retrieving player image for  [76561199185319520]. skipping..
    Error retrieving player image for sk9el [76561198958878897]. skipping..
    Error retrieving player image for  [76561198379763019]. skipping..
    Error retrieving player image for  [76561198379763019]. skipping..


-------- November 1, 2021, 8:27 am --------

  Logged events:
    Error retrieving player image for  [76561199185319520]. skipping..
    Error retrieving player image for sk9el [76561198958878897]. skipping..
    Error retrieving player image for  [76561198379763019]. skipping..
    Error retrieving player image for  [76561198379763019]. skipping..


-------- November 1, 2021, 4:36 pm --------

  Logged events:
    Error retrieving player image for  [76561199185319520]. skipping..
    Error retrieving player image for sk9el [76561198958878897]. skipping..
    Error retrieving player image for  [76561198379763019]. skipping..
    Error retrieving player image for  [76561198379763019]. skipping..


-------- November 2, 2021, 1:14 am --------

  Logged events:
    Error retrieving player image for  [76561199185319520]. skipping..
    Error retrieving player image for sk9el [76561198958878897]. skipping..
    Error retrieving player image for  [76561198379763019]. skipping..
    Error retrieving player image for  [76561198379763019]. skipping..


-------- November 2, 2021, 8:27 am --------

  Logged events:
    Error retrieving player image for  [76561199185319520]. skipping..
    Error retrieving player image for sk9el [76561198958878897]. skipping..
    Error retrieving player image for  [76561198379763019]. skipping..
    Error retrieving player image for  [76561198379763019]. skipping..


-------- November 2, 2021, 4:36 pm --------

  Logged events:
    Error retrieving player image for  [76561199185319520]. skipping..
    Error retrieving player image for sk9el [76561198958878897]. skipping..
    Error retrieving player image for  [76561198379763019]. skipping..
    Error retrieving player image for  [76561198379763019]. skipping..


-------- November 3, 2021, 1:10 am --------

  Logged events:
    Error retrieving player image for  [76561199185319520]. skipping..
    Error retrieving player image for sk9el [76561198958878897]. skipping..
    Error retrieving player image for  [76561198379763019]. skipping..
    Error retrieving player image for  [76561198379763019]. skipping..


-------- November 3, 2021, 8:30 am --------

  Logged events:
    Error retrieving player image for  [76561199185319520]. skipping..
    Error retrieving player image for sk9el [76561198958878897]. skipping..
    Error retrieving player image for  [76561198379763019]. skipping..
    Error retrieving player image for  [76561198379763019]. skipping..


-------- November 3, 2021, 4:38 pm --------

  Logged events:
    Error retrieving player image for  [76561199185319520]. skipping..
    Error retrieving player image for sk9el [76561198958878897]. skipping..
    Error retrieving player image for  [76561198379763019]. skipping..
    Error retrieving player image for  [76561198379763019]. skipping..


-------- November 4, 2021, 1:12 am --------

  Logged events:
    Error retrieving player image for  [76561199185319520]. skipping..
    Error retrieving player image for sk9el [76561198958878897]. skipping..
    Error retrieving player image for  [76561198379763019]. skipping..
    Error retrieving player image for  [76561198379763019]. skipping..


-------- November 4, 2021, 8:29 am --------

  Logged events:
    Error retrieving player image for  [76561199185319520]. skipping..
    Error retrieving player image for sk9el [76561198958878897]. skipping..
    Error retrieving player image for  [76561198379763019]. skipping..
    Error retrieving player image for  [76561198379763019]. skipping..


-------- November 4, 2021, 4:36 pm --------

  Logged events:
    Error retrieving player image for  [76561199185319520]. skipping..
    Error retrieving player image for sk9el [76561198958878897]. skipping..
    Error retrieving player image for  [76561198379763019]. skipping..
    Error retrieving player image for  [76561198379763019]. skipping..


-------- November 5, 2021, 1:12 am --------

  Logged events:
    Error retrieving player image for  [76561199185319520]. skipping..
    Error retrieving player image for sk9el [76561198958878897]. skipping..
    Error retrieving player image for  [76561198379763019]. skipping..
    Error retrieving player image for  [76561198379763019]. skipping..


-------- November 5, 2021, 8:30 am --------

  Logged events:
    Error retrieving player image for  [76561199185319520]. skipping..
    Error retrieving player image for sk9el [76561198958878897]. skipping..
    Error retrieving player image for  [76561198379763019]. skipping..
    Error retrieving player image for  [76561198379763019]. skipping..

