
-------- October 8, 2021, 8:29 am --------

  Logged events:
    Error retrieving player image for  [76561198000400799]. skipping..
    Error retrieving player image for Die Demon [76561198322387009]. skipping..


-------- October 17, 2021, 1:10 am --------

  Logged events:
    Error retrieving player image for  [76561198379763019]. skipping..
    Error retrieving player image for  [76561198379763019]. skipping..


-------- October 17, 2021, 8:28 am --------

  Logged events:
    Error retrieving player image for  [76561198379763019]. skipping..
    Error retrieving player image for  [76561198379763019]. skipping..


-------- October 17, 2021, 4:38 pm --------

  Logged events:
    Error retrieving player image for  [76561198379763019]. skipping..
    Error retrieving player image for  [76561198379763019]. skipping..


-------- October 18, 2021, 1:18 am --------

  Logged events:
    Error retrieving player image for  [76561199185319520]. skipping..
    Error retrieving player image for  [76561198379763019]. skipping..
    Error retrieving player image for  [76561198379763019]. skipping..


-------- October 18, 2021, 8:29 am --------

  Logged events:
    Error retrieving player image for  [76561199185319520]. skipping..
    Error retrieving player image for  [76561198379763019]. skipping..
    Error retrieving player image for  [76561198379763019]. skipping..


-------- October 18, 2021, 4:37 pm --------

  Logged events:
    Error retrieving player image for  [76561199185319520]. skipping..
    Error retrieving player image for  [76561198379763019]. skipping..
    Error retrieving player image for  [76561198379763019]. skipping..


-------- October 19, 2021, 1:15 am --------

  Logged events:
    Error retrieving player image for  [76561199185319520]. skipping..
    Error retrieving player image for  [76561198379763019]. skipping..
    Error retrieving player image for  [76561198379763019]. skipping..

