
-------- January 1, 2024, 1:59 am --------

  Errors:
    Call to steam API returned null. Steam probably down...


-------- January 1, 2024, 8:57 am --------

  Errors:
    Call to steam API returned null. Steam probably down...


-------- January 1, 2024, 4:45 pm --------

  Errors:
    Call to steam API returned null. Steam probably down...


-------- January 2, 2024, 1:51 am --------

  Errors:
    Call to steam API returned null. Steam probably down...


-------- January 2, 2024, 8:51 am --------

  Errors:
    Call to steam API returned null. Steam probably down...


-------- January 2, 2024, 4:54 pm --------

  Errors:
    Call to steam API returned null. Steam probably down...


-------- January 3, 2024, 1:43 am --------

  Errors:
    Call to steam API returned null. Steam probably down...


-------- January 3, 2024, 8:52 am --------

  Errors:
    Call to steam API returned null. Steam probably down...


-------- January 3, 2024, 4:45 pm --------

  Errors:
    Call to steam API returned null. Steam probably down...


-------- January 4, 2024, 1:43 am --------

  Errors:
    Call to steam API returned null. Steam probably down...


-------- January 4, 2024, 8:57 am --------

  Errors:
    Call to steam API returned null. Steam probably down...


-------- January 4, 2024, 4:59 pm --------

  Errors:
    Call to steam API returned null. Steam probably down...


-------- January 5, 2024, 1:51 am --------

  Errors:
    Call to steam API returned null. Steam probably down...


-------- January 5, 2024, 8:48 am --------

  Errors:
    Call to steam API returned null. Steam probably down...


-------- January 5, 2024, 4:47 pm --------

  Errors:
    Call to steam API returned null. Steam probably down...


-------- January 6, 2024, 1:47 am --------

  Errors:
    Call to steam API returned null. Steam probably down...


-------- January 6, 2024, 8:50 am --------

  Errors:
    Call to steam API returned null. Steam probably down...


-------- January 6, 2024, 4:48 pm --------

  Errors:
    Call to steam API returned null. Steam probably down...


-------- January 7, 2024, 1:59 am --------

  Errors:
    Call to steam API returned null. Steam probably down...


-------- January 7, 2024, 8:44 am --------

  Errors:
    Call to steam API returned null. Steam probably down...


-------- January 7, 2024, 4:51 pm --------

  Errors:
    Call to steam API returned null. Steam probably down...


-------- January 8, 2024, 1:49 am --------

  Errors:
    Call to steam API returned null. Steam probably down...


-------- January 8, 2024, 8:49 am --------

  Errors:
    Call to steam API returned null. Steam probably down...


-------- January 8, 2024, 4:56 pm --------

  Errors:
    Call to steam API returned null. Steam probably down...


-------- January 9, 2024, 1:48 am --------

  Errors:
    Call to steam API returned null. Steam probably down...


-------- January 9, 2024, 8:46 am --------

  Errors:
    Call to steam API returned null. Steam probably down...


-------- January 9, 2024, 4:49 pm --------

  Errors:
    Call to steam API returned null. Steam probably down...


-------- January 15, 2024, 8:50 am --------

  Errors:
    Call to steam API returned null. Steam probably down...


-------- January 16, 2024, 1:52 am --------

  Errors:
    Call to steam API returned null. Steam probably down...


-------- January 23, 2024, 1:56 am --------

  Errors:
    Call to steam API returned null. Steam probably down...


-------- January 23, 2024, 5:00 pm --------

  Errors:
    Call to steam API returned null. Steam probably down...


-------- January 28, 2024, 4:50 pm --------

  Errors:
    Call to steam API returned null. Steam probably down...
Function call: file_get_contents(https://api.steampowered.com/ISteamUser/GetPlayerSummaries/v0002/?key=6A6B7E630E661D802148791C4B254E0E&steamids=76561198080190727,76561198080528081,76561198080719459,76561198080748551,76561198080776508,76561198080964862,76561198081622889,76561198081745457,76561198082033229,76561198082086859,76561198082153973,76561198082404234,76561198082510525,76561198082688154,76561198083040552,76561198083816716,76561198083835782,76561198084318343,76561198084833626,76561198084902501,76561198085020815,76561198085145772,76561198085370638,76561198085401582,76561198085462698,76561198085534450,76561198085548987,76561198085587538,76561198085622944,76561198086011108,76561198086421226,76561198086527625,76561198086548121,76561198086587943,76561198086831641,76561198087094056,76561198087095224,76561198087470017,76561198087476075,76561198087488170,76561198087576975,76561198087713060,76561198087761397,76561198087889261,76561198088113157,76561198088201315,76561198088269159,76561198088294598,76561198088691007,76561198088846224,76561198088925052,76561198089153074,76561198089463603,76561198089697556,76561198089770332,76561198089947840,76561198090006286,76561198090221401,76561198090316152,76561198090392164,76561198090406202,76561198090986325,76561198091116227,76561198091322626,76561198091559452,76561198091988939,76561198092053966,76561198092631763,76561198092673993,76561198092705968,76561198093237089,76561198093284127,76561198093339886,76561198093639685,76561198093714585,76561198093898528,76561198094508190,76561198094867782,76561198095062845,76561198095403623,76561198095485298,76561198095596412,76561198095686871,76561198095958956,76561198096025886,76561198096087129,76561198096808194,76561198096891559,76561198096947785,76561198097062006,76561198097238343,76561198097426619,76561198097629652,76561198097700212,76561198097865584,76561198098171907,76561198098190660,76561198098267847,76561198099285010)

