
-------- October 7, 2024, 2:32 am --------

  Errors:
    Call to steam API returned null. Steam probably down...


-------- October 7, 2024, 9:04 am --------

  Errors:
    global_vars::PushValue(): Array key doesn't exist: 'steamIDs_gasconfigs_v2_logs'


-------- October 7, 2024, 9:04 am --------

  Errors:
    Call to steam API returned null. Steam probably down...


-------- October 7, 2024, 5:18 pm --------

  Errors:
    Call to steam API returned null. Steam probably down...


-------- October 8, 2024, 2:27 am --------

  Errors:
    Call to steam API returned null. Steam probably down...


-------- October 8, 2024, 9:20 am --------

  Errors:
    Call to steam API returned null. Steam probably down...


-------- October 15, 2024, 5:18 pm --------

  Errors:
    Call to steam API returned null. Steam probably down...


-------- October 19, 2024, 2:33 am --------

  Errors:
    Call to steam API returned null. Steam probably down...


-------- October 19, 2024, 5:16 pm --------

  Errors:
    Call to steam API returned null. Steam probably down...


-------- October 20, 2024, 2:26 am --------

  Errors:
    Call to steam API returned null. Steam probably down...


-------- October 20, 2024, 9:19 am --------

  Errors:
    Call to steam API returned null. Steam probably down...


-------- October 20, 2024, 5:02 pm --------

  Errors:
    Call to steam API returned null. Steam probably down...


-------- October 21, 2024, 2:37 am --------

  Errors:
    Call to steam API returned null. Steam probably down...

